Log file open, 03/19/21 15:26:31
LogInit: Display: Running engine for game: InvestigationTales
LogPlatformFile: Not using cached read wrapper
LogTaskGraph: Started task graph with 5 named threads and 11 total threads with 3 sets of task threads.
LogStats: Stats thread started at 0.335164
LogD3D11RHI: Loaded GFSDK_Aftermath_Lib.x64.dll
LogICUInternationalization: ICU TimeZone Detection - Raw Offset: +0:00, Platform Override: ''
LogPluginManager: Mounting plugin Paper2D
LogPluginManager: Mounting plugin AISupport
LogPluginManager: Mounting plugin LightPropagationVolume
LogPluginManager: Mounting plugin CameraShakePreviewer
LogPluginManager: Mounting plugin ActorLayerUtilities
LogPluginManager: Mounting plugin AnimationSharing
LogPluginManager: Mounting plugin CLionSourceCodeAccess
LogPluginManager: Mounting plugin CodeLiteSourceCodeAccess
LogPluginManager: Mounting plugin GitSourceControl
LogPluginManager: Mounting plugin KDevelopSourceCodeAccess
LogPluginManager: Mounting plugin NullSourceCodeAccess
LogPluginManager: Mounting plugin PerforceSourceControl
LogPluginManager: Mounting plugin PlasticSourceControl
LogPluginManager: Mounting plugin RiderSourceCodeAccess
LogPluginManager: Mounting plugin SubversionSourceControl
LogPluginManager: Mounting plugin UObjectPlugin
LogPluginManager: Mounting plugin VisualStudioCodeSourceCodeAccess
LogPluginManager: Mounting plugin VisualStudioSourceCodeAccess
LogPluginManager: Mounting plugin XCodeSourceCodeAccess
LogPluginManager: Mounting plugin AssetManagerEditor
LogPluginManager: Mounting plugin CryptoKeys
LogPluginManager: Mounting plugin CurveEditorTools
LogPluginManager: Mounting plugin DataValidation
LogPluginManager: Mounting plugin EditorScriptingUtilities
LogPluginManager: Mounting plugin FacialAnimation
LogPluginManager: Mounting plugin GameplayTagsEditor
LogPluginManager: Mounting plugin GeometryMode
LogPluginManager: Mounting plugin MacGraphicsSwitching
LogPluginManager: Mounting plugin MaterialAnalyzer
LogPluginManager: Mounting plugin MobileLauncherProfileWizard
LogPluginManager: Mounting plugin PluginBrowser
LogPluginManager: Mounting plugin SpeedTreeImporter
LogPluginManager: Mounting plugin DatasmithContent
LogPluginManager: Mounting plugin VariantManagerContent
LogPluginManager: Mounting plugin AlembicImporter
LogPluginManager: Mounting plugin AutomationUtils
LogPluginManager: Mounting plugin BackChannel
LogPluginManager: Mounting plugin ChaosCloth
LogPluginManager: Mounting plugin ChaosClothEditor
LogPluginManager: Mounting plugin ChaosEditor
LogPluginManager: Mounting plugin ChaosNiagara
LogPluginManager: Mounting plugin ChaosSolverPlugin
LogPluginManager: Mounting plugin CharacterAI
LogPluginManager: Mounting plugin GeometryCache
LogPluginManager: Mounting plugin GeometryCollectionPlugin
LogPluginManager: Mounting plugin GeometryProcessing
LogPluginManager: Mounting plugin PlanarCut
LogPluginManager: Mounting plugin PlatformCrypto
LogPluginManager: Mounting plugin ProxyLODPlugin
LogPluginManager: Mounting plugin SkeletalReduction
LogPluginManager: Mounting plugin Niagara
LogPluginManager: Mounting plugin MagicLeap
LogPluginManager: Mounting plugin MagicLeapLightEstimation
LogPluginManager: Mounting plugin MagicLeapMedia
LogPluginManager: Mounting plugin MagicLeapPassableWorld
LogPluginManager: Mounting plugin MLSDK
LogPluginManager: Mounting plugin AndroidMedia
LogPluginManager: Mounting plugin AvfMedia
LogPluginManager: Mounting plugin ImgMedia
LogPluginManager: Mounting plugin MediaCompositing
LogPluginManager: Mounting plugin MediaPlayerEditor
LogPluginManager: Mounting plugin WebMMedia
LogPluginManager: Mounting plugin WmfMedia
LogPluginManager: Mounting plugin MeshPainting
LogPluginManager: Mounting plugin TcpMessaging
LogPluginManager: Mounting plugin UdpMessaging
LogPluginManager: Mounting plugin ActorSequence
LogPluginManager: Mounting plugin LevelSequenceEditor
LogPluginManager: Mounting plugin MatineeToLevelSequence
LogPluginManager: Mounting plugin MovieRenderPipeline
LogPluginManager: Mounting plugin TemplateSequence
LogPluginManager: Mounting plugin NetcodeUnitTest
LogPluginManager: Mounting plugin NUTUnrealEngine4
LogPluginManager: Mounting plugin OnlineSubsystemGooglePlay
LogPluginManager: Mounting plugin OnlineSubsystemIOS
LogPluginManager: Mounting plugin OnlineSubsystem
LogPluginManager: Mounting plugin OnlineSubsystemNull
LogPluginManager: Mounting plugin OnlineSubsystemUtils
LogPluginManager: Mounting plugin LauncherChunkInstaller
LogPluginManager: Mounting plugin AndroidDeviceProfileSelector
LogPluginManager: Mounting plugin AndroidMoviePlayer
LogPluginManager: Mounting plugin AndroidPermission
LogPluginManager: Mounting plugin AppleImageUtils
LogPluginManager: Mounting plugin AppleMoviePlayer
LogPluginManager: Mounting plugin ArchVisCharacter
LogPluginManager: Mounting plugin AssetTags
LogPluginManager: Mounting plugin AudioCapture
LogPluginManager: Mounting plugin CableComponent
LogPluginManager: Mounting plugin CustomMeshComponent
LogPluginManager: Mounting plugin EditableMesh
LogPluginManager: Mounting plugin ExampleDeviceProfileSelector
LogPluginManager: Mounting plugin GoogleCloudMessaging
LogPluginManager: Mounting plugin GooglePAD
LogPluginManager: Mounting plugin IOSDeviceProfileSelector
LogPluginManager: Mounting plugin LinuxDeviceProfileSelector
LogPluginManager: Mounting plugin LocationServicesBPLibrary
LogPluginManager: Mounting plugin MobilePatchingUtils
LogPluginManager: Mounting plugin OculusVR
LogPluginManager: Mounting plugin PhysXVehicles
LogPluginManager: Mounting plugin PostSplashScreen
LogPluginManager: Mounting plugin ProceduralMeshComponent
LogPluginManager: Mounting plugin RuntimePhysXCooking
LogPluginManager: Mounting plugin SignificanceManager
LogPluginManager: Mounting plugin SoundFields
LogPluginManager: Mounting plugin SteamVR
LogPluginManager: Mounting plugin Synthesis
LogPluginManager: Mounting plugin WebMMoviePlayer
LogPluginManager: Mounting plugin WindowsMoviePlayer
LogPluginManager: Mounting plugin ScreenshotTools
LogInit: Using libcurl 7.55.1-DEV
LogInit:  - built for x86_64-pc-win32
LogInit:  - supports SSL with OpenSSL/1.1.1
LogInit:  - supports HTTP deflate (compression) using libz 1.2.8
LogInit:  - other features:
LogInit:      CURL_VERSION_SSL
LogInit:      CURL_VERSION_LIBZ
LogInit:      CURL_VERSION_IPV6
LogInit:      CURL_VERSION_ASYNCHDNS
LogInit:      CURL_VERSION_LARGEFILE
LogInit:      CURL_VERSION_IDN
LogInit:  CurlRequestOptions (configurable via config and command line):
LogInit:  - bVerifyPeer = true  - Libcurl will verify peer certificate
LogInit:  - bUseHttpProxy = false  - Libcurl will NOT use HTTP proxy
LogInit:  - bDontReuseConnections = false  - Libcurl will reuse connections
LogInit:  - MaxHostConnections = 16  - Libcurl will limit the number of connections to a host
LogInit:  - LocalHostAddr = Default
LogInit:  - BufferSize = 65536
LogOnline: OSS: Creating online subsystem instance for: NULL
LogInit: WinSock: version 1.1 (2.2), MaxSocks=32767, MaxUdp=65467
LogOnline: OSS: TryLoadSubsystemAndSetDefault: Loaded subsystem for module [NULL]
LogInit: Build: ++UE4+Release-4.25-CL-14469661
LogInit: Engine Version: 4.25.4-14469661+++UE4+Release-4.25
LogInit: Compatible Engine Version: 4.25.0-13144385+++UE4+Release-4.25
LogInit: Net CL: 13144385
LogInit: OS: Windows Server 2019 (Release 1809) (), CPU: Intel(R) Xeon(R) Platinum 8259CL CPU @ 2.50GHz, GPU: NVIDIA Tesla T4
LogInit: Compiled (64-bit): Oct 11 2020 08:10:49
LogInit: Compiled with Visual C++: 19.24.28315.00
LogInit: Build Configuration: Development
LogInit: Branch Name: ++UE4+Release-4.25
LogInit: Command Line: 
LogInit: Base Directory: C:/Program Files/Epic Games/UE_4.25/Engine/Binaries/Win64/
LogInit: Allocator: TBB
LogInit: Installed Engine Build: 1
LogDevObjectVersion: Number of dev versions registered: 26
LogDevObjectVersion:   Dev-Blueprints (B0D832E4-1F89-4F0D-ACCF-7EB736FD4AA2): 10
LogDevObjectVersion:   Dev-Build (E1C64328-A22C-4D53-A36C-8E866417BD8C): 0
LogDevObjectVersion:   Dev-Core (375EC13C-06E4-48FB-B500-84F0262A717E): 4
LogDevObjectVersion:   Dev-Editor (E4B068ED-F494-42E9-A231-DA0B2E46BB41): 38
LogDevObjectVersion:   Dev-Framework (CFFC743F-43B0-4480-9391-14DF171D2073): 37
LogDevObjectVersion:   Dev-Mobile (B02B49B5-BB20-44E9-A304-32B752E40360): 2
LogDevObjectVersion:   Dev-Networking (A4E4105C-59A1-49B5-A7C5-40C4547EDFEE): 0
LogDevObjectVersion:   Dev-Online (39C831C9-5AE6-47DC-9A44-9C173E1C8E7C): 0
LogDevObjectVersion:   Dev-Physics (78F01B33-EBEA-4F98-B9B4-84EACCB95AA2): 4
LogDevObjectVersion:   Dev-Platform (6631380F-2D4D-43E0-8009-CF276956A95A): 0
LogDevObjectVersion:   Dev-Rendering (12F88B9F-8875-4AFC-A67C-D90C383ABD29): 43
LogDevObjectVersion:   Dev-Sequencer (7B5AE74C-D270-4C10-A958-57980B212A5A): 12
LogDevObjectVersion:   Dev-VR (D7296918-1DD6-4BDD-9DE2-64A83CC13884): 3
LogDevObjectVersion:   Dev-LoadTimes (C2A15278-BFE7-4AFE-6C17-90FF531DF755): 1
LogDevObjectVersion:   Private-Geometry (6EACA3D4-40EC-4CC1-B786-8BED09428FC5): 3
LogDevObjectVersion:   Dev-AnimPhys (29E575DD-E0A3-4627-9D10-D276232CDCEA): 17
LogDevObjectVersion:   Dev-Anim (AF43A65D-7FD3-4947-9873-3E8ED9C1BB05): 7
LogDevObjectVersion:   Dev-ReflectionCapture (6B266CEC-1EC7-4B8F-A30B-E4D90942FC07): 1
LogDevObjectVersion:   Dev-Automation (0DF73D61-A23F-47EA-B727-89E90C41499A): 1
LogDevObjectVersion:   FortniteMain (601D1886-AC64-4F84-AA16-D3DE0DEAC7D6): 31
LogDevObjectVersion:   Dev-Enterprise (9DFFBCD6-494F-0158-E221-12823C92A888): 10
LogDevObjectVersion:   Dev-Niagara (F2AED0AC-9AFE-416F-8664-AA7FFA26D6FC): 1
LogDevObjectVersion:   Dev-Destruction (174F1F0B-B4C6-45A5-B13F-2EE8D0FB917D): 10
LogDevObjectVersion:   Dev-Physics-Ext (35F94A83-E258-406C-A318-09F59610247C): 37
LogDevObjectVersion:   Dev-PhysicsMaterial-Chaos (B68FC16E-8B1B-42E2-B453-215C058844FE): 1
LogDevObjectVersion:   Dev-CineCamera (B2E18506-4273-CFC2-A54E-F4BB758BBA07): 1
LogInit: Presizing for max 25165824 objects, including 0 objects not considered by GC, pre-allocating 0 bytes for permanent pool.
LogConfig: Applying CVar settings from Section [/Script/Engine.StreamingSettings] File [C:/Users/Administrator/Documents/Unreal Projects/InvestigationTales/Saved/Config/Windows/Engine.ini]
LogConfig: Setting CVar [[s.MinBulkDataSizeForAsyncLoading:131072]]
LogConfig: Setting CVar [[s.AsyncLoadingThreadEnabled:0]]
LogConfig: Setting CVar [[s.EventDrivenLoaderEnabled:1]]
LogConfig: Setting CVar [[s.WarnIfTimeLimitExceeded:0]]
LogConfig: Setting CVar [[s.TimeLimitExceededMultiplier:1.5]]
LogConfig: Setting CVar [[s.TimeLimitExceededMinTime:0.005]]
LogConfig: Setting CVar [[s.UseBackgroundLevelStreaming:1]]
LogConfig: Setting CVar [[s.PriorityAsyncLoadingExtraTime:15.0]]
LogConfig: Setting CVar [[s.LevelStreamingActorsUpdateTimeLimit:5.0]]
LogConfig: Setting CVar [[s.PriorityLevelStreamingActorsUpdateExtraTime:5.0]]
LogConfig: Setting CVar [[s.LevelStreamingComponentsRegistrationGranularity:10]]
LogConfig: Setting CVar [[s.UnregisterComponentsTimeLimit:1.0]]
LogConfig: Setting CVar [[s.LevelStreamingComponentsUnregistrationGranularity:5]]
LogConfig: Setting CVar [[s.FlushStreamingOnExit:1]]
LogInit: Object subsystem initialized
LogConfig: Setting CVar [[con.DebugEarlyDefault:1]]
LogConfig: Setting CVar [[r.setres:1280x720]]
[2021.03.19-15.26.32:010][  0]LogConfig: Setting CVar [[r.VSync:0]]
[2021.03.19-15.26.32:010][  0]LogConfig: Setting CVar [[r.RHICmdBypass:0]]
[2021.03.19-15.26.32:010][  0]LogConfig: Applying CVar settings from Section [/Script/Engine.RendererSettings] File [C:/Users/Administrator/Documents/Unreal Projects/InvestigationTales/Saved/Config/Windows/Engine.ini]
[2021.03.19-15.26.32:010][  0]LogConfig: Setting CVar [[r.GPUCrashDebugging:0]]
[2021.03.19-15.26.32:010][  0]LogConfig: Applying CVar settings from Section [/Script/Engine.RendererOverrideSettings] File [C:/Users/Administrator/Documents/Unreal Projects/InvestigationTales/Saved/Config/Windows/Engine.ini]
[2021.03.19-15.26.32:010][  0]LogConfig: Applying CVar settings from Section [/Script/Engine.StreamingSettings] File [C:/Users/Administrator/Documents/Unreal Projects/InvestigationTales/Saved/Config/Windows/Engine.ini]
[2021.03.19-15.26.32:010][  0]LogConfig: Setting CVar [[s.MinBulkDataSizeForAsyncLoading:131072]]
[2021.03.19-15.26.32:010][  0]LogConfig: Setting CVar [[s.AsyncLoadingThreadEnabled:0]]
[2021.03.19-15.26.32:010][  0]LogConfig: Setting CVar [[s.EventDrivenLoaderEnabled:1]]
[2021.03.19-15.26.32:010][  0]LogConfig: Setting CVar [[s.WarnIfTimeLimitExceeded:0]]
[2021.03.19-15.26.32:010][  0]LogConfig: Setting CVar [[s.TimeLimitExceededMultiplier:1.5]]
[2021.03.19-15.26.32:010][  0]LogConfig: Setting CVar [[s.TimeLimitExceededMinTime:0.005]]
[2021.03.19-15.26.32:010][  0]LogConfig: Setting CVar [[s.UseBackgroundLevelStreaming:1]]
[2021.03.19-15.26.32:010][  0]LogConfig: Setting CVar [[s.PriorityAsyncLoadingExtraTime:15.0]]
[2021.03.19-15.26.32:010][  0]LogConfig: Setting CVar [[s.LevelStreamingActorsUpdateTimeLimit:5.0]]
[2021.03.19-15.26.32:010][  0]LogConfig: Setting CVar [[s.PriorityLevelStreamingActorsUpdateExtraTime:5.0]]
[2021.03.19-15.26.32:010][  0]LogConfig: Setting CVar [[s.LevelStreamingComponentsRegistrationGranularity:10]]
[2021.03.19-15.26.32:010][  0]LogConfig: Setting CVar [[s.UnregisterComponentsTimeLimit:1.0]]
[2021.03.19-15.26.32:010][  0]LogConfig: Setting CVar [[s.LevelStreamingComponentsUnregistrationGranularity:5]]
[2021.03.19-15.26.32:010][  0]LogConfig: Setting CVar [[s.FlushStreamingOnExit:1]]
[2021.03.19-15.26.32:010][  0]LogConfig: Applying CVar settings from Section [/Script/Engine.GarbageCollectionSettings] File [C:/Users/Administrator/Documents/Unreal Projects/InvestigationTales/Saved/Config/Windows/Engine.ini]
[2021.03.19-15.26.32:010][  0]LogConfig: Setting CVar [[gc.MaxObjectsNotConsideredByGC:1]]
[2021.03.19-15.26.32:010][  0]LogConfig: Setting CVar [[gc.SizeOfPermanentObjectPool:0]]
[2021.03.19-15.26.32:011][  0]LogConfig: Setting CVar [[gc.FlushStreamingOnGC:0]]
[2021.03.19-15.26.32:011][  0]LogConfig: Setting CVar [[gc.NumRetriesBeforeForcingGC:10]]
[2021.03.19-15.26.32:011][  0]LogConfig: Setting CVar [[gc.AllowParallelGC:1]]
[2021.03.19-15.26.32:011][  0]LogConfig: Setting CVar [[gc.TimeBetweenPurgingPendingKillObjects:61.1]]
[2021.03.19-15.26.32:011][  0]LogConfig: Setting CVar [[gc.MaxObjectsInEditor:25165824]]
[2021.03.19-15.26.32:011][  0]LogConfig: Setting CVar [[gc.IncrementalBeginDestroyEnabled:1]]
[2021.03.19-15.26.32:011][  0]LogConfig: Setting CVar [[gc.CreateGCClusters:1]]
[2021.03.19-15.26.32:011][  0]LogConfig: Setting CVar [[gc.MinGCClusterSize:5]]
[2021.03.19-15.26.32:011][  0]LogConfig: Setting CVar [[gc.ActorClusteringEnabled:0]]
[2021.03.19-15.26.32:011][  0]LogConfig: Setting CVar [[gc.BlueprintClusteringEnabled:0]]
[2021.03.19-15.26.32:011][  0]LogConfig: Setting CVar [[gc.UseDisregardForGCOnDedicatedServers:0]]
[2021.03.19-15.26.32:011][  0]LogConfig: Applying CVar settings from Section [/Script/Engine.NetworkSettings] File [C:/Users/Administrator/Documents/Unreal Projects/InvestigationTales/Saved/Config/Windows/Engine.ini]
[2021.03.19-15.26.32:011][  0]LogConfig: Applying CVar settings from Section [/Script/UnrealEd.CookerSettings] File [C:/Users/Administrator/Documents/Unreal Projects/InvestigationTales/Saved/Config/Windows/Engine.ini]
[2021.03.19-15.26.32:014][  0]LogConfig: Applying CVar settings from Section [ViewDistanceQuality@3] File [C:/Users/Administrator/Documents/Unreal Projects/InvestigationTales/Saved/Config/Windows/Scalability.ini]
[2021.03.19-15.26.32:014][  0]LogConfig: Setting CVar [[r.SkeletalMeshLODBias:0]]
[2021.03.19-15.26.32:014][  0]LogConfig: Setting CVar [[r.ViewDistanceScale:1.0]]
[2021.03.19-15.26.32:014][  0]LogConfig: Applying CVar settings from Section [AntiAliasingQuality@3] File [C:/Users/Administrator/Documents/Unreal Projects/InvestigationTales/Saved/Config/Windows/Scalability.ini]
[2021.03.19-15.26.32:014][  0]LogConfig: Setting CVar [[r.PostProcessAAQuality:4]]
[2021.03.19-15.26.32:014][  0]LogConfig: Applying CVar settings from Section [ShadowQuality@3] File [C:/Users/Administrator/Documents/Unreal Projects/InvestigationTales/Saved/Config/Windows/Scalability.ini]
[2021.03.19-15.26.32:014][  0]LogConfig: Setting CVar [[r.LightFunctionQuality:1]]
[2021.03.19-15.26.32:014][  0]LogConfig: Setting CVar [[r.ShadowQuality:5]]
[2021.03.19-15.26.32:014][  0]LogConfig: Setting CVar [[r.Shadow.CSM.MaxCascades:10]]
[2021.03.19-15.26.32:014][  0]LogConfig: Setting CVar [[r.Shadow.MaxResolution:2048]]
[2021.03.19-15.26.32:014][  0]LogConfig: Setting CVar [[r.Shadow.MaxCSMResolution:2048]]
[2021.03.19-15.26.32:015][  0]LogConfig: Setting CVar [[r.Shadow.RadiusThreshold:0.01]]
[2021.03.19-15.26.32:015][  0]LogConfig: Setting CVar [[r.Shadow.DistanceScale:1.0]]
[2021.03.19-15.26.32:015][  0]LogConfig: Setting CVar [[r.Shadow.CSM.TransitionScale:1.0]]
[2021.03.19-15.26.32:015][  0]LogConfig: Setting CVar [[r.Shadow.PreShadowResolutionFactor:1.0]]
[2021.03.19-15.26.32:015][  0]LogConfig: Setting CVar [[r.DistanceFieldShadowing:1]]
[2021.03.19-15.26.32:015][  0]LogConfig: Setting CVar [[r.DistanceFieldAO:1]]
[2021.03.19-15.26.32:015][  0]LogConfig: Setting CVar [[r.AOQuality:2]]
[2021.03.19-15.26.32:015][  0]LogConfig: Setting CVar [[r.VolumetricFog:1]]
[2021.03.19-15.26.32:015][  0]LogConfig: Setting CVar [[r.VolumetricFog.GridPixelSize:8]]
[2021.03.19-15.26.32:015][  0]LogConfig: Setting CVar [[r.VolumetricFog.GridSizeZ:128]]
[2021.03.19-15.26.32:015][  0]LogConfig: Setting CVar [[r.VolumetricFog.HistoryMissSupersampleCount:4]]
[2021.03.19-15.26.32:015][  0]LogConfig: Setting CVar [[r.LightMaxDrawDistanceScale:1]]
[2021.03.19-15.26.32:015][  0]LogConfig: Setting CVar [[r.CapsuleShadows:1]]
[2021.03.19-15.26.32:015][  0]LogConfig: Applying CVar settings from Section [PostProcessQuality@3] File [C:/Users/Administrator/Documents/Unreal Projects/InvestigationTales/Saved/Config/Windows/Scalability.ini]
[2021.03.19-15.26.32:015][  0]LogConfig: Setting CVar [[r.MotionBlurQuality:4]]
[2021.03.19-15.26.32:015][  0]LogConfig: Setting CVar [[r.AmbientOcclusionMipLevelFactor:0.4]]
[2021.03.19-15.26.32:015][  0]LogConfig: Setting CVar [[r.AmbientOcclusionMaxQuality:100]]
[2021.03.19-15.26.32:015][  0]LogConfig: Setting CVar [[r.AmbientOcclusionLevels:-1]]
[2021.03.19-15.26.32:015][  0]LogConfig: Setting CVar [[r.AmbientOcclusionRadiusScale:1.0]]
[2021.03.19-15.26.32:015][  0]LogConfig: Setting CVar [[r.DepthOfFieldQuality:2]]
[2021.03.19-15.26.32:015][  0]LogConfig: Setting CVar [[r.RenderTargetPoolMin:400]]
[2021.03.19-15.26.32:015][  0]LogConfig: Setting CVar [[r.LensFlareQuality:2]]
[2021.03.19-15.26.32:015][  0]LogConfig: Setting CVar [[r.SceneColorFringeQuality:1]]
[2021.03.19-15.26.32:015][  0]LogConfig: Setting CVar [[r.EyeAdaptationQuality:2]]
[2021.03.19-15.26.32:015][  0]LogConfig: Setting CVar [[r.BloomQuality:5]]
[2021.03.19-15.26.32:015][  0]LogConfig: Setting CVar [[r.FastBlurThreshold:100]]
[2021.03.19-15.26.32:015][  0]LogConfig: Setting CVar [[r.Upscale.Quality:3]]
[2021.03.19-15.26.32:015][  0]LogConfig: Setting CVar [[r.Tonemapper.GrainQuantization:1]]
[2021.03.19-15.26.32:015][  0]LogConfig: Setting CVar [[r.LightShaftQuality:1]]
[2021.03.19-15.26.32:015][  0]LogConfig: Setting CVar [[r.Filter.SizeScale:1]]
[2021.03.19-15.26.32:015][  0]LogConfig: Setting CVar [[r.Tonemapper.Quality:5]]
[2021.03.19-15.26.32:015][  0]LogConfig: Setting CVar [[r.DOF.Gather.AccumulatorQuality:1        ; higher gathering accumulator quality]]
[2021.03.19-15.26.32:015][  0]LogConfig: Setting CVar [[r.DOF.Gather.PostfilterMethod:1          ; Median3x3 postfilering method]]
[2021.03.19-15.26.32:015][  0]LogConfig: Setting CVar [[r.DOF.Gather.EnableBokehSettings:0       ; no bokeh simulation when gathering]]
[2021.03.19-15.26.32:015][  0]LogConfig: Setting CVar [[r.DOF.Gather.RingCount:4                 ; medium number of samples when gathering]]
[2021.03.19-15.26.32:015][  0]LogConfig: Setting CVar [[r.DOF.Scatter.ForegroundCompositing:1    ; additive foreground scattering]]
[2021.03.19-15.26.32:015][  0]LogConfig: Setting CVar [[r.DOF.Scatter.BackgroundCompositing:2    ; additive background scattering]]
[2021.03.19-15.26.32:015][  0]LogConfig: Setting CVar [[r.DOF.Scatter.EnableBokehSettings:1      ; bokeh simulation when scattering]]
[2021.03.19-15.26.32:015][  0]LogConfig: Setting CVar [[r.DOF.Scatter.MaxSpriteRatio:0.1         ; only a maximum of 10% of scattered bokeh]]
[2021.03.19-15.26.32:015][  0]LogConfig: Setting CVar [[r.DOF.Recombine.Quality:1                ; cheap slight out of focus]]
[2021.03.19-15.26.32:015][  0]LogConfig: Setting CVar [[r.DOF.Recombine.EnableBokehSettings:0    ; no bokeh simulation on slight out of focus]]
[2021.03.19-15.26.32:015][  0]LogConfig: Setting CVar [[r.DOF.TemporalAAQuality:1                ; more stable temporal accumulation]]
[2021.03.19-15.26.32:015][  0]LogConfig: Setting CVar [[r.DOF.Kernel.MaxForegroundRadius:0.025]]
[2021.03.19-15.26.32:015][  0]LogConfig: Setting CVar [[r.DOF.Kernel.MaxBackgroundRadius:0.025]]
[2021.03.19-15.26.32:015][  0]LogConfig: Applying CVar settings from Section [TextureQuality@3] File [C:/Users/Administrator/Documents/Unreal Projects/InvestigationTales/Saved/Config/Windows/Scalability.ini]
[2021.03.19-15.26.32:015][  0]LogConfig: Setting CVar [[r.Streaming.MipBias:0]]
[2021.03.19-15.26.32:015][  0]LogConfig: Setting CVar [[r.Streaming.AmortizeCPUToGPUCopy:0]]
[2021.03.19-15.26.32:015][  0]LogConfig: Setting CVar [[r.Streaming.MaxNumTexturesToStreamPerFrame:0]]
[2021.03.19-15.26.32:016][  0]LogConfig: Setting CVar [[r.Streaming.Boost:1]]
[2021.03.19-15.26.32:016][  0]LogConfig: Setting CVar [[r.MaxAnisotropy:8]]
[2021.03.19-15.26.32:016][  0]LogConfig: Setting CVar [[r.VT.MaxAnisotropy:8]]
[2021.03.19-15.26.32:016][  0]LogConfig: Setting CVar [[r.Streaming.LimitPoolSizeToVRAM:0]]
[2021.03.19-15.26.32:016][  0]LogConfig: Setting CVar [[r.Streaming.PoolSize:1000]]
[2021.03.19-15.26.32:016][  0]LogConfig: Setting CVar [[r.Streaming.MaxEffectiveScreenSize:0]]
[2021.03.19-15.26.32:016][  0]LogConfig: Applying CVar settings from Section [EffectsQuality@3] File [C:/Users/Administrator/Documents/Unreal Projects/InvestigationTales/Saved/Config/Windows/Scalability.ini]
[2021.03.19-15.26.32:016][  0]LogConfig: Setting CVar [[r.TranslucencyLightingVolumeDim:64]]
[2021.03.19-15.26.32:016][  0]LogConfig: Setting CVar [[r.RefractionQuality:2]]
[2021.03.19-15.26.32:016][  0]LogConfig: Setting CVar [[r.SSR.Quality:3]]
[2021.03.19-15.26.32:016][  0]LogConfig: Setting CVar [[r.SSR.HalfResSceneColor:0]]
[2021.03.19-15.26.32:016][  0]LogConfig: Setting CVar [[r.SceneColorFormat:4]]
[2021.03.19-15.26.32:016][  0]LogConfig: Setting CVar [[r.DetailMode:2]]
[2021.03.19-15.26.32:016][  0]LogConfig: Setting CVar [[r.TranslucencyVolumeBlur:1]]
[2021.03.19-15.26.32:016][  0]LogConfig: Setting CVar [[r.MaterialQualityLevel:1 ; High quality]]
[2021.03.19-15.26.32:016][  0]LogConfig: Setting CVar [[r.SSS.Scale:1]]
[2021.03.19-15.26.32:016][  0]LogConfig: Setting CVar [[r.SSS.SampleSet:2]]
[2021.03.19-15.26.32:016][  0]LogConfig: Setting CVar [[r.SSS.Quality:1]]
[2021.03.19-15.26.32:016][  0]LogConfig: Setting CVar [[r.SSS.HalfRes:0]]
[2021.03.19-15.26.32:016][  0]LogConfig: Setting CVar [[r.SSGI.Quality:3]]
[2021.03.19-15.26.32:016][  0]LogConfig: Setting CVar [[r.EmitterSpawnRateScale:1.0]]
[2021.03.19-15.26.32:016][  0]LogConfig: Setting CVar [[r.ParticleLightQuality:2]]
[2021.03.19-15.26.32:016][  0]LogConfig: Setting CVar [[r.SkyAtmosphere.AerialPerspectiveLUT.FastApplyOnOpaque:1 ; Always have FastSkyLUT 1 in this case to avoid wrong sky]]
[2021.03.19-15.26.32:016][  0]LogConfig: Setting CVar [[r.SkyAtmosphere.AerialPerspectiveLUT.SampleCountPerSlice:1]]
[2021.03.19-15.26.32:016][  0]LogConfig: Setting CVar [[r.SkyAtmosphere.AerialPerspectiveLUT.DepthResolution:16.0]]
[2021.03.19-15.26.32:016][  0]LogConfig: Setting CVar [[r.SkyAtmosphere.FastSkyLUT:1]]
[2021.03.19-15.26.32:016][  0]LogConfig: Setting CVar [[r.SkyAtmosphere.FastSkyLUT.SampleCountMin:4.0]]
[2021.03.19-15.26.32:016][  0]LogConfig: Setting CVar [[r.SkyAtmosphere.FastSkyLUT.SampleCountMax:32.0]]
[2021.03.19-15.26.32:016][  0]LogConfig: Setting CVar [[r.SkyAtmosphere.SampleCountMin:4.0]]
[2021.03.19-15.26.32:016][  0]LogConfig: Setting CVar [[r.SkyAtmosphere.SampleCountMax:32.0]]
[2021.03.19-15.26.32:016][  0]LogConfig: Setting CVar [[r.SkyAtmosphere.TransmittanceLUT.UseSmallFormat:0]]
[2021.03.19-15.26.32:016][  0]LogConfig: Setting CVar [[r.SkyAtmosphere.TransmittanceLUT.SampleCount:10.0]]
[2021.03.19-15.26.32:016][  0]LogConfig: Setting CVar [[r.SkyAtmosphere.MultiScatteringLUT.SampleCount:15.0]]
[2021.03.19-15.26.32:016][  0]LogConfig: Applying CVar settings from Section [FoliageQuality@3] File [C:/Users/Administrator/Documents/Unreal Projects/InvestigationTales/Saved/Config/Windows/Scalability.ini]
[2021.03.19-15.26.32:016][  0]LogConfig: Setting CVar [[foliage.DensityScale:1.0]]
[2021.03.19-15.26.32:016][  0]LogConfig: Setting CVar [[grass.DensityScale:1.0]]
[2021.03.19-15.26.32:016][  0]LogConfig: Applying CVar settings from Section [ShadingQuality@3] File [C:/Users/Administrator/Documents/Unreal Projects/InvestigationTales/Saved/Config/Windows/Scalability.ini]
[2021.03.19-15.26.32:016][  0]LogConfig: Setting CVar [[r.HairStrands.SkyLighting.SampleCount:16]]
[2021.03.19-15.26.32:016][  0]LogConfig: Setting CVar [[r.HairStrands.SkyLighting.JitterIntegration:0]]
[2021.03.19-15.26.32:016][  0]LogConfig: Setting CVar [[r.HairStrands.SkyAO.SampleCount:16]]
[2021.03.19-15.26.32:016][  0]LogConfig: Setting CVar [[r.HairStrands.DeepShadow.SuperSampling:0]]
[2021.03.19-15.26.32:016][  0]LogConfig: Setting CVar [[r.HairStrands.VisibilityPPLL:0]]
[2021.03.19-15.26.32:016][  0]LogConfig: Setting CVar [[r.HairStrands.RasterizationScale:0.5]]
[2021.03.19-15.26.32:016][  0]LogConfig: Setting CVar [[r.HairStrands.VelocityRasterizationScale:1]]
[2021.03.19-15.26.32:017][  0]LogInit: Selected Device Profile: [Windows]
[2021.03.19-15.26.32:017][  0]LogInit: Applying CVar settings loaded from the selected device profile: [Windows]
[2021.03.19-15.26.32:017][  0]LogHAL: Display: Platform has ~ 16 GB [16864866304 / 17179869184 / 16], which maps to Larger [LargestMinGB=32, LargerMinGB=12, DefaultMinGB=8, SmallerMinGB=6, SmallestMinGB=0)
[2021.03.19-15.26.32:017][  0]LogInit: Going up to parent DeviceProfile []
[2021.03.19-15.26.32:017][  0]LogConfig: Applying CVar settings from Section [ViewDistanceQuality@3] File [C:/Users/Administrator/Documents/Unreal Projects/InvestigationTales/Saved/Config/Windows/Scalability.ini]
[2021.03.19-15.26.32:017][  0]LogConfig: Setting CVar [[r.SkeletalMeshLODBias:0]]
[2021.03.19-15.26.32:017][  0]LogConfig: Setting CVar [[r.ViewDistanceScale:1.0]]
[2021.03.19-15.26.32:017][  0]LogConfig: Applying CVar settings from Section [AntiAliasingQuality@3] File [C:/Users/Administrator/Documents/Unreal Projects/InvestigationTales/Saved/Config/Windows/Scalability.ini]
[2021.03.19-15.26.32:017][  0]LogConfig: Setting CVar [[r.PostProcessAAQuality:4]]
[2021.03.19-15.26.32:017][  0]LogConfig: Applying CVar settings from Section [ShadowQuality@3] File [C:/Users/Administrator/Documents/Unreal Projects/InvestigationTales/Saved/Config/Windows/Scalability.ini]
[2021.03.19-15.26.32:017][  0]LogConfig: Setting CVar [[r.LightFunctionQuality:1]]
[2021.03.19-15.26.32:017][  0]LogConfig: Setting CVar [[r.ShadowQuality:5]]
[2021.03.19-15.26.32:017][  0]LogConfig: Setting CVar [[r.Shadow.CSM.MaxCascades:10]]
[2021.03.19-15.26.32:017][  0]LogConfig: Setting CVar [[r.Shadow.MaxResolution:2048]]
[2021.03.19-15.26.32:017][  0]LogConfig: Setting CVar [[r.Shadow.MaxCSMResolution:2048]]
[2021.03.19-15.26.32:017][  0]LogConfig: Setting CVar [[r.Shadow.RadiusThreshold:0.01]]
[2021.03.19-15.26.32:017][  0]LogConfig: Setting CVar [[r.Shadow.DistanceScale:1.0]]
[2021.03.19-15.26.32:017][  0]LogConfig: Setting CVar [[r.Shadow.CSM.TransitionScale:1.0]]
[2021.03.19-15.26.32:017][  0]LogConfig: Setting CVar [[r.Shadow.PreShadowResolutionFactor:1.0]]
[2021.03.19-15.26.32:017][  0]LogConfig: Setting CVar [[r.DistanceFieldShadowing:1]]
[2021.03.19-15.26.32:017][  0]LogConfig: Setting CVar [[r.DistanceFieldAO:1]]
[2021.03.19-15.26.32:017][  0]LogConfig: Setting CVar [[r.AOQuality:2]]
[2021.03.19-15.26.32:017][  0]LogConfig: Setting CVar [[r.VolumetricFog:1]]
[2021.03.19-15.26.32:017][  0]LogConfig: Setting CVar [[r.VolumetricFog.GridPixelSize:8]]
[2021.03.19-15.26.32:017][  0]LogConfig: Setting CVar [[r.VolumetricFog.GridSizeZ:128]]
[2021.03.19-15.26.32:017][  0]LogConfig: Setting CVar [[r.VolumetricFog.HistoryMissSupersampleCount:4]]
[2021.03.19-15.26.32:017][  0]LogConfig: Setting CVar [[r.LightMaxDrawDistanceScale:1]]
[2021.03.19-15.26.32:017][  0]LogConfig: Setting CVar [[r.CapsuleShadows:1]]
[2021.03.19-15.26.32:017][  0]LogConfig: Applying CVar settings from Section [PostProcessQuality@3] File [C:/Users/Administrator/Documents/Unreal Projects/InvestigationTales/Saved/Config/Windows/Scalability.ini]
[2021.03.19-15.26.32:017][  0]LogConfig: Setting CVar [[r.MotionBlurQuality:4]]
[2021.03.19-15.26.32:017][  0]LogConfig: Setting CVar [[r.AmbientOcclusionMipLevelFactor:0.4]]
[2021.03.19-15.26.32:017][  0]LogConfig: Setting CVar [[r.AmbientOcclusionMaxQuality:100]]
[2021.03.19-15.26.32:017][  0]LogConfig: Setting CVar [[r.AmbientOcclusionLevels:-1]]
[2021.03.19-15.26.32:017][  0]LogConfig: Setting CVar [[r.AmbientOcclusionRadiusScale:1.0]]
[2021.03.19-15.26.32:017][  0]LogConfig: Setting CVar [[r.DepthOfFieldQuality:2]]
[2021.03.19-15.26.32:017][  0]LogConfig: Setting CVar [[r.RenderTargetPoolMin:400]]
[2021.03.19-15.26.32:017][  0]LogConfig: Setting CVar [[r.LensFlareQuality:2]]
[2021.03.19-15.26.32:017][  0]LogConfig: Setting CVar [[r.SceneColorFringeQuality:1]]
[2021.03.19-15.26.32:018][  0]LogConfig: Setting CVar [[r.EyeAdaptationQuality:2]]
[2021.03.19-15.26.32:018][  0]LogConfig: Setting CVar [[r.BloomQuality:5]]
[2021.03.19-15.26.32:018][  0]LogConfig: Setting CVar [[r.FastBlurThreshold:100]]
[2021.03.19-15.26.32:018][  0]LogConfig: Setting CVar [[r.Upscale.Quality:3]]
[2021.03.19-15.26.32:018][  0]LogConfig: Setting CVar [[r.Tonemapper.GrainQuantization:1]]
[2021.03.19-15.26.32:018][  0]LogConfig: Setting CVar [[r.LightShaftQuality:1]]
[2021.03.19-15.26.32:018][  0]LogConfig: Setting CVar [[r.Filter.SizeScale:1]]
[2021.03.19-15.26.32:018][  0]LogConfig: Setting CVar [[r.Tonemapper.Quality:5]]
[2021.03.19-15.26.32:018][  0]LogConfig: Setting CVar [[r.DOF.Gather.AccumulatorQuality:1        ; higher gathering accumulator quality]]
[2021.03.19-15.26.32:018][  0]LogConfig: Setting CVar [[r.DOF.Gather.PostfilterMethod:1          ; Median3x3 postfilering method]]
[2021.03.19-15.26.32:018][  0]LogConfig: Setting CVar [[r.DOF.Gather.EnableBokehSettings:0       ; no bokeh simulation when gathering]]
[2021.03.19-15.26.32:018][  0]LogConfig: Setting CVar [[r.DOF.Gather.RingCount:4                 ; medium number of samples when gathering]]
[2021.03.19-15.26.32:018][  0]LogConfig: Setting CVar [[r.DOF.Scatter.ForegroundCompositing:1    ; additive foreground scattering]]
[2021.03.19-15.26.32:018][  0]LogConfig: Setting CVar [[r.DOF.Scatter.BackgroundCompositing:2    ; additive background scattering]]
[2021.03.19-15.26.32:018][  0]LogConfig: Setting CVar [[r.DOF.Scatter.EnableBokehSettings:1      ; bokeh simulation when scattering]]
[2021.03.19-15.26.32:018][  0]LogConfig: Setting CVar [[r.DOF.Scatter.MaxSpriteRatio:0.1         ; only a maximum of 10% of scattered bokeh]]
[2021.03.19-15.26.32:018][  0]LogConfig: Setting CVar [[r.DOF.Recombine.Quality:1                ; cheap slight out of focus]]
[2021.03.19-15.26.32:018][  0]LogConfig: Setting CVar [[r.DOF.Recombine.EnableBokehSettings:0    ; no bokeh simulation on slight out of focus]]
[2021.03.19-15.26.32:018][  0]LogConfig: Setting CVar [[r.DOF.TemporalAAQuality:1                ; more stable temporal accumulation]]
[2021.03.19-15.26.32:018][  0]LogConfig: Setting CVar [[r.DOF.Kernel.MaxForegroundRadius:0.025]]
[2021.03.19-15.26.32:018][  0]LogConfig: Setting CVar [[r.DOF.Kernel.MaxBackgroundRadius:0.025]]
[2021.03.19-15.26.32:018][  0]LogConfig: Applying CVar settings from Section [TextureQuality@3] File [C:/Users/Administrator/Documents/Unreal Projects/InvestigationTales/Saved/Config/Windows/Scalability.ini]
[2021.03.19-15.26.32:018][  0]LogConfig: Setting CVar [[r.Streaming.MipBias:0]]
[2021.03.19-15.26.32:018][  0]LogConfig: Setting CVar [[r.Streaming.AmortizeCPUToGPUCopy:0]]
[2021.03.19-15.26.32:018][  0]LogConfig: Setting CVar [[r.Streaming.MaxNumTexturesToStreamPerFrame:0]]
[2021.03.19-15.26.32:018][  0]LogConfig: Setting CVar [[r.Streaming.Boost:1]]
[2021.03.19-15.26.32:018][  0]LogConfig: Setting CVar [[r.MaxAnisotropy:8]]
[2021.03.19-15.26.32:018][  0]LogConfig: Setting CVar [[r.VT.MaxAnisotropy:8]]
[2021.03.19-15.26.32:018][  0]LogConfig: Setting CVar [[r.Streaming.LimitPoolSizeToVRAM:0]]
[2021.03.19-15.26.32:018][  0]LogConfig: Setting CVar [[r.Streaming.PoolSize:1000]]
[2021.03.19-15.26.32:018][  0]LogConfig: Setting CVar [[r.Streaming.MaxEffectiveScreenSize:0]]
[2021.03.19-15.26.32:018][  0]LogConfig: Applying CVar settings from Section [EffectsQuality@3] File [C:/Users/Administrator/Documents/Unreal Projects/InvestigationTales/Saved/Config/Windows/Scalability.ini]
[2021.03.19-15.26.32:018][  0]LogConfig: Setting CVar [[r.TranslucencyLightingVolumeDim:64]]
[2021.03.19-15.26.32:018][  0]LogConfig: Setting CVar [[r.RefractionQuality:2]]
[2021.03.19-15.26.32:018][  0]LogConfig: Setting CVar [[r.SSR.Quality:3]]
[2021.03.19-15.26.32:018][  0]LogConfig: Setting CVar [[r.SSR.HalfResSceneColor:0]]
[2021.03.19-15.26.32:018][  0]LogConfig: Setting CVar [[r.SceneColorFormat:4]]
[2021.03.19-15.26.32:018][  0]LogConfig: Setting CVar [[r.DetailMode:2]]
[2021.03.19-15.26.32:018][  0]LogConfig: Setting CVar [[r.TranslucencyVolumeBlur:1]]
[2021.03.19-15.26.32:018][  0]LogConfig: Setting CVar [[r.MaterialQualityLevel:1 ; High quality]]
[2021.03.19-15.26.32:018][  0]LogConfig: Setting CVar [[r.SSS.Scale:1]]
[2021.03.19-15.26.32:018][  0]LogConfig: Setting CVar [[r.SSS.SampleSet:2]]
[2021.03.19-15.26.32:018][  0]LogConfig: Setting CVar [[r.SSS.Quality:1]]
[2021.03.19-15.26.32:018][  0]LogConfig: Setting CVar [[r.SSS.HalfRes:0]]
[2021.03.19-15.26.32:018][  0]LogConfig: Setting CVar [[r.SSGI.Quality:3]]
[2021.03.19-15.26.32:018][  0]LogConfig: Setting CVar [[r.EmitterSpawnRateScale:1.0]]
[2021.03.19-15.26.32:018][  0]LogConfig: Setting CVar [[r.ParticleLightQuality:2]]
[2021.03.19-15.26.32:018][  0]LogConfig: Setting CVar [[r.SkyAtmosphere.AerialPerspectiveLUT.FastApplyOnOpaque:1 ; Always have FastSkyLUT 1 in this case to avoid wrong sky]]
[2021.03.19-15.26.32:018][  0]LogConfig: Setting CVar [[r.SkyAtmosphere.AerialPerspectiveLUT.SampleCountPerSlice:1]]
[2021.03.19-15.26.32:018][  0]LogConfig: Setting CVar [[r.SkyAtmosphere.AerialPerspectiveLUT.DepthResolution:16.0]]
[2021.03.19-15.26.32:018][  0]LogConfig: Setting CVar [[r.SkyAtmosphere.FastSkyLUT:1]]
[2021.03.19-15.26.32:018][  0]LogConfig: Setting CVar [[r.SkyAtmosphere.FastSkyLUT.SampleCountMin:4.0]]
[2021.03.19-15.26.32:018][  0]LogConfig: Setting CVar [[r.SkyAtmosphere.FastSkyLUT.SampleCountMax:32.0]]
[2021.03.19-15.26.32:018][  0]LogConfig: Setting CVar [[r.SkyAtmosphere.SampleCountMin:4.0]]
[2021.03.19-15.26.32:018][  0]LogConfig: Setting CVar [[r.SkyAtmosphere.SampleCountMax:32.0]]
[2021.03.19-15.26.32:018][  0]LogConfig: Setting CVar [[r.SkyAtmosphere.TransmittanceLUT.UseSmallFormat:0]]
[2021.03.19-15.26.32:018][  0]LogConfig: Setting CVar [[r.SkyAtmosphere.TransmittanceLUT.SampleCount:10.0]]
[2021.03.19-15.26.32:018][  0]LogConfig: Setting CVar [[r.SkyAtmosphere.MultiScatteringLUT.SampleCount:15.0]]
[2021.03.19-15.26.32:018][  0]LogConfig: Applying CVar settings from Section [FoliageQuality@3] File [C:/Users/Administrator/Documents/Unreal Projects/InvestigationTales/Saved/Config/Windows/Scalability.ini]
[2021.03.19-15.26.32:018][  0]LogConfig: Setting CVar [[foliage.DensityScale:1.0]]
[2021.03.19-15.26.32:018][  0]LogConfig: Setting CVar [[grass.DensityScale:1.0]]
[2021.03.19-15.26.32:018][  0]LogConfig: Applying CVar settings from Section [ShadingQuality@3] File [C:/Users/Administrator/Documents/Unreal Projects/InvestigationTales/Saved/Config/Windows/Scalability.ini]
[2021.03.19-15.26.32:018][  0]LogConfig: Setting CVar [[r.HairStrands.SkyLighting.SampleCount:16]]
[2021.03.19-15.26.32:018][  0]LogConfig: Setting CVar [[r.HairStrands.SkyLighting.JitterIntegration:0]]
[2021.03.19-15.26.32:018][  0]LogConfig: Setting CVar [[r.HairStrands.SkyAO.SampleCount:16]]
[2021.03.19-15.26.32:018][  0]LogConfig: Setting CVar [[r.HairStrands.DeepShadow.SuperSampling:0]]
[2021.03.19-15.26.32:018][  0]LogConfig: Setting CVar [[r.HairStrands.VisibilityPPLL:0]]
[2021.03.19-15.26.32:018][  0]LogConfig: Setting CVar [[r.HairStrands.RasterizationScale:0.5]]
[2021.03.19-15.26.32:018][  0]LogConfig: Setting CVar [[r.HairStrands.VelocityRasterizationScale:1]]
[2021.03.19-15.26.32:018][  0]LogConfig: Applying CVar settings from Section [Startup] File [../../../Engine/Config/ConsoleVariables.ini]
[2021.03.19-15.26.32:019][  0]LogConfig: Setting CVar [[net.UseAdaptiveNetUpdateFrequency:0]]
[2021.03.19-15.26.32:019][  0]LogConfig: Setting CVar [[p.chaos.AllowCreatePhysxBodies:1]]
[2021.03.19-15.26.32:019][  0]LogConfig: Setting CVar [[fx.SkipVectorVMBackendOptimizations:1]]
[2021.03.19-15.26.32:019][  0]LogConfig: Applying CVar settings from Section [ConsoleVariables] File [C:/Users/Administrator/Documents/Unreal Projects/InvestigationTales/Saved/Config/Windows/Engine.ini]
[2021.03.19-15.26.32:019][  0]LogInit: Computer: EC2AMAZ-4NJNOM4
[2021.03.19-15.26.32:019][  0]LogInit: User: Administrator
[2021.03.19-15.26.32:019][  0]LogInit: CPU Page size=4096, Cores=2
[2021.03.19-15.26.32:019][  0]LogInit: High frequency timer resolution =10.000000 MHz
[2021.03.19-15.26.32:019][  0]LogMemory: Memory total: Physical=15.7GB (16GB approx)
[2021.03.19-15.26.32:019][  0]LogMemory: Platform Memory Stats for Windows
[2021.03.19-15.26.32:019][  0]LogMemory: Process Physical Memory: 113.48 MB used, 113.48 MB peak
[2021.03.19-15.26.32:019][  0]LogMemory: Process Virtual Memory: 105.05 MB used, 105.05 MB peak
[2021.03.19-15.26.32:019][  0]LogMemory: Physical Memory: 4080.76 MB used,  12002.83 MB free, 16083.59 MB total
[2021.03.19-15.26.32:019][  0]LogMemory: Virtual Memory: 5147.29 MB used,  134212584.00 MB free, 134217728.00 MB total
[2021.03.19-15.26.32:019][  0]LogWindows: WindowsPlatformFeatures enabled
[2021.03.19-15.26.32:051][  0]LogInit: Physics initialised using underlying interface: PhysX
[2021.03.19-15.26.32:052][  0]LogInit: Using OS detected language (en-US).
[2021.03.19-15.26.32:052][  0]LogInit: Using OS detected locale (en-GB).
[2021.03.19-15.26.32:056][  0]LogTextLocalizationManager: No specific localization for 'en-US' exists, so the 'en' localization will be used.
[2021.03.19-15.26.32:333][  0]LogInit: Setting process to per monitor DPI aware
[2021.03.19-15.26.32:376][  0]LogSlate: New Slate User Created.  User Index 0, Is Virtual User: 0
[2021.03.19-15.26.32:376][  0]LogSlate: Slate User Registered.  User Index 0, Is Virtual User: 0
[2021.03.19-15.26.32:566][  0]LogHMD: Failed to initialize OpenVR with code 110
[2021.03.19-15.26.32:566][  0]LogD3D11RHI: D3D11 min allowed feature level: 11_0
[2021.03.19-15.26.32:566][  0]LogD3D11RHI: D3D11 max allowed feature level: 11_0
[2021.03.19-15.26.32:566][  0]LogD3D11RHI: D3D11 adapters:
[2021.03.19-15.26.32:663][  0]LogD3D11RHI:    0. 'NVIDIA Tesla T4' (Feature Level 11_0)
[2021.03.19-15.26.32:663][  0]LogD3D11RHI:       15158/0/8041 MB DedicatedVideo/DedicatedSystem/SharedSystem, Outputs:1, VendorId:0x10de
[2021.03.19-15.26.32:665][  0]LogD3D11RHI:    1. 'Microsoft Basic Render Driver' (Feature Level 11_0)
[2021.03.19-15.26.32:665][  0]LogD3D11RHI:       0/0/8041 MB DedicatedVideo/DedicatedSystem/SharedSystem, Outputs:0, VendorId:0x1414
[2021.03.19-15.26.32:667][  0]LogD3D11RHI:    2. 'Microsoft Basic Render Driver' (Feature Level 11_0)
[2021.03.19-15.26.32:667][  0]LogD3D11RHI:       0/0/8041 MB DedicatedVideo/DedicatedSystem/SharedSystem, Outputs:0, VendorId:0x1414
[2021.03.19-15.26.32:667][  0]LogD3D11RHI: Chosen D3D11 Adapter: 0
[2021.03.19-15.26.32:675][  0]LogD3D11RHI: Creating new Direct3DDevice
[2021.03.19-15.26.32:675][  0]LogD3D11RHI:     GPU DeviceId: 0x1eb8 (for the marketing name, search the web for "GPU Device Id")
[2021.03.19-15.26.32:675][  0]LogWindows: EnumDisplayDevices:
[2021.03.19-15.26.32:675][  0]LogWindows:    0. 'Microsoft Basic Display Adapter' (P:0 D:0)
[2021.03.19-15.26.32:676][  0]LogWindows:    1. 'NVIDIA Tesla T4' (P:1 D:1)
[2021.03.19-15.26.32:676][  0]LogWindows:    2. 'NVIDIA Tesla T4' (P:0 D:0)
[2021.03.19-15.26.32:676][  0]LogWindows:    3. 'NVIDIA Tesla T4' (P:0 D:0)
[2021.03.19-15.26.32:678][  0]LogWindows:    4. 'NVIDIA Tesla T4' (P:0 D:0)
[2021.03.19-15.26.32:678][  0]LogWindows: DebugString: GetVideoDriverDetailsInvalid PrimaryIsNotTheChoosenAdapter FoundDriverCount:4 
[2021.03.19-15.26.32:678][  0]LogD3D11RHI:     Adapter Name: NVIDIA Tesla T4
[2021.03.19-15.26.32:678][  0]LogD3D11RHI:   Driver Version: 451.48 (internal:27.21.14.5148, unified:451.48)
[2021.03.19-15.26.32:678][  0]LogD3D11RHI:      Driver Date: 6-21-2020
[2021.03.19-15.26.32:678][  0]LogRHI: Texture pool is 10610 MB (70% of 15158 MB)
[2021.03.19-15.26.32:750][  0]LogD3D11RHI: RHI has support for 64 bit atomics
[2021.03.19-15.26.32:751][  0]LogD3D11RHI: Async texture creation enabled
[2021.03.19-15.26.32:751][  0]LogD3D11RHI: Array index from any shader is supported
[2021.03.19-15.26.32:776][  0]LogD3D11RHI: GPU Timing Frequency: 1000.000000 (Debug: 2 2)
[2021.03.19-15.26.33:258][  0]LogTargetPlatformManager: Display: Loaded TargetPlatform 'AllDesktop'
[2021.03.19-15.26.33:289][  0]LogTargetPlatformManager: Display: Loaded TargetPlatform 'Android'
[2021.03.19-15.26.33:289][  0]LogTargetPlatformManager: Display: Loaded TargetPlatform 'Android_ASTC'
[2021.03.19-15.26.33:289][  0]LogTargetPlatformManager: Display: Loaded TargetPlatform 'Android_DXT'
[2021.03.19-15.26.33:289][  0]LogTargetPlatformManager: Display: Loaded TargetPlatform 'Android_ETC2'
[2021.03.19-15.26.33:289][  0]LogTargetPlatformManager: Display: Loaded TargetPlatform 'AndroidClient'
[2021.03.19-15.26.33:289][  0]LogTargetPlatformManager: Display: Loaded TargetPlatform 'Android_ASTCClient'
[2021.03.19-15.26.33:289][  0]LogTargetPlatformManager: Display: Loaded TargetPlatform 'Android_DXTClient'
[2021.03.19-15.26.33:289][  0]LogTargetPlatformManager: Display: Loaded TargetPlatform 'Android_ETC2Client'
[2021.03.19-15.26.33:289][  0]LogTargetPlatformManager: Display: Loaded TargetPlatform 'Android_Multi'
[2021.03.19-15.26.33:289][  0]LogTargetPlatformManager: Display: Loaded TargetPlatform 'Android_MultiClient'
[2021.03.19-15.26.33:325][  0]LogTargetPlatformManager: Display: Loaded TargetPlatform 'IOSClient'
[2021.03.19-15.26.33:325][  0]LogTargetPlatformManager: Display: Loaded TargetPlatform 'IOS'
[2021.03.19-15.26.33:343][  0]LogTargetPlatformManager: Display: Loaded TargetPlatform 'Linux'
[2021.03.19-15.26.33:356][  0]LogTargetPlatformManager: Display: Loaded TargetPlatform 'LinuxNoEditor'
[2021.03.19-15.26.33:369][  0]LogTargetPlatformManager: Display: Loaded TargetPlatform 'LinuxClient'
[2021.03.19-15.26.33:383][  0]LogTargetPlatformManager: Display: Loaded TargetPlatform 'LinuxServer'
[2021.03.19-15.26.33:397][  0]LogTargetPlatformManager: Display: Loaded TargetPlatform 'LinuxAArch64NoEditor'
[2021.03.19-15.26.33:409][  0]LogTargetPlatformManager: Display: Loaded TargetPlatform 'LinuxAArch64Client'
[2021.03.19-15.26.33:422][  0]LogTargetPlatformManager: Display: Loaded TargetPlatform 'LinuxAArch64Server'
[2021.03.19-15.26.33:463][  0]LogTargetPlatformManager: Display: Loaded TargetPlatform 'Lumin'
[2021.03.19-15.26.33:463][  0]LogTargetPlatformManager: Display: Loaded TargetPlatform 'LuminClient'
[2021.03.19-15.26.33:487][  0]LogTargetPlatformManager: Display: Loaded TargetPlatform 'TVOSClient'
[2021.03.19-15.26.33:487][  0]LogTargetPlatformManager: Display: Loaded TargetPlatform 'TVOS'
[2021.03.19-15.26.33:500][  0]LogTargetPlatformManager: Display: Loaded TargetPlatform 'WindowsNoEditor'
[2021.03.19-15.26.33:512][  0]LogTargetPlatformManager: Display: Loaded TargetPlatform 'Windows'
[2021.03.19-15.26.33:525][  0]LogTargetPlatformManager: Display: Loaded TargetPlatform 'WindowsClient'
[2021.03.19-15.26.33:537][  0]LogTargetPlatformManager: Display: Loaded TargetPlatform 'WindowsServer'
[2021.03.19-15.26.33:537][  0]LogTargetPlatformManager: Display: Building Assets For Windows
[2021.03.19-15.26.33:546][  0]LogAudioDebug: Display: Lib vorbis DLL was dynamically loaded.
[2021.03.19-15.26.33:613][  0]LogShaderCompilers: Guid format shader working directory is -26 characters bigger than the processId version (../../../../../../Users/Administrator/Documents/Unreal Projects/InvestigationTales/Intermediate/Shaders/WorkingDirectory/6740/).
[2021.03.19-15.26.33:613][  0]LogShaderCompilers: Cleaned the shader compiler working directory 'C:/Users/Administrator/AppData/Local/Temp/1/UnrealShaderWorkingDir/C6085EA44CCC3C1DAE5BDA82E7722B38/'.
[2021.03.19-15.26.33:614][  0]LogXGEController: Cannot use XGE Controller as Incredibuild is not installed on this machine.
[2021.03.19-15.26.33:614][  0]LogShaderCompilers: Cannot use XGE Shader Compiler as Incredibuild is not installed on this machine.
[2021.03.19-15.26.33:614][  0]LogShaderCompilers: Display: Using Local Shader Compiler.
[2021.03.19-15.26.34:984][  0]LogDerivedDataCache: Display: Max Cache Size: 512 MB
[2021.03.19-15.26.35:080][  0]LogDerivedDataCache: Loaded boot cache 0.10s 75MB C:/Users/Administrator/AppData/Local/UnrealEngine/4.25/DerivedDataCache/Boot.ddc.
[2021.03.19-15.26.35:081][  0]LogDerivedDataCache: Display: Loaded Boot cache: C:/Users/Administrator/AppData/Local/UnrealEngine/4.25/DerivedDataCache/Boot.ddc
[2021.03.19-15.26.35:082][  0]LogDerivedDataCache: FDerivedDataBackendGraph:  Pak pak cache file ../../../../../../Users/Administrator/Documents/Unreal Projects/InvestigationTales/DerivedDataCache/DDC.ddp not found, will not use a pak cache.
[2021.03.19-15.26.35:082][  0]LogDerivedDataCache: Unable to find inner node Pak for hierarchical cache Hierarchy.
[2021.03.19-15.26.35:082][  0]LogDerivedDataCache: FDerivedDataBackendGraph:  CompressedPak pak cache file ../../../../../../Users/Administrator/Documents/Unreal Projects/InvestigationTales/DerivedDataCache/Compressed.ddp not found, will not use a pak cache.
[2021.03.19-15.26.35:082][  0]LogDerivedDataCache: Unable to find inner node CompressedPak for hierarchical cache Hierarchy.
[2021.03.19-15.26.35:098][  0]LogDerivedDataCache: Display: Pak cache opened for reading ../../../Engine/DerivedDataCache/Compressed.ddp.
[2021.03.19-15.26.35:098][  0]LogDerivedDataCache: FDerivedDataBackendGraph:  EnterprisePak pak cache file ../../../Enterprise/DerivedDataCache/Compressed.ddp not found, will not use a pak cache.
[2021.03.19-15.26.35:098][  0]LogDerivedDataCache: Unable to find inner node EnterprisePak for hierarchical cache Hierarchy.
[2021.03.19-15.26.35:099][  0]LogDerivedDataCache: Using Local data cache path C:/Users/Administrator/AppData/Local/UnrealEngine/Common/DerivedDataCache: Writable
[2021.03.19-15.26.35:099][  0]LogDerivedDataCache: Shared data cache path not found in *engine.ini, will not use an Shared cache.
[2021.03.19-15.26.35:099][  0]LogDerivedDataCache: Unable to find inner node Shared for hierarchical cache Hierarchy.
[2021.03.19-15.26.35:197][  0]LogSlate: Using FreeType 2.10.0
[2021.03.19-15.26.35:198][  0]LogSlate: SlateFontServices - WITH_FREETYPE: 1, WITH_HARFBUZZ: 1
[2021.03.19-15.26.35:255][  0]LogAssetRegistry: FAssetRegistry took 0.0036 seconds to start up
[2021.03.19-15.26.35:662][  0]LogInit: Selected Device Profile: [Windows]
[2021.03.19-15.26.35:854][  0]LogMeshReduction: Using QuadricMeshReduction for automatic static mesh reduction
[2021.03.19-15.26.35:854][  0]LogMeshReduction: Using SimplygonMeshReduction for automatic skeletal mesh reduction
[2021.03.19-15.26.35:854][  0]LogMeshReduction: Using ProxyLODMeshReduction for automatic mesh merging
[2021.03.19-15.26.35:854][  0]LogMeshReduction: No distributed automatic mesh merging module available
[2021.03.19-15.26.35:854][  0]LogMeshMerging: No distributed automatic mesh merging module available
[2021.03.19-15.26.35:876][  0]LogNetVersion: InvestigationTales 1.0.0, NetCL: 13144385, EngineNetVer: 14, GameNetVer: 0 (Checksum: 206761443)
[2021.03.19-15.26.36:697][  0]LogAISub: UAISubsystem::UAISubsystem AISubsystem (00000215F7520300), frame # 0
[2021.03.19-15.26.36:697][  0]LogAISub: UAISubsystem::UAISubsystem AIPerceptionSystem (00000215F736D1C0), frame # 0
[2021.03.19-15.26.36:700][  0]LogAISub: UAISubsystem::UAISubsystem EnvQueryManager (00000215F749DE00), frame # 0
[2021.03.19-15.26.36:804][  0]LogPackageLocalizationCache: Processed 19 localized package path(s) for 1 prioritized culture(s) in 0.093664 seconds
[2021.03.19-15.26.36:812][  0]LogUObjectArray: 15917 objects as part of root set at end of initial load.
[2021.03.19-15.26.36:812][  0]LogUObjectAllocator: 3965568 out of 0 bytes used by permanent object pool.
[2021.03.19-15.26.36:812][  0]LogUObjectArray: CloseDisregardForGC: 0/0 objects in disregard for GC pool
[2021.03.19-15.26.37:316][  0]LogTcpMessaging: Initializing TcpMessaging bridge
[2021.03.19-15.26.37:322][  0]LogUdpMessaging: Initializing bridge on interface 0.0.0.0:0 to multicast group 230.0.0.1:6666.
[2021.03.19-15.26.37:429][  0]SourceControl: Source control is disabled
[2021.03.19-15.26.37:429][  0]SourceControl: Source control is disabled
[2021.03.19-15.26.37:434][  0]SourceControl: Source control is disabled
[2021.03.19-15.26.37:438][  0]SourceControl: Source control is disabled
[2021.03.19-15.26.37:446][  0]SourceControl: Source control is disabled
[2021.03.19-15.26.37:756][  0]LogAndroidPermission: UAndroidPermissionCallbackProxy::GetInstance
[2021.03.19-15.26.37:781][  0]LogAudioCaptureCore: Display: No Audio Capture implementations found. Audio input will be silent.
[2021.03.19-15.26.37:781][  0]LogAudioCaptureCore: Display: No Audio Capture implementations found. Audio input will be silent.
[2021.03.19-15.26.37:845][  0]LogOcInput: OculusInput pre-init called
[2021.03.19-15.26.37:859][  0]LogWindows: Failed to load 'OVRPlugin.dll' (GetLastError=126)
[2021.03.19-15.26.37:859][  0]LogWindows: File 'OVRPlugin.dll' does not exist
[2021.03.19-15.26.37:962][  0]LogEngine: Initializing Engine...
[2021.03.19-15.26.37:963][  0]LogHMD: Failed to initialize OpenVR with code 110
[2021.03.19-15.26.37:963][  0]LogMagicLeap: Warning: VR disabled because ZI is not enabled.  To enable, in the editor, Edit -> Project Settings -> Plugins -> Magic Leap Plugin -> Enable Zero Iteration
[2021.03.19-15.26.37:965][  0]LogStats: UGameplayTagsManager::InitializeManager -  0.000 s
[2021.03.19-15.26.38:155][  0]LogInit: Initializing FReadOnlyCVARCache
[2021.03.19-15.26.38:166][  0]LogAIModule: Creating AISystem for world Untitled
[2021.03.19-15.26.38:166][  0]LogAISub: UAISubsystem::UAISubsystem EnvQueryManager (00000215FAC63C00), frame # 0
[2021.03.19-15.26.38:166][  0]LogAISub: UAISubsystem::UAISubsystem AIPerceptionSystem (00000215FACBBB00), frame # 0
[2021.03.19-15.26.38:196][  0]LogAudioMixer: Display: Audio Mixer Platform Settings:
[2021.03.19-15.26.38:196][  0]LogAudioMixer: Display: 	Sample Rate:						  48000
[2021.03.19-15.26.38:196][  0]LogAudioMixer: Display: 	Callback Buffer Frame Size Requested: 1024
[2021.03.19-15.26.38:196][  0]LogAudioMixer: Display: 	Callback Buffer Frame Size To Use:	  1024
[2021.03.19-15.26.38:196][  0]LogAudioMixer: Display: 	Number of buffers to queue:			  2
[2021.03.19-15.26.38:196][  0]LogAudioMixer: Display: 	Max Channels (voices):				  32
[2021.03.19-15.26.38:196][  0]LogAudioMixer: Display: 	Number of Async Source Workers:		  0
[2021.03.19-15.26.38:196][  0]LogAudio: Display: AudioDevice MaxSources: 32
[2021.03.19-15.26.38:196][  0]LogAudio: Display: Using built-in audio occlusion.
[2021.03.19-15.26.38:196][  0]LogAudioMixer: Display: Initializing audio mixer.
[2021.03.19-15.26.38:205][  0]LogAudioMixer: Display: 0: FrontLeft
[2021.03.19-15.26.38:205][  0]LogAudioMixer: Display: 1: FrontRight
[2021.03.19-15.26.38:245][  0]LogAudioMixer: Display: Using Audio Device Speakers (Scream (WDM))
[2021.03.19-15.26.38:251][  0]LogAudioMixer: Display: Initializing Sound Submixes...
[2021.03.19-15.26.38:253][  0]LogAudioMixer: Display: Creating Master Submix 'MasterSubmixDefault'
[2021.03.19-15.26.38:253][  0]LogAudioMixer: Display: Creating Master Submix 'MasterReverbSubmixDefault'
[2021.03.19-15.26.38:255][  0]LogAudioMixer: Display: Creating Master Submix 'MasterEQSubmixDefault'
[2021.03.19-15.26.38:257][  0]LogInit: FAudioDevice initialized.
[2021.03.19-15.26.38:257][  0]LogNetVersion: Set ProjectVersion to 1.0.0.0. Version Checksum will be recalculated on next use.
[2021.03.19-15.26.38:436][  0]LogDerivedDataCache: Saved boot cache 0.18s 75MB C:/Users/Administrator/AppData/Local/UnrealEngine/4.25/DerivedDataCache/Boot.ddc.
[2021.03.19-15.26.38:445][  0]LogInit: Texture streaming: Enabled
[2021.03.19-15.26.38:467][  0]LogEngineSessionManager: EngineSessionManager initialized
[2021.03.19-15.26.38:467][  0]LogEditorSessionSummary: Verbose: Initializing EditorSessionSummaryWriter for editor session tracking
[2021.03.19-15.26.38:469][  0]LogEditorSessionSummary: EditorSessionSummaryWriter initialized
[2021.03.19-15.26.38:582][  0]LogInit: Transaction tracking system initialized
[2021.03.19-15.26.38:614][  0]BlueprintLog: New page: Editor Load
[2021.03.19-15.26.38:712][  0]LocalizationService: Localization service is disabled
[2021.03.19-15.26.38:965][  0]LogCook: Display: Max memory allowance for cook 16384mb min free memory 0mb
[2021.03.19-15.26.38:965][  0]LogCook: Display: Mobile HDR setting 1
[2021.03.19-15.26.39:171][  0]LogFileCache: Scanning file cache for directory 'C:/Users/Administrator/Documents/Unreal Projects/InvestigationTales/Content/' took 0.03s
[2021.03.19-15.26.39:681][  0]SourceControl: Source control is disabled
[2021.03.19-15.26.39:682][  0]LogUnrealEdMisc: Loading editor; pre map load, took 9.594
[2021.03.19-15.26.39:682][  0]Cmd: MAP LOAD FILE="../../../../../../Users/Administrator/Documents/Unreal Projects/InvestigationTales/Content/FirstPersonBP/Maps/FirstPersonExampleMap.umap" TEMPLATE=0 SHOWPROGRESS=1 FEATURELEVEL=3
[2021.03.19-15.26.39:682][  0]LogEditorServer: Warning: Can't find file '../../../../../../Users/Administrator/Documents/Unreal Projects/InvestigationTales/Content/FirstPersonBP/Maps/FirstPersonExampleMap.umap'
[2021.03.19-15.26.39:682][  0]Cmd: MAP CHECKDEP NOCLEARLOG
[2021.03.19-15.26.39:682][  0]MapCheck: Map check complete: 0 Error(s), 0 Warning(s), took 0.139ms to complete.
[2021.03.19-15.26.39:682][  0]LogFileHelpers: Loading map 'FirstPersonExampleMap' took 0.001
[2021.03.19-15.26.39:686][  0]LogUnrealEdMisc: Total Editor Startup Time, took 9.599
[2021.03.19-15.26.39:940][  0]LogSlate: Updating window title bar state: overlay mode, drag disabled, window buttons hidden, title bar hidden
[2021.03.19-15.26.39:954][  0]LogSlate: Updating window title bar state: overlay mode, drag disabled, window buttons hidden, title bar hidden
[2021.03.19-15.26.39:966][  0]LogSlate: Updating window title bar state: overlay mode, drag disabled, window buttons hidden, title bar hidden
[2021.03.19-15.26.39:978][  0]LogSlate: Updating window title bar state: overlay mode, drag disabled, window buttons hidden, title bar hidden
[2021.03.19-15.26.40:003][  0]LogCollectionManager: Loaded 0 collections in 0.001850 seconds
[2021.03.19-15.26.40:090][  0]LogFileCache: Scanning file cache for directory 'C:/Users/Administrator/Documents/Unreal Projects/InvestigationTales/Saved/Collections/' took 0.00s
[2021.03.19-15.26.40:090][  0]LogFileCache: Scanning file cache for directory 'C:/Users/Administrator/Documents/Unreal Projects/InvestigationTales/Content/Developers/Administrator/Collections/' took 0.00s
[2021.03.19-15.26.40:090][  0]LogFileCache: Scanning file cache for directory 'C:/Users/Administrator/Documents/Unreal Projects/InvestigationTales/Content/Collections/' took 0.00s
[2021.03.19-15.26.40:090][  0]LogContentBrowser: Native class hierarchy populated in 0.0153 seconds. Added 3427 classes and 821 folders.
[2021.03.19-15.26.40:107][  0]LogContentBrowser: Native class hierarchy updated for 'WidgetCarousel' in 0.0003 seconds. Added 0 classes and 0 folders.
[2021.03.19-15.26.40:967][  0]LogContentBrowser: Native class hierarchy updated for 'AddContentDialog' in 0.0005 seconds. Added 0 classes and 0 folders.
[2021.03.19-15.26.40:981][  0]LogContentBrowser: Native class hierarchy updated for 'SceneOutliner' in 0.0003 seconds. Added 2 classes and 0 folders.
[2021.03.19-15.26.41:378][  0]LogSlate: Took 0.000292 seconds to synchronously load lazily loaded font '../../../Engine/Content/Slate/Fonts/Roboto-Regular.ttf' (155K)
[2021.03.19-15.26.41:381][  0]LogSlate: Took 0.000322 seconds to synchronously load lazily loaded font '../../../Engine/Content/Slate/Fonts/Roboto-Bold.ttf' (160K)
[2021.03.19-15.26.41:402][  0]LogSlate: Took 0.014582 seconds to synchronously load lazily loaded font '../../../Engine/Content/Editor/Slate/Fonts/FontAwesome.ttf' (139K)
[2021.03.19-15.26.41:595][  0]LogRenderer: Reallocating scene render targets to support 1064x500 Format 10 NumSamples 1 (Frame:1).
[2021.03.19-15.26.41:851][  0]LogContentBrowser: Native class hierarchy updated for 'HierarchicalLODOutliner' in 0.0004 seconds. Added 0 classes and 0 folders.
[2021.03.19-15.26.41:851][  0]LogLoad: (Engine Initialization) Total time: 11.76 seconds
[2021.03.19-15.26.41:851][  0]LogLoad: (Engine Initialization) Total Blueprint compile time: 0.00 seconds
[2021.03.19-15.26.41:915][  0]LogAssetRegistry: Asset discovery search completed in 6.6612 seconds
[2021.03.19-15.26.41:922][  0]LogCollectionManager: Fixed up redirectors for 0 collections in 0.000003 seconds (updated 0 objects)
[2021.03.19-15.26.41:924][  0]LogContentStreaming: Texture pool size now 1000 MB
[2021.03.19-15.26.41:975][  0]LogSlate: Took 0.013152 seconds to synchronously load lazily loaded font '../../../Engine/Content/Slate/Fonts/Roboto-Light.ttf' (167K)
[2021.03.19-15.26.48:449][245]LogRenderer: Reallocating scene render targets to support 1064x508 Format 10 NumSamples 1 (Frame:225).
[2021.03.19-15.26.48:484][246]LogRenderer: Reallocating scene render targets to support 1064x524 Format 10 NumSamples 1 (Frame:227).
[2021.03.19-15.26.48:519][247]LogRenderer: Reallocating scene render targets to support 1064x532 Format 10 NumSamples 1 (Frame:229).
[2021.03.19-15.26.48:554][248]LogRenderer: Reallocating scene render targets to support 1064x548 Format 10 NumSamples 1 (Frame:231).
[2021.03.19-15.26.48:597][249]LogRenderer: Reallocating scene render targets to support 1064x576 Format 10 NumSamples 1 (Frame:233).
[2021.03.19-15.26.48:634][250]LogRenderer: Reallocating scene render targets to support 1064x604 Format 10 NumSamples 1 (Frame:235).
[2021.03.19-15.26.48:669][251]LogRenderer: Reallocating scene render targets to support 1064x648 Format 10 NumSamples 1 (Frame:237).
[2021.03.19-15.26.48:709][252]LogRenderer: Reallocating scene render targets to support 1064x676 Format 10 NumSamples 1 (Frame:239).
[2021.03.19-15.26.48:744][253]LogRenderer: Reallocating scene render targets to support 1064x692 Format 10 NumSamples 1 (Frame:241).
[2021.03.19-15.26.48:777][254]LogRenderer: Reallocating scene render targets to support 1064x728 Format 10 NumSamples 1 (Frame:243).
[2021.03.19-15.26.48:810][255]LogRenderer: Reallocating scene render targets to support 1064x752 Format 10 NumSamples 1 (Frame:245).
[2021.03.19-15.26.53:197][703]LogSlate: Took 0.000245 seconds to synchronously load lazily loaded font '../../../Engine/Content/Slate/Fonts/Roboto-Light.ttf' (167K)
[2021.03.19-15.26.53:273][704]LogRenderer: Reallocating scene render targets to support 1436x816 Format 10 NumSamples 1 (Frame:451).
[2021.03.19-15.26.53:326][705]LogRenderer: Reallocating scene render targets to support 1920x896 Format 10 NumSamples 1 (Frame:454).
[2021.03.19-15.26.59:151][927]LogEditorViewport: Clicking Background
[2021.03.19-15.27.06:907][793]LogTemp: Repeating last play command: Selected Viewport
[2021.03.19-15.27.06:935][793]LogPlayLevel: PlayLevel: No blueprints needed recompiling
[2021.03.19-15.27.06:946][793]PIE: New page: PIE session: Untitled_0 (19 Mar 2021, 15:27:06)
[2021.03.19-15.27.06:948][793]LogOnline: OSS: Creating online subsystem instance for: NULL
[2021.03.19-15.27.06:951][793]LogOnline: OSS: TryLoadSubsystemAndSetDefault: Loaded subsystem for module [NULL]
[2021.03.19-15.27.06:951][793]LogPlayLevel: Creating play world package: /Temp/UEDPIE_0_Untitled_0
[2021.03.19-15.27.06:953][793]LogPlayLevel: PIE: StaticDuplicateObject took: (0.001628s)
[2021.03.19-15.27.06:955][793]LogAIModule: Creating AISystem for world Untitled
[2021.03.19-15.27.06:955][793]LogAISub: UAISubsystem::UAISubsystem EnvQueryManager (000002158582A400), frame # 1793
[2021.03.19-15.27.06:955][793]LogAISub: UAISubsystem::UAISubsystem AIPerceptionSystem (00000215864B7D80), frame # 1793
[2021.03.19-15.27.06:956][793]LogPlayLevel: PIE: World Init took: (0.001613s)
[2021.03.19-15.27.06:956][793]LogPlayLevel: PIE: Created PIE world by copying editor world from /Temp/Untitled_0.Untitled to /Temp/UEDPIE_0_Untitled_0.Untitled (0.004391s)
[2021.03.19-15.27.06:969][793]LogUObjectHash: Compacting FUObjectHashTables data took   0.98ms
[2021.03.19-15.27.06:975][793]LogAudioMixer: Display: Audio Mixer Platform Settings:
[2021.03.19-15.27.06:975][793]LogAudioMixer: Display: 	Sample Rate:						  48000
[2021.03.19-15.27.06:975][793]LogAudioMixer: Display: 	Callback Buffer Frame Size Requested: 1024
[2021.03.19-15.27.06:975][793]LogAudioMixer: Display: 	Callback Buffer Frame Size To Use:	  1024
[2021.03.19-15.27.06:975][793]LogAudioMixer: Display: 	Number of buffers to queue:			  2
[2021.03.19-15.27.06:975][793]LogAudioMixer: Display: 	Max Channels (voices):				  32
[2021.03.19-15.27.06:975][793]LogAudioMixer: Display: 	Number of Async Source Workers:		  0
[2021.03.19-15.27.06:975][793]LogAudio: Display: AudioDevice MaxSources: 32
[2021.03.19-15.27.06:975][793]LogAudio: Display: Using built-in audio occlusion.
[2021.03.19-15.27.06:975][793]LogAudioMixer: Display: Initializing audio mixer.
[2021.03.19-15.27.06:977][793]LogAudioMixer: Display: 0: FrontLeft
[2021.03.19-15.27.06:977][793]LogAudioMixer: Display: 1: FrontRight
[2021.03.19-15.27.06:988][793]LogAudioMixer: Display: Using Audio Device Speakers (Scream (WDM))
[2021.03.19-15.27.06:989][793]LogAudioMixer: Display: Initializing Sound Submixes...
[2021.03.19-15.27.06:989][793]LogAudioMixer: Display: Creating Master Submix 'MasterSubmixDefault'
[2021.03.19-15.27.06:989][793]LogAudioMixer: Display: Creating Master Submix 'MasterReverbSubmixDefault'
[2021.03.19-15.27.06:989][793]LogAudioMixer: Display: Creating Master Submix 'MasterEQSubmixDefault'
[2021.03.19-15.27.06:990][793]LogInit: FAudioDevice initialized.
[2021.03.19-15.27.07:190][793]LogLoad: Game class is 'FirstPersonGameMode_C'
[2021.03.19-15.27.07:198][793]LogWorld: Bringing World /Temp/UEDPIE_0_Untitled_0.Untitled up for play (max tick rate 0) at 2021.03.19-15.27.07
[2021.03.19-15.27.07:199][793]LogWorld: Bringing up level for play took: 0.001229
[2021.03.19-15.27.07:200][793]LogOnline: OSS: Creating online subsystem instance for: :Context_1
[2021.03.19-15.27.07:206][793]LogContentBrowser: Native class hierarchy updated for 'MovieSceneCapture' in 0.0004 seconds. Added 20 classes and 0 folders.
[2021.03.19-15.27.07:221][793]PIE: Server logged in
[2021.03.19-15.27.07:223][793]PIE: Play in editor total start time 0.288 seconds.
[2021.03.19-15.27.10:538][163]LogSlate: Updating window title bar state: overlay mode, drag disabled, window buttons hidden, title bar hidden
[2021.03.19-15.27.10:538][163]LogWorld: BeginTearingDown for /Temp/UEDPIE_0_Untitled_0
[2021.03.19-15.27.10:539][163]LogWorld: UWorld::CleanupWorld for Untitled, bSessionEnded=true, bCleanupResources=true
[2021.03.19-15.27.10:539][163]LogSlate: InvalidateAllWidgets triggered.  All widgets were invalidated
[2021.03.19-15.27.10:547][163]LogPlayLevel: Display: Shutting down PIE online subsystems
[2021.03.19-15.27.10:549][163]LogSlate: InvalidateAllWidgets triggered.  All widgets were invalidated
[2021.03.19-15.27.10:582][163]LogSlate: Updating window title bar state: overlay mode, drag disabled, window buttons hidden, title bar hidden
[2021.03.19-15.27.10:584][163]LogAISub: UAISubsystem::~UAISubsystem EnvQueryManager (000002158582A400), frame # 2163
[2021.03.19-15.27.10:584][163]LogAISub: UAISubsystem::~UAISubsystem AIPerceptionSystem (00000215864B7D80), frame # 2163
[2021.03.19-15.27.10:586][163]LogUObjectHash: Compacting FUObjectHashTables data took   1.45ms
[2021.03.19-15.27.10:623][164]LogPlayLevel: Display: Destroying online subsystem :Context_1
[2021.03.19-15.27.22:584][353]LogEditorViewport: Clicking Background
[2021.03.19-15.27.23:647][477]LogTemp: Repeating last play command: Selected Viewport
[2021.03.19-15.27.23:676][477]LogPlayLevel: PlayLevel: No blueprints needed recompiling
[2021.03.19-15.27.23:676][477]PIE: New page: PIE session: Untitled_0 (19 Mar 2021, 15:27:23)
[2021.03.19-15.27.23:677][477]LogPlayLevel: Creating play world package: /Temp/UEDPIE_0_Untitled_0
[2021.03.19-15.27.23:677][477]LogPlayLevel: PIE: StaticDuplicateObject took: (0.000686s)
[2021.03.19-15.27.23:679][477]LogAIModule: Creating AISystem for world Untitled
[2021.03.19-15.27.23:679][477]LogAISub: UAISubsystem::UAISubsystem EnvQueryManager (00000215A312DA00), frame # 3477
[2021.03.19-15.27.23:679][477]LogAISub: UAISubsystem::UAISubsystem AIPerceptionSystem (00000215A30B9E40), frame # 3477
[2021.03.19-15.27.23:679][477]LogPlayLevel: PIE: World Init took: (0.001519s)
[2021.03.19-15.27.23:679][477]LogPlayLevel: PIE: Created PIE world by copying editor world from /Temp/Untitled_0.Untitled to /Temp/UEDPIE_0_Untitled_0.Untitled (0.002450s)
[2021.03.19-15.27.23:690][477]LogUObjectHash: Compacting FUObjectHashTables data took   0.72ms
[2021.03.19-15.27.23:693][477]LogAudioMixer: Display: Audio Mixer Platform Settings:
[2021.03.19-15.27.23:693][477]LogAudioMixer: Display: 	Sample Rate:						  48000
[2021.03.19-15.27.23:693][477]LogAudioMixer: Display: 	Callback Buffer Frame Size Requested: 1024
[2021.03.19-15.27.23:693][477]LogAudioMixer: Display: 	Callback Buffer Frame Size To Use:	  1024
[2021.03.19-15.27.23:693][477]LogAudioMixer: Display: 	Number of buffers to queue:			  2
[2021.03.19-15.27.23:693][477]LogAudioMixer: Display: 	Max Channels (voices):				  32
[2021.03.19-15.27.23:693][477]LogAudioMixer: Display: 	Number of Async Source Workers:		  0
[2021.03.19-15.27.23:693][477]LogAudio: Display: AudioDevice MaxSources: 32
[2021.03.19-15.27.23:694][477]LogAudio: Display: Using built-in audio occlusion.
[2021.03.19-15.27.23:694][477]LogAudioMixer: Display: Initializing audio mixer.
[2021.03.19-15.27.23:697][477]LogAudioMixer: Display: 0: FrontLeft
[2021.03.19-15.27.23:697][477]LogAudioMixer: Display: 1: FrontRight
[2021.03.19-15.27.23:706][477]LogAudioMixer: Display: Using Audio Device Speakers (Scream (WDM))
[2021.03.19-15.27.23:707][477]LogAudioMixer: Display: Initializing Sound Submixes...
[2021.03.19-15.27.23:707][477]LogAudioMixer: Display: Creating Master Submix 'MasterSubmixDefault'
[2021.03.19-15.27.23:707][477]LogAudioMixer: Display: Creating Master Submix 'MasterReverbSubmixDefault'
[2021.03.19-15.27.23:708][477]LogAudioMixer: Display: Creating Master Submix 'MasterEQSubmixDefault'
[2021.03.19-15.27.23:724][477]LogInit: FAudioDevice initialized.
[2021.03.19-15.27.23:733][477]LogLoad: Game class is 'FirstPersonGameMode_C'
[2021.03.19-15.27.23:733][477]LogWorld: Bringing World /Temp/UEDPIE_0_Untitled_0.Untitled up for play (max tick rate 0) at 2021.03.19-15.27.23
[2021.03.19-15.27.23:733][477]LogWorld: Bringing up level for play took: 0.000382
[2021.03.19-15.27.23:734][477]LogOnline: OSS: Creating online subsystem instance for: :Context_3
[2021.03.19-15.27.23:737][477]PIE: Server logged in
[2021.03.19-15.27.23:739][477]PIE: Play in editor total start time 0.064 seconds.
[2021.03.19-15.27.25:178][637]LogSlate: Updating window title bar state: overlay mode, drag disabled, window buttons hidden, title bar hidden
[2021.03.19-15.27.25:178][637]LogWorld: BeginTearingDown for /Temp/UEDPIE_0_Untitled_0
[2021.03.19-15.27.25:178][637]LogWorld: UWorld::CleanupWorld for Untitled, bSessionEnded=true, bCleanupResources=true
[2021.03.19-15.27.25:179][637]LogSlate: InvalidateAllWidgets triggered.  All widgets were invalidated
[2021.03.19-15.27.25:187][637]LogPlayLevel: Display: Shutting down PIE online subsystems
[2021.03.19-15.27.25:189][637]LogSlate: InvalidateAllWidgets triggered.  All widgets were invalidated
[2021.03.19-15.27.25:202][637]LogSlate: Updating window title bar state: overlay mode, drag disabled, window buttons hidden, title bar hidden
[2021.03.19-15.27.25:223][637]LogAISub: UAISubsystem::~UAISubsystem AIPerceptionSystem (00000215A30B9E40), frame # 3637
[2021.03.19-15.27.25:223][637]LogAISub: UAISubsystem::~UAISubsystem EnvQueryManager (00000215A312DA00), frame # 3637
[2021.03.19-15.27.25:224][637]LogUObjectHash: Compacting FUObjectHashTables data took   0.82ms
[2021.03.19-15.27.25:258][638]LogPlayLevel: Display: Destroying online subsystem :Context_3
[2021.03.19-15.27.29:407][ 74]LogUObjectHash: Compacting FUObjectHashTables data took   1.11ms
[2021.03.19-15.27.29:410][ 74]Cmd: MAP LOAD FILE="../../../../../../Users/Administrator/Documents/Unreal Projects/InvestigationTales/Content/MainMenu.umap" TEMPLATE=0 SHOWPROGRESS=1 FEATURELEVEL=3
[2021.03.19-15.27.29:441][ 74]LightingResults: New page: Lighting Build
[2021.03.19-15.27.29:443][ 74]LogContentBrowser: Native class hierarchy updated for 'StatsViewer' in 0.0005 seconds. Added 6 classes and 0 folders.
[2021.03.19-15.27.29:443][ 74]LoadErrors: New page: Loading map: MainMenu.umap
[2021.03.19-15.27.29:487][ 74]LogWorld: UWorld::CleanupWorld for Untitled, bSessionEnded=true, bCleanupResources=true
[2021.03.19-15.27.29:487][ 74]LogSlate: InvalidateAllWidgets triggered.  All widgets were invalidated
[2021.03.19-15.27.29:487][ 74]MapCheck: New page: Map Check
[2021.03.19-15.27.29:487][ 74]LightingResults: New page: Lighting Build
[2021.03.19-15.27.29:500][ 74]LogAISub: UAISubsystem::~UAISubsystem EnvQueryManager (00000215FAC63C00), frame # 4074
[2021.03.19-15.27.29:501][ 74]LogAISub: UAISubsystem::~UAISubsystem AIPerceptionSystem (00000215FACBBB00), frame # 4074
[2021.03.19-15.27.29:501][ 74]LogUObjectHash: Compacting FUObjectHashTables data took   0.71ms
[2021.03.19-15.27.29:560][ 74]LogBlueprint: Warning: [Compiler Main_Menu] Event Reply  Return Value  should not be empty.  Return a reply such as Handled or Unhandled.
[2021.03.19-15.27.29:561][ 74]LogBlueprint: Warning: [Compiler Main_Menu] Event Reply  Return Value  should not be empty.  Return a reply such as Handled or Unhandled.
[2021.03.19-15.27.29:613][ 74]LogAIModule: Creating AISystem for world MainMenu
[2021.03.19-15.27.29:613][ 74]LogAISub: UAISubsystem::UAISubsystem EnvQueryManager (000002158F829400), frame # 4074
[2021.03.19-15.27.29:613][ 74]LogAISub: UAISubsystem::UAISubsystem AIPerceptionSystem (00000215B66A1F80), frame # 4074
[2021.03.19-15.27.29:715][ 74]LogEditorServer: Finished looking for orphan Actors (0.000 secs)
[2021.03.19-15.27.29:730][ 74]LogUObjectHash: Compacting FUObjectHashTables data took   0.88ms
[2021.03.19-15.27.29:792][ 74]Cmd: MAP CHECKDEP NOCLEARLOG
[2021.03.19-15.27.29:792][ 74]MapCheck: Map check complete: 0 Error(s), 0 Warning(s), took 0.095ms to complete.
[2021.03.19-15.27.29:792][ 74]LogFileHelpers: Loading map 'MainMenu' took 0.383
[2021.03.19-15.27.29:793][ 74]LogSlate: Window 'Open Level' being destroyed
[2021.03.19-15.27.31:629][279]LogTemp: Repeating last play command: Selected Viewport
[2021.03.19-15.27.31:661][279]LogPlayLevel: PlayLevel: No blueprints needed recompiling
[2021.03.19-15.27.31:661][279]PIE: New page: PIE session: MainMenu (19 Mar 2021, 15:27:31)
[2021.03.19-15.27.31:661][279]LogPlayLevel: Creating play world package: /Game/UEDPIE_0_MainMenu
[2021.03.19-15.27.31:664][279]LogPlayLevel: PIE: StaticDuplicateObject took: (0.002106s)
[2021.03.19-15.27.31:665][279]LogAIModule: Creating AISystem for world MainMenu
[2021.03.19-15.27.31:665][279]LogAISub: UAISubsystem::UAISubsystem EnvQueryManager (00000215B6888200), frame # 4279
[2021.03.19-15.27.31:665][279]LogAISub: UAISubsystem::UAISubsystem AIPerceptionSystem (00000215A3134400), frame # 4279
[2021.03.19-15.27.31:666][279]LogPlayLevel: PIE: World Init took: (0.001987s)
[2021.03.19-15.27.31:666][279]LogPlayLevel: PIE: Created PIE world by copying editor world from /Game/MainMenu.MainMenu to /Game/UEDPIE_0_MainMenu.MainMenu (0.004243s)
[2021.03.19-15.27.31:678][279]LogUObjectHash: Compacting FUObjectHashTables data took   0.98ms
[2021.03.19-15.27.31:680][279]LogAudioMixer: Display: Audio Mixer Platform Settings:
[2021.03.19-15.27.31:680][279]LogAudioMixer: Display: 	Sample Rate:						  48000
[2021.03.19-15.27.31:680][279]LogAudioMixer: Display: 	Callback Buffer Frame Size Requested: 1024
[2021.03.19-15.27.31:680][279]LogAudioMixer: Display: 	Callback Buffer Frame Size To Use:	  1024
[2021.03.19-15.27.31:680][279]LogAudioMixer: Display: 	Number of buffers to queue:			  2
[2021.03.19-15.27.31:680][279]LogAudioMixer: Display: 	Max Channels (voices):				  32
[2021.03.19-15.27.31:680][279]LogAudioMixer: Display: 	Number of Async Source Workers:		  0
[2021.03.19-15.27.31:680][279]LogAudio: Display: AudioDevice MaxSources: 32
[2021.03.19-15.27.31:681][279]LogAudio: Display: Using built-in audio occlusion.
[2021.03.19-15.27.31:681][279]LogAudioMixer: Display: Initializing audio mixer.
[2021.03.19-15.27.31:682][279]LogAudioMixer: Display: 0: FrontLeft
[2021.03.19-15.27.31:682][279]LogAudioMixer: Display: 1: FrontRight
[2021.03.19-15.27.31:693][279]LogAudioMixer: Display: Using Audio Device Speakers (Scream (WDM))
[2021.03.19-15.27.31:693][279]LogAudioMixer: Display: Initializing Sound Submixes...
[2021.03.19-15.27.31:693][279]LogAudioMixer: Display: Creating Master Submix 'MasterSubmixDefault'
[2021.03.19-15.27.31:693][279]LogAudioMixer: Display: Creating Master Submix 'MasterReverbSubmixDefault'
[2021.03.19-15.27.31:694][279]LogAudioMixer: Display: Creating Master Submix 'MasterEQSubmixDefault'
[2021.03.19-15.27.31:711][279]LogInit: FAudioDevice initialized.
[2021.03.19-15.27.31:723][279]LogLoad: Game class is 'FirstPersonGameMode_C'
[2021.03.19-15.27.31:724][279]LogWorld: Bringing World /Game/UEDPIE_0_MainMenu.MainMenu up for play (max tick rate 0) at 2021.03.19-15.27.31
[2021.03.19-15.27.31:724][279]LogWorld: Bringing up level for play took: 0.000363
[2021.03.19-15.27.31:724][279]LogOnline: OSS: Creating online subsystem instance for: :Context_4
[2021.03.19-15.27.31:743][279]PIE: Server logged in
[2021.03.19-15.27.31:744][279]PIE: Play in editor total start time 0.084 seconds.
[2021.03.19-15.27.47:520][595]LogNet: Browse: /Game/FirstPersonBP/Maps/Level1
[2021.03.19-15.27.47:521][595]LogLoad: LoadMap: /Game/FirstPersonBP/Maps/Level1
[2021.03.19-15.27.47:521][595]LogWorld: BeginTearingDown for /Game/UEDPIE_0_MainMenu
[2021.03.19-15.27.47:522][595]LogWorld: UWorld::CleanupWorld for MainMenu, bSessionEnded=true, bCleanupResources=true
[2021.03.19-15.27.47:522][595]LogSlate: InvalidateAllWidgets triggered.  All widgets were invalidated
[2021.03.19-15.27.47:580][595]LogAISub: UAISubsystem::~UAISubsystem AIPerceptionSystem (00000215A3134400), frame # 5595
[2021.03.19-15.27.47:580][595]LogAISub: UAISubsystem::~UAISubsystem EnvQueryManager (00000215B6888200), frame # 5595
[2021.03.19-15.27.47:581][595]LogUObjectHash: Compacting FUObjectHashTables data took   1.09ms
[2021.03.19-15.27.48:381][595]LogStaticMesh: Building static mesh MOD_Coffee_table_Coffee_Table...
[2021.03.19-15.27.48:502][595]LogStaticMesh: Built static mesh [0.12s] /Game/Models/MOD_Coffee_table_Coffee_Table.MOD_Coffee_table_Coffee_Table
[2021.03.19-15.27.48:532][595]LogStaticMesh: Building static mesh MOD_Coffee_table_Handle001...
[2021.03.19-15.27.48:541][595]LogStaticMesh: Built static mesh [0.01s] /Game/Models/MOD_Coffee_table_Handle001.MOD_Coffee_table_Handle001
[2021.03.19-15.27.48:550][595]LogStaticMesh: Building static mesh MOD_Coffee_table_Handle002...
[2021.03.19-15.27.48:558][595]LogStaticMesh: Built static mesh [0.01s] /Game/Models/MOD_Coffee_table_Handle002.MOD_Coffee_table_Handle002
[2021.03.19-15.27.48:564][595]LogStaticMesh: Building static mesh MOD_Coffee_table_Handle003...
[2021.03.19-15.27.48:573][595]LogStaticMesh: Built static mesh [0.01s] /Game/Models/MOD_Coffee_table_Handle003.MOD_Coffee_table_Handle003
[2021.03.19-15.27.48:579][595]LogStaticMesh: Building static mesh MOD_Coffee_table_Handle004...
[2021.03.19-15.27.48:589][595]LogStaticMesh: Built static mesh [0.01s] /Game/Models/MOD_Coffee_table_Handle004.MOD_Coffee_table_Handle004
[2021.03.19-15.27.49:167][595]LogAIModule: Creating AISystem for world Level1
[2021.03.19-15.27.49:167][595]LogAISub: UAISubsystem::UAISubsystem EnvQueryManager (000002160910C200), frame # 5595
[2021.03.19-15.27.49:168][595]LogAISub: UAISubsystem::UAISubsystem AIPerceptionSystem (00000216090B7100), frame # 5595
[2021.03.19-15.27.49:168][595]LogLoad: Game class is 'FirstPersonGameMode_C'
[2021.03.19-15.27.49:176][595]LogWorld: Bringing World /Game/FirstPersonBP/Maps/UEDPIE_0_Level1.Level1 up for play (max tick rate 0) at 2021.03.19-15.27.49
[2021.03.19-15.27.49:176][595]LogWorld: Bringing up level for play took: 0.007729
[2021.03.19-15.27.49:184][595]LogSlate: Updating window title bar state: overlay mode, drag disabled, window buttons hidden, title bar hidden
[2021.03.19-15.27.49:244][595]LogLoad: Took 1.723500 seconds to LoadMap(/Game/FirstPersonBP/Maps/Level1)
[2021.03.19-15.27.53:928][ 71]LogSlate: Updating window title bar state: overlay mode, drag disabled, window buttons hidden, title bar hidden
[2021.03.19-15.27.53:928][ 71]LogWorld: BeginTearingDown for /Game/FirstPersonBP/Maps/UEDPIE_0_Level1
[2021.03.19-15.27.53:929][ 71]LogWorld: UWorld::CleanupWorld for Level1, bSessionEnded=true, bCleanupResources=true
[2021.03.19-15.27.53:930][ 71]LogSlate: InvalidateAllWidgets triggered.  All widgets were invalidated
[2021.03.19-15.27.53:943][ 71]LogPlayLevel: Display: Shutting down PIE online subsystems
[2021.03.19-15.27.53:946][ 71]LogSlate: InvalidateAllWidgets triggered.  All widgets were invalidated
[2021.03.19-15.27.53:957][ 71]LogSlate: Updating window title bar state: overlay mode, drag disabled, window buttons hidden, title bar hidden
[2021.03.19-15.27.53:983][ 71]LogAISub: UAISubsystem::~UAISubsystem EnvQueryManager (000002160910C200), frame # 6071
[2021.03.19-15.27.53:983][ 71]LogAISub: UAISubsystem::~UAISubsystem AIPerceptionSystem (00000216090B7100), frame # 6071
[2021.03.19-15.27.53:985][ 71]LogUObjectHash: Compacting FUObjectHashTables data took   1.01ms
[2021.03.19-15.27.54:030][ 72]LogPlayLevel: Display: Destroying online subsystem :Context_4
[2021.03.19-15.27.58:124][244]LogEditorViewport: Clicking Background
[2021.03.19-15.27.58:997][343]LogTemp: Repeating last play command: Selected Viewport
[2021.03.19-15.27.59:024][343]LogPlayLevel: PlayLevel: No blueprints needed recompiling
[2021.03.19-15.27.59:024][343]PIE: New page: PIE session: MainMenu (19 Mar 2021, 15:27:59)
[2021.03.19-15.27.59:024][343]LogPlayLevel: Creating play world package: /Game/UEDPIE_0_MainMenu
[2021.03.19-15.27.59:026][343]LogPlayLevel: PIE: StaticDuplicateObject took: (0.001131s)
[2021.03.19-15.27.59:027][343]LogAIModule: Creating AISystem for world MainMenu
[2021.03.19-15.27.59:027][343]LogAISub: UAISubsystem::UAISubsystem EnvQueryManager (000002160906FA00), frame # 6343
[2021.03.19-15.27.59:027][343]LogAISub: UAISubsystem::UAISubsystem AIPerceptionSystem (00000215E9D8FEC0), frame # 6343
[2021.03.19-15.27.59:028][343]LogPlayLevel: PIE: World Init took: (0.002031s)
[2021.03.19-15.27.59:028][343]LogPlayLevel: PIE: Created PIE world by copying editor world from /Game/MainMenu.MainMenu to /Game/UEDPIE_0_MainMenu.MainMenu (0.003318s)
[2021.03.19-15.27.59:040][343]LogUObjectHash: Compacting FUObjectHashTables data took   0.85ms
[2021.03.19-15.27.59:042][343]LogAudioMixer: Display: Audio Mixer Platform Settings:
[2021.03.19-15.27.59:042][343]LogAudioMixer: Display: 	Sample Rate:						  48000
[2021.03.19-15.27.59:042][343]LogAudioMixer: Display: 	Callback Buffer Frame Size Requested: 1024
[2021.03.19-15.27.59:042][343]LogAudioMixer: Display: 	Callback Buffer Frame Size To Use:	  1024
[2021.03.19-15.27.59:042][343]LogAudioMixer: Display: 	Number of buffers to queue:			  2
[2021.03.19-15.27.59:042][343]LogAudioMixer: Display: 	Max Channels (voices):				  32
[2021.03.19-15.27.59:042][343]LogAudioMixer: Display: 	Number of Async Source Workers:		  0
[2021.03.19-15.27.59:042][343]LogAudio: Display: AudioDevice MaxSources: 32
[2021.03.19-15.27.59:042][343]LogAudio: Display: Using built-in audio occlusion.
[2021.03.19-15.27.59:042][343]LogAudioMixer: Display: Initializing audio mixer.
[2021.03.19-15.27.59:044][343]LogAudioMixer: Display: 0: FrontLeft
[2021.03.19-15.27.59:044][343]LogAudioMixer: Display: 1: FrontRight
[2021.03.19-15.27.59:056][343]LogAudioMixer: Display: Using Audio Device Speakers (Scream (WDM))
[2021.03.19-15.27.59:057][343]LogAudioMixer: Display: Initializing Sound Submixes...
[2021.03.19-15.27.59:057][343]LogAudioMixer: Display: Creating Master Submix 'MasterSubmixDefault'
[2021.03.19-15.27.59:057][343]LogAudioMixer: Display: Creating Master Submix 'MasterReverbSubmixDefault'
[2021.03.19-15.27.59:058][343]LogAudioMixer: Display: Creating Master Submix 'MasterEQSubmixDefault'
[2021.03.19-15.27.59:073][343]LogInit: FAudioDevice initialized.
[2021.03.19-15.27.59:080][343]LogLoad: Game class is 'FirstPersonGameMode_C'
[2021.03.19-15.27.59:081][343]LogWorld: Bringing World /Game/UEDPIE_0_MainMenu.MainMenu up for play (max tick rate 0) at 2021.03.19-15.27.59
[2021.03.19-15.27.59:081][343]LogWorld: Bringing up level for play took: 0.000541
[2021.03.19-15.27.59:081][343]LogOnline: OSS: Creating online subsystem instance for: :Context_6
[2021.03.19-15.27.59:084][343]PIE: Server logged in
[2021.03.19-15.27.59:085][343]PIE: Play in editor total start time 0.061 seconds.
[2021.03.19-15.28.16:384][936]LogNet: Browse: /Game/FirstPersonBP/Maps/Level1
[2021.03.19-15.28.16:384][936]LogLoad: LoadMap: /Game/FirstPersonBP/Maps/Level1
[2021.03.19-15.28.16:384][936]LogWorld: BeginTearingDown for /Game/UEDPIE_0_MainMenu
[2021.03.19-15.28.16:384][936]LogWorld: UWorld::CleanupWorld for MainMenu, bSessionEnded=true, bCleanupResources=true
[2021.03.19-15.28.16:384][936]LogSlate: InvalidateAllWidgets triggered.  All widgets were invalidated
[2021.03.19-15.28.16:432][936]LogAISub: UAISubsystem::~UAISubsystem AIPerceptionSystem (00000215E9D8FEC0), frame # 7936
[2021.03.19-15.28.16:432][936]LogAISub: UAISubsystem::~UAISubsystem EnvQueryManager (000002160906FA00), frame # 7936
[2021.03.19-15.28.16:434][936]LogUObjectHash: Compacting FUObjectHashTables data took   1.30ms
[2021.03.19-15.28.16:465][936]LogAIModule: Creating AISystem for world Level1
[2021.03.19-15.28.16:465][936]LogAISub: UAISubsystem::UAISubsystem EnvQueryManager (0000021608E20E00), frame # 7936
[2021.03.19-15.28.16:465][936]LogAISub: UAISubsystem::UAISubsystem AIPerceptionSystem (0000021608F707C0), frame # 7936
[2021.03.19-15.28.16:465][936]LogLoad: Game class is 'FirstPersonGameMode_C'
[2021.03.19-15.28.16:473][936]LogWorld: Bringing World /Game/FirstPersonBP/Maps/UEDPIE_0_Level1.Level1 up for play (max tick rate 0) at 2021.03.19-15.28.16
[2021.03.19-15.28.16:473][936]LogWorld: Bringing up level for play took: 0.006730
[2021.03.19-15.28.16:474][936]LogSlate: Updating window title bar state: overlay mode, drag disabled, window buttons hidden, title bar hidden
[2021.03.19-15.28.16:475][936]LogLoad: Took 0.090599 seconds to LoadMap(/Game/FirstPersonBP/Maps/Level1)
[2021.03.19-15.28.26:169][609]LogSlate: Updating window title bar state: overlay mode, drag disabled, window buttons hidden, title bar hidden
[2021.03.19-15.28.26:169][609]LogWorld: BeginTearingDown for /Game/FirstPersonBP/Maps/UEDPIE_0_Level1
[2021.03.19-15.28.26:170][609]LogWorld: UWorld::CleanupWorld for Level1, bSessionEnded=true, bCleanupResources=true
[2021.03.19-15.28.26:171][609]LogSlate: InvalidateAllWidgets triggered.  All widgets were invalidated
[2021.03.19-15.28.26:183][609]LogPlayLevel: Display: Shutting down PIE online subsystems
[2021.03.19-15.28.26:186][609]LogSlate: InvalidateAllWidgets triggered.  All widgets were invalidated
[2021.03.19-15.28.26:227][609]LogSlate: Updating window title bar state: overlay mode, drag disabled, window buttons hidden, title bar hidden
[2021.03.19-15.28.26:229][609]LogAISub: UAISubsystem::~UAISubsystem AIPerceptionSystem (0000021608F707C0), frame # 8609
[2021.03.19-15.28.26:229][609]LogAISub: UAISubsystem::~UAISubsystem EnvQueryManager (0000021608E20E00), frame # 8609
[2021.03.19-15.28.26:232][609]LogUObjectHash: Compacting FUObjectHashTables data took   1.15ms
[2021.03.19-15.28.26:280][610]LogPlayLevel: Display: Destroying online subsystem :Context_6
[2021.03.19-15.28.27:483][748]LogTemp: Repeating last play command: Selected Viewport
[2021.03.19-15.28.27:510][748]LogPlayLevel: PlayLevel: No blueprints needed recompiling
[2021.03.19-15.28.27:510][748]PIE: New page: PIE session: MainMenu (19 Mar 2021, 15:28:27)
[2021.03.19-15.28.27:510][748]LogPlayLevel: Creating play world package: /Game/UEDPIE_0_MainMenu
[2021.03.19-15.28.27:511][748]LogPlayLevel: PIE: StaticDuplicateObject took: (0.001388s)
[2021.03.19-15.28.27:513][748]LogAIModule: Creating AISystem for world MainMenu
[2021.03.19-15.28.27:513][748]LogAISub: UAISubsystem::UAISubsystem EnvQueryManager (000002158F82A600), frame # 8748
[2021.03.19-15.28.27:513][748]LogAISub: UAISubsystem::UAISubsystem AIPerceptionSystem (00000215A30B96C0), frame # 8748
[2021.03.19-15.28.27:513][748]LogPlayLevel: PIE: World Init took: (0.001602s)
[2021.03.19-15.28.27:513][748]LogPlayLevel: PIE: Created PIE world by copying editor world from /Game/MainMenu.MainMenu to /Game/UEDPIE_0_MainMenu.MainMenu (0.003188s)
[2021.03.19-15.28.27:525][748]LogUObjectHash: Compacting FUObjectHashTables data took   0.98ms
[2021.03.19-15.28.27:528][748]LogAudioMixer: Display: Audio Mixer Platform Settings:
[2021.03.19-15.28.27:528][748]LogAudioMixer: Display: 	Sample Rate:						  48000
[2021.03.19-15.28.27:528][748]LogAudioMixer: Display: 	Callback Buffer Frame Size Requested: 1024
[2021.03.19-15.28.27:528][748]LogAudioMixer: Display: 	Callback Buffer Frame Size To Use:	  1024
[2021.03.19-15.28.27:528][748]LogAudioMixer: Display: 	Number of buffers to queue:			  2
[2021.03.19-15.28.27:528][748]LogAudioMixer: Display: 	Max Channels (voices):				  32
[2021.03.19-15.28.27:528][748]LogAudioMixer: Display: 	Number of Async Source Workers:		  0
[2021.03.19-15.28.27:528][748]LogAudio: Display: AudioDevice MaxSources: 32
[2021.03.19-15.28.27:528][748]LogAudio: Display: Using built-in audio occlusion.
[2021.03.19-15.28.27:528][748]LogAudioMixer: Display: Initializing audio mixer.
[2021.03.19-15.28.27:530][748]LogAudioMixer: Display: 0: FrontLeft
[2021.03.19-15.28.27:530][748]LogAudioMixer: Display: 1: FrontRight
[2021.03.19-15.28.27:540][748]LogAudioMixer: Display: Using Audio Device Speakers (Scream (WDM))
[2021.03.19-15.28.27:540][748]LogAudioMixer: Display: Initializing Sound Submixes...
[2021.03.19-15.28.27:540][748]LogAudioMixer: Display: Creating Master Submix 'MasterSubmixDefault'
[2021.03.19-15.28.27:540][748]LogAudioMixer: Display: Creating Master Submix 'MasterReverbSubmixDefault'
[2021.03.19-15.28.27:542][748]LogAudioMixer: Display: Creating Master Submix 'MasterEQSubmixDefault'
[2021.03.19-15.28.27:558][748]LogInit: FAudioDevice initialized.
[2021.03.19-15.28.27:567][748]LogLoad: Game class is 'FirstPersonGameMode_C'
[2021.03.19-15.28.27:568][748]LogWorld: Bringing World /Game/UEDPIE_0_MainMenu.MainMenu up for play (max tick rate 0) at 2021.03.19-15.28.27
[2021.03.19-15.28.27:568][748]LogWorld: Bringing up level for play took: 0.000405
[2021.03.19-15.28.27:568][748]LogOnline: OSS: Creating online subsystem instance for: :Context_7
[2021.03.19-15.28.27:573][748]PIE: Server logged in
[2021.03.19-15.28.27:574][748]PIE: Play in editor total start time 0.066 seconds.
[2021.03.19-15.28.36:435][529]LogNet: Browse: /Game/FirstPersonBP/Maps/Level1
[2021.03.19-15.28.36:435][529]LogLoad: LoadMap: /Game/FirstPersonBP/Maps/Level1
[2021.03.19-15.28.36:435][529]LogWorld: BeginTearingDown for /Game/UEDPIE_0_MainMenu
[2021.03.19-15.28.36:436][529]LogWorld: UWorld::CleanupWorld for MainMenu, bSessionEnded=true, bCleanupResources=true
[2021.03.19-15.28.36:436][529]LogSlate: InvalidateAllWidgets triggered.  All widgets were invalidated
[2021.03.19-15.28.36:471][529]LogAISub: UAISubsystem::~UAISubsystem AIPerceptionSystem (00000215A30B96C0), frame # 9529
[2021.03.19-15.28.36:471][529]LogAISub: UAISubsystem::~UAISubsystem EnvQueryManager (000002158F82A600), frame # 9529
[2021.03.19-15.28.36:472][529]LogUObjectHash: Compacting FUObjectHashTables data took   0.89ms
[2021.03.19-15.28.36:503][529]LogAIModule: Creating AISystem for world Level1
[2021.03.19-15.28.36:503][529]LogAISub: UAISubsystem::UAISubsystem EnvQueryManager (000002158F8C3200), frame # 9529
[2021.03.19-15.28.36:503][529]LogAISub: UAISubsystem::UAISubsystem AIPerceptionSystem (0000021608F72D40), frame # 9529
[2021.03.19-15.28.36:504][529]LogLoad: Game class is 'FirstPersonGameMode_C'
[2021.03.19-15.28.36:511][529]LogWorld: Bringing World /Game/FirstPersonBP/Maps/UEDPIE_0_Level1.Level1 up for play (max tick rate 0) at 2021.03.19-15.28.36
[2021.03.19-15.28.36:512][529]LogWorld: Bringing up level for play took: 0.007406
[2021.03.19-15.28.36:513][529]LogSlate: Updating window title bar state: overlay mode, drag disabled, window buttons hidden, title bar hidden
[2021.03.19-15.28.36:513][529]LogLoad: Took 0.078606 seconds to LoadMap(/Game/FirstPersonBP/Maps/Level1)
[2021.03.19-15.28.39:369][845]LogSlate: Updating window title bar state: overlay mode, drag disabled, window buttons hidden, title bar hidden
[2021.03.19-15.28.39:865][903]LogSlate: Updating window title bar state: overlay mode, drag disabled, window buttons hidden, title bar hidden
[2021.03.19-15.28.41:273][ 64]LogSlate: Updating window title bar state: overlay mode, drag disabled, window buttons hidden, title bar hidden
[2021.03.19-15.28.43:047][269]LogSlate: Updating window title bar state: overlay mode, drag disabled, window buttons hidden, title bar hidden
[2021.03.19-15.28.44:075][389]LogSlate: Updating window title bar state: overlay mode, drag disabled, window buttons hidden, title bar hidden
[2021.03.19-15.28.47:213][756]LogSlate: Updating window title bar state: overlay mode, drag disabled, window buttons hidden, title bar hidden
[2021.03.19-15.28.49:303][995]LogSlate: Updating window title bar state: overlay mode, drag disabled, window buttons hidden, title bar hidden
[2021.03.19-15.28.53:280][456]LogSlate: Updating window title bar state: overlay mode, drag disabled, window buttons hidden, title bar hidden
[2021.03.19-15.28.55:441][706]LogSlate: Updating window title bar state: overlay mode, drag disabled, window buttons hidden, title bar hidden
[2021.03.19-15.29.01:401][393]LogSlate: Updating window title bar state: overlay mode, drag disabled, window buttons hidden, title bar hidden
[2021.03.19-15.29.02:246][492]LogSlate: Updating window title bar state: overlay mode, drag disabled, window buttons hidden, title bar hidden
[2021.03.19-15.29.12:200][655]LogSlate: Updating window title bar state: overlay mode, drag disabled, window buttons hidden, title bar hidden
[2021.03.19-15.29.14:294][887]LogSlate: Updating window title bar state: overlay mode, drag disabled, window buttons hidden, title bar hidden
[2021.03.19-15.29.14:294][887]LogWorld: BeginTearingDown for /Game/FirstPersonBP/Maps/UEDPIE_0_Level1
[2021.03.19-15.29.14:295][887]LogWorld: UWorld::CleanupWorld for Level1, bSessionEnded=true, bCleanupResources=true
[2021.03.19-15.29.14:296][887]LogSlate: InvalidateAllWidgets triggered.  All widgets were invalidated
[2021.03.19-15.29.14:305][887]LogPlayLevel: Display: Shutting down PIE online subsystems
[2021.03.19-15.29.14:309][887]LogSlate: InvalidateAllWidgets triggered.  All widgets were invalidated
[2021.03.19-15.29.14:364][887]LogSlate: Updating window title bar state: overlay mode, drag disabled, window buttons hidden, title bar hidden
[2021.03.19-15.29.14:367][887]LogAISub: UAISubsystem::~UAISubsystem AIPerceptionSystem (0000021608F72D40), frame # 13887
[2021.03.19-15.29.14:367][887]LogAISub: UAISubsystem::~UAISubsystem EnvQueryManager (000002158F8C3200), frame # 13887
[2021.03.19-15.29.14:369][887]LogUObjectHash: Compacting FUObjectHashTables data took   0.99ms
[2021.03.19-15.29.14:426][888]LogPlayLevel: Display: Destroying online subsystem :Context_7
