Log file open, 03/16/21 10:38:07
LogInit: Display: Running engine for game: InvestigationTales
LogPlatformFile: Not using cached read wrapper
LogTaskGraph: Started task graph with 5 named threads and 11 total threads with 3 sets of task threads.
LogStats: Stats thread started at 0.252973
LogD3D11RHI: Loaded GFSDK_Aftermath_Lib.x64.dll
LogICUInternationalization: ICU TimeZone Detection - Raw Offset: +0:00, Platform Override: ''
LogPluginManager: Mounting plugin Paper2D
LogPluginManager: Mounting plugin AISupport
LogPluginManager: Mounting plugin LightPropagationVolume
LogPluginManager: Mounting plugin CameraShakePreviewer
LogPluginManager: Mounting plugin ActorLayerUtilities
LogPluginManager: Mounting plugin AnimationSharing
LogPluginManager: Mounting plugin CLionSourceCodeAccess
LogPluginManager: Mounting plugin CodeLiteSourceCodeAccess
LogPluginManager: Mounting plugin GitSourceControl
LogPluginManager: Mounting plugin KDevelopSourceCodeAccess
LogPluginManager: Mounting plugin NullSourceCodeAccess
LogPluginManager: Mounting plugin PerforceSourceControl
LogPluginManager: Mounting plugin PlasticSourceControl
LogPluginManager: Mounting plugin RiderSourceCodeAccess
LogPluginManager: Mounting plugin SubversionSourceControl
LogPluginManager: Mounting plugin UObjectPlugin
LogPluginManager: Mounting plugin VisualStudioCodeSourceCodeAccess
LogPluginManager: Mounting plugin VisualStudioSourceCodeAccess
LogPluginManager: Mounting plugin XCodeSourceCodeAccess
LogPluginManager: Mounting plugin AssetManagerEditor
LogPluginManager: Mounting plugin CryptoKeys
LogPluginManager: Mounting plugin CurveEditorTools
LogPluginManager: Mounting plugin DataValidation
LogPluginManager: Mounting plugin EditorScriptingUtilities
LogPluginManager: Mounting plugin FacialAnimation
LogPluginManager: Mounting plugin GameplayTagsEditor
LogPluginManager: Mounting plugin GeometryMode
LogPluginManager: Mounting plugin MacGraphicsSwitching
LogPluginManager: Mounting plugin MaterialAnalyzer
LogPluginManager: Mounting plugin MobileLauncherProfileWizard
LogPluginManager: Mounting plugin PluginBrowser
LogPluginManager: Mounting plugin SpeedTreeImporter
LogPluginManager: Mounting plugin DatasmithContent
LogPluginManager: Mounting plugin VariantManagerContent
LogPluginManager: Mounting plugin AlembicImporter
LogPluginManager: Mounting plugin AutomationUtils
LogPluginManager: Mounting plugin BackChannel
LogPluginManager: Mounting plugin ChaosCloth
LogPluginManager: Mounting plugin ChaosClothEditor
LogPluginManager: Mounting plugin ChaosEditor
LogPluginManager: Mounting plugin ChaosNiagara
LogPluginManager: Mounting plugin ChaosSolverPlugin
LogPluginManager: Mounting plugin CharacterAI
LogPluginManager: Mounting plugin GeometryCache
LogPluginManager: Mounting plugin GeometryCollectionPlugin
LogPluginManager: Mounting plugin GeometryProcessing
LogPluginManager: Mounting plugin PlanarCut
LogPluginManager: Mounting plugin PlatformCrypto
LogPluginManager: Mounting plugin ProxyLODPlugin
LogPluginManager: Mounting plugin SkeletalReduction
LogPluginManager: Mounting plugin Niagara
LogPluginManager: Mounting plugin MagicLeap
LogPluginManager: Mounting plugin MagicLeapLightEstimation
LogPluginManager: Mounting plugin MagicLeapMedia
LogPluginManager: Mounting plugin MagicLeapPassableWorld
LogPluginManager: Mounting plugin MLSDK
LogPluginManager: Mounting plugin AndroidMedia
LogPluginManager: Mounting plugin AvfMedia
LogPluginManager: Mounting plugin ImgMedia
LogPluginManager: Mounting plugin MediaCompositing
LogPluginManager: Mounting plugin MediaPlayerEditor
LogPluginManager: Mounting plugin WebMMedia
LogPluginManager: Mounting plugin WmfMedia
LogPluginManager: Mounting plugin MeshPainting
LogPluginManager: Mounting plugin TcpMessaging
LogPluginManager: Mounting plugin UdpMessaging
LogPluginManager: Mounting plugin ActorSequence
LogPluginManager: Mounting plugin LevelSequenceEditor
LogPluginManager: Mounting plugin MatineeToLevelSequence
LogPluginManager: Mounting plugin MovieRenderPipeline
LogPluginManager: Mounting plugin TemplateSequence
LogPluginManager: Mounting plugin NetcodeUnitTest
LogPluginManager: Mounting plugin NUTUnrealEngine4
LogPluginManager: Mounting plugin OnlineSubsystemGooglePlay
LogPluginManager: Mounting plugin OnlineSubsystemIOS
LogPluginManager: Mounting plugin OnlineSubsystem
LogPluginManager: Mounting plugin OnlineSubsystemNull
LogPluginManager: Mounting plugin OnlineSubsystemUtils
LogPluginManager: Mounting plugin LauncherChunkInstaller
LogPluginManager: Mounting plugin AndroidDeviceProfileSelector
LogPluginManager: Mounting plugin AndroidMoviePlayer
LogPluginManager: Mounting plugin AndroidPermission
LogPluginManager: Mounting plugin AppleImageUtils
LogPluginManager: Mounting plugin AppleMoviePlayer
LogPluginManager: Mounting plugin ArchVisCharacter
LogPluginManager: Mounting plugin AssetTags
LogPluginManager: Mounting plugin AudioCapture
LogPluginManager: Mounting plugin CableComponent
LogPluginManager: Mounting plugin CustomMeshComponent
LogPluginManager: Mounting plugin EditableMesh
LogPluginManager: Mounting plugin ExampleDeviceProfileSelector
LogPluginManager: Mounting plugin GoogleCloudMessaging
LogPluginManager: Mounting plugin GooglePAD
LogPluginManager: Mounting plugin IOSDeviceProfileSelector
LogPluginManager: Mounting plugin LinuxDeviceProfileSelector
LogPluginManager: Mounting plugin LocationServicesBPLibrary
LogPluginManager: Mounting plugin MobilePatchingUtils
LogPluginManager: Mounting plugin OculusVR
LogPluginManager: Mounting plugin PhysXVehicles
LogPluginManager: Mounting plugin PostSplashScreen
LogPluginManager: Mounting plugin ProceduralMeshComponent
LogPluginManager: Mounting plugin RuntimePhysXCooking
LogPluginManager: Mounting plugin SignificanceManager
LogPluginManager: Mounting plugin SoundFields
LogPluginManager: Mounting plugin SteamVR
LogPluginManager: Mounting plugin Synthesis
LogPluginManager: Mounting plugin WebMMoviePlayer
LogPluginManager: Mounting plugin WindowsMoviePlayer
LogPluginManager: Mounting plugin ScreenshotTools
LogInit: Using libcurl 7.55.1-DEV
LogInit:  - built for x86_64-pc-win32
LogInit:  - supports SSL with OpenSSL/1.1.1
LogInit:  - supports HTTP deflate (compression) using libz 1.2.8
LogInit:  - other features:
LogInit:      CURL_VERSION_SSL
LogInit:      CURL_VERSION_LIBZ
LogInit:      CURL_VERSION_IPV6
LogInit:      CURL_VERSION_ASYNCHDNS
LogInit:      CURL_VERSION_LARGEFILE
LogInit:      CURL_VERSION_IDN
LogInit:  CurlRequestOptions (configurable via config and command line):
LogInit:  - bVerifyPeer = true  - Libcurl will verify peer certificate
LogInit:  - bUseHttpProxy = false  - Libcurl will NOT use HTTP proxy
LogInit:  - bDontReuseConnections = false  - Libcurl will reuse connections
LogInit:  - MaxHostConnections = 16  - Libcurl will limit the number of connections to a host
LogInit:  - LocalHostAddr = Default
LogInit:  - BufferSize = 65536
LogOnline: OSS: Creating online subsystem instance for: NULL
LogInit: WinSock: version 1.1 (2.2), MaxSocks=32767, MaxUdp=65467
LogOnline: OSS: TryLoadSubsystemAndSetDefault: Loaded subsystem for module [NULL]
LogInit: Build: ++UE4+Release-4.25-CL-14469661
LogInit: Engine Version: 4.25.4-14469661+++UE4+Release-4.25
LogInit: Compatible Engine Version: 4.25.0-13144385+++UE4+Release-4.25
LogInit: Net CL: 13144385
LogInit: OS: Windows Server 2019 (Release 1809) (), CPU: Intel(R) Xeon(R) Platinum 8259CL CPU @ 2.50GHz, GPU: NVIDIA Tesla T4
LogInit: Compiled (64-bit): Oct 11 2020 08:10:49
LogInit: Compiled with Visual C++: 19.24.28315.00
LogInit: Build Configuration: Development
LogInit: Branch Name: ++UE4+Release-4.25
LogInit: Command Line: 
LogInit: Base Directory: C:/Program Files/Epic Games/UE_4.25/Engine/Binaries/Win64/
LogInit: Allocator: TBB
LogInit: Installed Engine Build: 1
LogDevObjectVersion: Number of dev versions registered: 26
LogDevObjectVersion:   Dev-Blueprints (B0D832E4-1F89-4F0D-ACCF-7EB736FD4AA2): 10
LogDevObjectVersion:   Dev-Build (E1C64328-A22C-4D53-A36C-8E866417BD8C): 0
LogDevObjectVersion:   Dev-Core (375EC13C-06E4-48FB-B500-84F0262A717E): 4
LogDevObjectVersion:   Dev-Editor (E4B068ED-F494-42E9-A231-DA0B2E46BB41): 38
LogDevObjectVersion:   Dev-Framework (CFFC743F-43B0-4480-9391-14DF171D2073): 37
LogDevObjectVersion:   Dev-Mobile (B02B49B5-BB20-44E9-A304-32B752E40360): 2
LogDevObjectVersion:   Dev-Networking (A4E4105C-59A1-49B5-A7C5-40C4547EDFEE): 0
LogDevObjectVersion:   Dev-Online (39C831C9-5AE6-47DC-9A44-9C173E1C8E7C): 0
LogDevObjectVersion:   Dev-Physics (78F01B33-EBEA-4F98-B9B4-84EACCB95AA2): 4
LogDevObjectVersion:   Dev-Platform (6631380F-2D4D-43E0-8009-CF276956A95A): 0
LogDevObjectVersion:   Dev-Rendering (12F88B9F-8875-4AFC-A67C-D90C383ABD29): 43
LogDevObjectVersion:   Dev-Sequencer (7B5AE74C-D270-4C10-A958-57980B212A5A): 12
LogDevObjectVersion:   Dev-VR (D7296918-1DD6-4BDD-9DE2-64A83CC13884): 3
LogDevObjectVersion:   Dev-LoadTimes (C2A15278-BFE7-4AFE-6C17-90FF531DF755): 1
LogDevObjectVersion:   Private-Geometry (6EACA3D4-40EC-4CC1-B786-8BED09428FC5): 3
LogDevObjectVersion:   Dev-AnimPhys (29E575DD-E0A3-4627-9D10-D276232CDCEA): 17
LogDevObjectVersion:   Dev-Anim (AF43A65D-7FD3-4947-9873-3E8ED9C1BB05): 7
LogDevObjectVersion:   Dev-ReflectionCapture (6B266CEC-1EC7-4B8F-A30B-E4D90942FC07): 1
LogDevObjectVersion:   Dev-Automation (0DF73D61-A23F-47EA-B727-89E90C41499A): 1
LogDevObjectVersion:   FortniteMain (601D1886-AC64-4F84-AA16-D3DE0DEAC7D6): 31
LogDevObjectVersion:   Dev-Enterprise (9DFFBCD6-494F-0158-E221-12823C92A888): 10
LogDevObjectVersion:   Dev-Niagara (F2AED0AC-9AFE-416F-8664-AA7FFA26D6FC): 1
LogDevObjectVersion:   Dev-Destruction (174F1F0B-B4C6-45A5-B13F-2EE8D0FB917D): 10
LogDevObjectVersion:   Dev-Physics-Ext (35F94A83-E258-406C-A318-09F59610247C): 37
LogDevObjectVersion:   Dev-PhysicsMaterial-Chaos (B68FC16E-8B1B-42E2-B453-215C058844FE): 1
LogDevObjectVersion:   Dev-CineCamera (B2E18506-4273-CFC2-A54E-F4BB758BBA07): 1
LogInit: Presizing for max 25165824 objects, including 0 objects not considered by GC, pre-allocating 0 bytes for permanent pool.
LogConfig: Applying CVar settings from Section [/Script/Engine.StreamingSettings] File [C:/Users/Administrator/Documents/Unreal Projects/InvestigationTales/Saved/Config/Windows/Engine.ini]
LogConfig: Setting CVar [[s.MinBulkDataSizeForAsyncLoading:131072]]
LogConfig: Setting CVar [[s.AsyncLoadingThreadEnabled:0]]
LogConfig: Setting CVar [[s.EventDrivenLoaderEnabled:1]]
LogConfig: Setting CVar [[s.WarnIfTimeLimitExceeded:0]]
LogConfig: Setting CVar [[s.TimeLimitExceededMultiplier:1.5]]
LogConfig: Setting CVar [[s.TimeLimitExceededMinTime:0.005]]
LogConfig: Setting CVar [[s.UseBackgroundLevelStreaming:1]]
LogConfig: Setting CVar [[s.PriorityAsyncLoadingExtraTime:15.0]]
LogConfig: Setting CVar [[s.LevelStreamingActorsUpdateTimeLimit:5.0]]
LogConfig: Setting CVar [[s.PriorityLevelStreamingActorsUpdateExtraTime:5.0]]
LogConfig: Setting CVar [[s.LevelStreamingComponentsRegistrationGranularity:10]]
LogConfig: Setting CVar [[s.UnregisterComponentsTimeLimit:1.0]]
LogConfig: Setting CVar [[s.LevelStreamingComponentsUnregistrationGranularity:5]]
LogConfig: Setting CVar [[s.FlushStreamingOnExit:1]]
LogInit: Object subsystem initialized
LogConfig: Setting CVar [[con.DebugEarlyDefault:1]]
LogConfig: Setting CVar [[r.setres:1280x720]]
[2021.03.16-10.38.07:884][  0]LogConfig: Setting CVar [[r.VSync:0]]
[2021.03.16-10.38.07:884][  0]LogConfig: Setting CVar [[r.RHICmdBypass:0]]
[2021.03.16-10.38.07:884][  0]LogConfig: Applying CVar settings from Section [/Script/Engine.RendererSettings] File [C:/Users/Administrator/Documents/Unreal Projects/InvestigationTales/Saved/Config/Windows/Engine.ini]
[2021.03.16-10.38.07:884][  0]LogConfig: Setting CVar [[r.GPUCrashDebugging:0]]
[2021.03.16-10.38.07:885][  0]LogConfig: Applying CVar settings from Section [/Script/Engine.RendererOverrideSettings] File [C:/Users/Administrator/Documents/Unreal Projects/InvestigationTales/Saved/Config/Windows/Engine.ini]
[2021.03.16-10.38.07:885][  0]LogConfig: Applying CVar settings from Section [/Script/Engine.StreamingSettings] File [C:/Users/Administrator/Documents/Unreal Projects/InvestigationTales/Saved/Config/Windows/Engine.ini]
[2021.03.16-10.38.07:885][  0]LogConfig: Setting CVar [[s.MinBulkDataSizeForAsyncLoading:131072]]
[2021.03.16-10.38.07:885][  0]LogConfig: Setting CVar [[s.AsyncLoadingThreadEnabled:0]]
[2021.03.16-10.38.07:885][  0]LogConfig: Setting CVar [[s.EventDrivenLoaderEnabled:1]]
[2021.03.16-10.38.07:885][  0]LogConfig: Setting CVar [[s.WarnIfTimeLimitExceeded:0]]
[2021.03.16-10.38.07:885][  0]LogConfig: Setting CVar [[s.TimeLimitExceededMultiplier:1.5]]
[2021.03.16-10.38.07:885][  0]LogConfig: Setting CVar [[s.TimeLimitExceededMinTime:0.005]]
[2021.03.16-10.38.07:885][  0]LogConfig: Setting CVar [[s.UseBackgroundLevelStreaming:1]]
[2021.03.16-10.38.07:885][  0]LogConfig: Setting CVar [[s.PriorityAsyncLoadingExtraTime:15.0]]
[2021.03.16-10.38.07:885][  0]LogConfig: Setting CVar [[s.LevelStreamingActorsUpdateTimeLimit:5.0]]
[2021.03.16-10.38.07:885][  0]LogConfig: Setting CVar [[s.PriorityLevelStreamingActorsUpdateExtraTime:5.0]]
[2021.03.16-10.38.07:885][  0]LogConfig: Setting CVar [[s.LevelStreamingComponentsRegistrationGranularity:10]]
[2021.03.16-10.38.07:885][  0]LogConfig: Setting CVar [[s.UnregisterComponentsTimeLimit:1.0]]
[2021.03.16-10.38.07:885][  0]LogConfig: Setting CVar [[s.LevelStreamingComponentsUnregistrationGranularity:5]]
[2021.03.16-10.38.07:885][  0]LogConfig: Setting CVar [[s.FlushStreamingOnExit:1]]
[2021.03.16-10.38.07:885][  0]LogConfig: Applying CVar settings from Section [/Script/Engine.GarbageCollectionSettings] File [C:/Users/Administrator/Documents/Unreal Projects/InvestigationTales/Saved/Config/Windows/Engine.ini]
[2021.03.16-10.38.07:885][  0]LogConfig: Setting CVar [[gc.MaxObjectsNotConsideredByGC:1]]
[2021.03.16-10.38.07:885][  0]LogConfig: Setting CVar [[gc.SizeOfPermanentObjectPool:0]]
[2021.03.16-10.38.07:885][  0]LogConfig: Setting CVar [[gc.FlushStreamingOnGC:0]]
[2021.03.16-10.38.07:885][  0]LogConfig: Setting CVar [[gc.NumRetriesBeforeForcingGC:10]]
[2021.03.16-10.38.07:885][  0]LogConfig: Setting CVar [[gc.AllowParallelGC:1]]
[2021.03.16-10.38.07:885][  0]LogConfig: Setting CVar [[gc.TimeBetweenPurgingPendingKillObjects:61.1]]
[2021.03.16-10.38.07:885][  0]LogConfig: Setting CVar [[gc.MaxObjectsInEditor:25165824]]
[2021.03.16-10.38.07:885][  0]LogConfig: Setting CVar [[gc.IncrementalBeginDestroyEnabled:1]]
[2021.03.16-10.38.07:885][  0]LogConfig: Setting CVar [[gc.CreateGCClusters:1]]
[2021.03.16-10.38.07:885][  0]LogConfig: Setting CVar [[gc.MinGCClusterSize:5]]
[2021.03.16-10.38.07:885][  0]LogConfig: Setting CVar [[gc.ActorClusteringEnabled:0]]
[2021.03.16-10.38.07:885][  0]LogConfig: Setting CVar [[gc.BlueprintClusteringEnabled:0]]
[2021.03.16-10.38.07:885][  0]LogConfig: Setting CVar [[gc.UseDisregardForGCOnDedicatedServers:0]]
[2021.03.16-10.38.07:885][  0]LogConfig: Applying CVar settings from Section [/Script/Engine.NetworkSettings] File [C:/Users/Administrator/Documents/Unreal Projects/InvestigationTales/Saved/Config/Windows/Engine.ini]
[2021.03.16-10.38.07:885][  0]LogConfig: Applying CVar settings from Section [/Script/UnrealEd.CookerSettings] File [C:/Users/Administrator/Documents/Unreal Projects/InvestigationTales/Saved/Config/Windows/Engine.ini]
[2021.03.16-10.38.07:888][  0]LogConfig: Applying CVar settings from Section [ViewDistanceQuality@3] File [C:/Users/Administrator/Documents/Unreal Projects/InvestigationTales/Saved/Config/Windows/Scalability.ini]
[2021.03.16-10.38.07:888][  0]LogConfig: Setting CVar [[r.SkeletalMeshLODBias:0]]
[2021.03.16-10.38.07:888][  0]LogConfig: Setting CVar [[r.ViewDistanceScale:1.0]]
[2021.03.16-10.38.07:888][  0]LogConfig: Applying CVar settings from Section [AntiAliasingQuality@3] File [C:/Users/Administrator/Documents/Unreal Projects/InvestigationTales/Saved/Config/Windows/Scalability.ini]
[2021.03.16-10.38.07:888][  0]LogConfig: Setting CVar [[r.PostProcessAAQuality:4]]
[2021.03.16-10.38.07:888][  0]LogConfig: Applying CVar settings from Section [ShadowQuality@3] File [C:/Users/Administrator/Documents/Unreal Projects/InvestigationTales/Saved/Config/Windows/Scalability.ini]
[2021.03.16-10.38.07:888][  0]LogConfig: Setting CVar [[r.LightFunctionQuality:1]]
[2021.03.16-10.38.07:888][  0]LogConfig: Setting CVar [[r.ShadowQuality:5]]
[2021.03.16-10.38.07:888][  0]LogConfig: Setting CVar [[r.Shadow.CSM.MaxCascades:10]]
[2021.03.16-10.38.07:888][  0]LogConfig: Setting CVar [[r.Shadow.MaxResolution:2048]]
[2021.03.16-10.38.07:888][  0]LogConfig: Setting CVar [[r.Shadow.MaxCSMResolution:2048]]
[2021.03.16-10.38.07:888][  0]LogConfig: Setting CVar [[r.Shadow.RadiusThreshold:0.01]]
[2021.03.16-10.38.07:888][  0]LogConfig: Setting CVar [[r.Shadow.DistanceScale:1.0]]
[2021.03.16-10.38.07:888][  0]LogConfig: Setting CVar [[r.Shadow.CSM.TransitionScale:1.0]]
[2021.03.16-10.38.07:888][  0]LogConfig: Setting CVar [[r.Shadow.PreShadowResolutionFactor:1.0]]
[2021.03.16-10.38.07:888][  0]LogConfig: Setting CVar [[r.DistanceFieldShadowing:1]]
[2021.03.16-10.38.07:888][  0]LogConfig: Setting CVar [[r.DistanceFieldAO:1]]
[2021.03.16-10.38.07:888][  0]LogConfig: Setting CVar [[r.AOQuality:2]]
[2021.03.16-10.38.07:888][  0]LogConfig: Setting CVar [[r.VolumetricFog:1]]
[2021.03.16-10.38.07:888][  0]LogConfig: Setting CVar [[r.VolumetricFog.GridPixelSize:8]]
[2021.03.16-10.38.07:888][  0]LogConfig: Setting CVar [[r.VolumetricFog.GridSizeZ:128]]
[2021.03.16-10.38.07:888][  0]LogConfig: Setting CVar [[r.VolumetricFog.HistoryMissSupersampleCount:4]]
[2021.03.16-10.38.07:888][  0]LogConfig: Setting CVar [[r.LightMaxDrawDistanceScale:1]]
[2021.03.16-10.38.07:888][  0]LogConfig: Setting CVar [[r.CapsuleShadows:1]]
[2021.03.16-10.38.07:888][  0]LogConfig: Applying CVar settings from Section [PostProcessQuality@3] File [C:/Users/Administrator/Documents/Unreal Projects/InvestigationTales/Saved/Config/Windows/Scalability.ini]
[2021.03.16-10.38.07:888][  0]LogConfig: Setting CVar [[r.MotionBlurQuality:4]]
[2021.03.16-10.38.07:888][  0]LogConfig: Setting CVar [[r.AmbientOcclusionMipLevelFactor:0.4]]
[2021.03.16-10.38.07:888][  0]LogConfig: Setting CVar [[r.AmbientOcclusionMaxQuality:100]]
[2021.03.16-10.38.07:888][  0]LogConfig: Setting CVar [[r.AmbientOcclusionLevels:-1]]
[2021.03.16-10.38.07:888][  0]LogConfig: Setting CVar [[r.AmbientOcclusionRadiusScale:1.0]]
[2021.03.16-10.38.07:888][  0]LogConfig: Setting CVar [[r.DepthOfFieldQuality:2]]
[2021.03.16-10.38.07:888][  0]LogConfig: Setting CVar [[r.RenderTargetPoolMin:400]]
[2021.03.16-10.38.07:888][  0]LogConfig: Setting CVar [[r.LensFlareQuality:2]]
[2021.03.16-10.38.07:888][  0]LogConfig: Setting CVar [[r.SceneColorFringeQuality:1]]
[2021.03.16-10.38.07:888][  0]LogConfig: Setting CVar [[r.EyeAdaptationQuality:2]]
[2021.03.16-10.38.07:888][  0]LogConfig: Setting CVar [[r.BloomQuality:5]]
[2021.03.16-10.38.07:888][  0]LogConfig: Setting CVar [[r.FastBlurThreshold:100]]
[2021.03.16-10.38.07:888][  0]LogConfig: Setting CVar [[r.Upscale.Quality:3]]
[2021.03.16-10.38.07:888][  0]LogConfig: Setting CVar [[r.Tonemapper.GrainQuantization:1]]
[2021.03.16-10.38.07:888][  0]LogConfig: Setting CVar [[r.LightShaftQuality:1]]
[2021.03.16-10.38.07:888][  0]LogConfig: Setting CVar [[r.Filter.SizeScale:1]]
[2021.03.16-10.38.07:888][  0]LogConfig: Setting CVar [[r.Tonemapper.Quality:5]]
[2021.03.16-10.38.07:888][  0]LogConfig: Setting CVar [[r.DOF.Gather.AccumulatorQuality:1        ; higher gathering accumulator quality]]
[2021.03.16-10.38.07:888][  0]LogConfig: Setting CVar [[r.DOF.Gather.PostfilterMethod:1          ; Median3x3 postfilering method]]
[2021.03.16-10.38.07:888][  0]LogConfig: Setting CVar [[r.DOF.Gather.EnableBokehSettings:0       ; no bokeh simulation when gathering]]
[2021.03.16-10.38.07:888][  0]LogConfig: Setting CVar [[r.DOF.Gather.RingCount:4                 ; medium number of samples when gathering]]
[2021.03.16-10.38.07:888][  0]LogConfig: Setting CVar [[r.DOF.Scatter.ForegroundCompositing:1    ; additive foreground scattering]]
[2021.03.16-10.38.07:888][  0]LogConfig: Setting CVar [[r.DOF.Scatter.BackgroundCompositing:2    ; additive background scattering]]
[2021.03.16-10.38.07:888][  0]LogConfig: Setting CVar [[r.DOF.Scatter.EnableBokehSettings:1      ; bokeh simulation when scattering]]
[2021.03.16-10.38.07:888][  0]LogConfig: Setting CVar [[r.DOF.Scatter.MaxSpriteRatio:0.1         ; only a maximum of 10% of scattered bokeh]]
[2021.03.16-10.38.07:888][  0]LogConfig: Setting CVar [[r.DOF.Recombine.Quality:1                ; cheap slight out of focus]]
[2021.03.16-10.38.07:888][  0]LogConfig: Setting CVar [[r.DOF.Recombine.EnableBokehSettings:0    ; no bokeh simulation on slight out of focus]]
[2021.03.16-10.38.07:888][  0]LogConfig: Setting CVar [[r.DOF.TemporalAAQuality:1                ; more stable temporal accumulation]]
[2021.03.16-10.38.07:888][  0]LogConfig: Setting CVar [[r.DOF.Kernel.MaxForegroundRadius:0.025]]
[2021.03.16-10.38.07:888][  0]LogConfig: Setting CVar [[r.DOF.Kernel.MaxBackgroundRadius:0.025]]
[2021.03.16-10.38.07:888][  0]LogConfig: Applying CVar settings from Section [TextureQuality@3] File [C:/Users/Administrator/Documents/Unreal Projects/InvestigationTales/Saved/Config/Windows/Scalability.ini]
[2021.03.16-10.38.07:888][  0]LogConfig: Setting CVar [[r.Streaming.MipBias:0]]
[2021.03.16-10.38.07:888][  0]LogConfig: Setting CVar [[r.Streaming.AmortizeCPUToGPUCopy:0]]
[2021.03.16-10.38.07:888][  0]LogConfig: Setting CVar [[r.Streaming.MaxNumTexturesToStreamPerFrame:0]]
[2021.03.16-10.38.07:888][  0]LogConfig: Setting CVar [[r.Streaming.Boost:1]]
[2021.03.16-10.38.07:888][  0]LogConfig: Setting CVar [[r.MaxAnisotropy:8]]
[2021.03.16-10.38.07:888][  0]LogConfig: Setting CVar [[r.VT.MaxAnisotropy:8]]
[2021.03.16-10.38.07:888][  0]LogConfig: Setting CVar [[r.Streaming.LimitPoolSizeToVRAM:0]]
[2021.03.16-10.38.07:889][  0]LogConfig: Setting CVar [[r.Streaming.PoolSize:1000]]
[2021.03.16-10.38.07:889][  0]LogConfig: Setting CVar [[r.Streaming.MaxEffectiveScreenSize:0]]
[2021.03.16-10.38.07:889][  0]LogConfig: Applying CVar settings from Section [EffectsQuality@3] File [C:/Users/Administrator/Documents/Unreal Projects/InvestigationTales/Saved/Config/Windows/Scalability.ini]
[2021.03.16-10.38.07:889][  0]LogConfig: Setting CVar [[r.TranslucencyLightingVolumeDim:64]]
[2021.03.16-10.38.07:889][  0]LogConfig: Setting CVar [[r.RefractionQuality:2]]
[2021.03.16-10.38.07:889][  0]LogConfig: Setting CVar [[r.SSR.Quality:3]]
[2021.03.16-10.38.07:889][  0]LogConfig: Setting CVar [[r.SSR.HalfResSceneColor:0]]
[2021.03.16-10.38.07:889][  0]LogConfig: Setting CVar [[r.SceneColorFormat:4]]
[2021.03.16-10.38.07:889][  0]LogConfig: Setting CVar [[r.DetailMode:2]]
[2021.03.16-10.38.07:889][  0]LogConfig: Setting CVar [[r.TranslucencyVolumeBlur:1]]
[2021.03.16-10.38.07:889][  0]LogConfig: Setting CVar [[r.MaterialQualityLevel:1 ; High quality]]
[2021.03.16-10.38.07:889][  0]LogConfig: Setting CVar [[r.SSS.Scale:1]]
[2021.03.16-10.38.07:889][  0]LogConfig: Setting CVar [[r.SSS.SampleSet:2]]
[2021.03.16-10.38.07:889][  0]LogConfig: Setting CVar [[r.SSS.Quality:1]]
[2021.03.16-10.38.07:889][  0]LogConfig: Setting CVar [[r.SSS.HalfRes:0]]
[2021.03.16-10.38.07:889][  0]LogConfig: Setting CVar [[r.SSGI.Quality:3]]
[2021.03.16-10.38.07:889][  0]LogConfig: Setting CVar [[r.EmitterSpawnRateScale:1.0]]
[2021.03.16-10.38.07:889][  0]LogConfig: Setting CVar [[r.ParticleLightQuality:2]]
[2021.03.16-10.38.07:889][  0]LogConfig: Setting CVar [[r.SkyAtmosphere.AerialPerspectiveLUT.FastApplyOnOpaque:1 ; Always have FastSkyLUT 1 in this case to avoid wrong sky]]
[2021.03.16-10.38.07:889][  0]LogConfig: Setting CVar [[r.SkyAtmosphere.AerialPerspectiveLUT.SampleCountPerSlice:1]]
[2021.03.16-10.38.07:889][  0]LogConfig: Setting CVar [[r.SkyAtmosphere.AerialPerspectiveLUT.DepthResolution:16.0]]
[2021.03.16-10.38.07:889][  0]LogConfig: Setting CVar [[r.SkyAtmosphere.FastSkyLUT:1]]
[2021.03.16-10.38.07:889][  0]LogConfig: Setting CVar [[r.SkyAtmosphere.FastSkyLUT.SampleCountMin:4.0]]
[2021.03.16-10.38.07:889][  0]LogConfig: Setting CVar [[r.SkyAtmosphere.FastSkyLUT.SampleCountMax:32.0]]
[2021.03.16-10.38.07:889][  0]LogConfig: Setting CVar [[r.SkyAtmosphere.SampleCountMin:4.0]]
[2021.03.16-10.38.07:889][  0]LogConfig: Setting CVar [[r.SkyAtmosphere.SampleCountMax:32.0]]
[2021.03.16-10.38.07:889][  0]LogConfig: Setting CVar [[r.SkyAtmosphere.TransmittanceLUT.UseSmallFormat:0]]
[2021.03.16-10.38.07:889][  0]LogConfig: Setting CVar [[r.SkyAtmosphere.TransmittanceLUT.SampleCount:10.0]]
[2021.03.16-10.38.07:889][  0]LogConfig: Setting CVar [[r.SkyAtmosphere.MultiScatteringLUT.SampleCount:15.0]]
[2021.03.16-10.38.07:889][  0]LogConfig: Applying CVar settings from Section [FoliageQuality@3] File [C:/Users/Administrator/Documents/Unreal Projects/InvestigationTales/Saved/Config/Windows/Scalability.ini]
[2021.03.16-10.38.07:889][  0]LogConfig: Setting CVar [[foliage.DensityScale:1.0]]
[2021.03.16-10.38.07:889][  0]LogConfig: Setting CVar [[grass.DensityScale:1.0]]
[2021.03.16-10.38.07:889][  0]LogConfig: Applying CVar settings from Section [ShadingQuality@3] File [C:/Users/Administrator/Documents/Unreal Projects/InvestigationTales/Saved/Config/Windows/Scalability.ini]
[2021.03.16-10.38.07:889][  0]LogConfig: Setting CVar [[r.HairStrands.SkyLighting.SampleCount:16]]
[2021.03.16-10.38.07:889][  0]LogConfig: Setting CVar [[r.HairStrands.SkyLighting.JitterIntegration:0]]
[2021.03.16-10.38.07:889][  0]LogConfig: Setting CVar [[r.HairStrands.SkyAO.SampleCount:16]]
[2021.03.16-10.38.07:889][  0]LogConfig: Setting CVar [[r.HairStrands.DeepShadow.SuperSampling:0]]
[2021.03.16-10.38.07:889][  0]LogConfig: Setting CVar [[r.HairStrands.VisibilityPPLL:0]]
[2021.03.16-10.38.07:889][  0]LogConfig: Setting CVar [[r.HairStrands.RasterizationScale:0.5]]
[2021.03.16-10.38.07:889][  0]LogConfig: Setting CVar [[r.HairStrands.VelocityRasterizationScale:1]]
[2021.03.16-10.38.07:889][  0]LogInit: Selected Device Profile: [Windows]
[2021.03.16-10.38.07:889][  0]LogInit: Applying CVar settings loaded from the selected device profile: [Windows]
[2021.03.16-10.38.07:889][  0]LogHAL: Display: Platform has ~ 16 GB [16864866304 / 17179869184 / 16], which maps to Larger [LargestMinGB=32, LargerMinGB=12, DefaultMinGB=8, SmallerMinGB=6, SmallestMinGB=0)
[2021.03.16-10.38.07:890][  0]LogInit: Going up to parent DeviceProfile []
[2021.03.16-10.38.07:890][  0]LogConfig: Applying CVar settings from Section [ViewDistanceQuality@3] File [C:/Users/Administrator/Documents/Unreal Projects/InvestigationTales/Saved/Config/Windows/Scalability.ini]
[2021.03.16-10.38.07:890][  0]LogConfig: Setting CVar [[r.SkeletalMeshLODBias:0]]
[2021.03.16-10.38.07:890][  0]LogConfig: Setting CVar [[r.ViewDistanceScale:1.0]]
[2021.03.16-10.38.07:890][  0]LogConfig: Applying CVar settings from Section [AntiAliasingQuality@3] File [C:/Users/Administrator/Documents/Unreal Projects/InvestigationTales/Saved/Config/Windows/Scalability.ini]
[2021.03.16-10.38.07:890][  0]LogConfig: Setting CVar [[r.PostProcessAAQuality:4]]
[2021.03.16-10.38.07:890][  0]LogConfig: Applying CVar settings from Section [ShadowQuality@3] File [C:/Users/Administrator/Documents/Unreal Projects/InvestigationTales/Saved/Config/Windows/Scalability.ini]
[2021.03.16-10.38.07:890][  0]LogConfig: Setting CVar [[r.LightFunctionQuality:1]]
[2021.03.16-10.38.07:890][  0]LogConfig: Setting CVar [[r.ShadowQuality:5]]
[2021.03.16-10.38.07:890][  0]LogConfig: Setting CVar [[r.Shadow.CSM.MaxCascades:10]]
[2021.03.16-10.38.07:890][  0]LogConfig: Setting CVar [[r.Shadow.MaxResolution:2048]]
[2021.03.16-10.38.07:890][  0]LogConfig: Setting CVar [[r.Shadow.MaxCSMResolution:2048]]
[2021.03.16-10.38.07:890][  0]LogConfig: Setting CVar [[r.Shadow.RadiusThreshold:0.01]]
[2021.03.16-10.38.07:890][  0]LogConfig: Setting CVar [[r.Shadow.DistanceScale:1.0]]
[2021.03.16-10.38.07:890][  0]LogConfig: Setting CVar [[r.Shadow.CSM.TransitionScale:1.0]]
[2021.03.16-10.38.07:890][  0]LogConfig: Setting CVar [[r.Shadow.PreShadowResolutionFactor:1.0]]
[2021.03.16-10.38.07:890][  0]LogConfig: Setting CVar [[r.DistanceFieldShadowing:1]]
[2021.03.16-10.38.07:890][  0]LogConfig: Setting CVar [[r.DistanceFieldAO:1]]
[2021.03.16-10.38.07:890][  0]LogConfig: Setting CVar [[r.AOQuality:2]]
[2021.03.16-10.38.07:890][  0]LogConfig: Setting CVar [[r.VolumetricFog:1]]
[2021.03.16-10.38.07:890][  0]LogConfig: Setting CVar [[r.VolumetricFog.GridPixelSize:8]]
[2021.03.16-10.38.07:890][  0]LogConfig: Setting CVar [[r.VolumetricFog.GridSizeZ:128]]
[2021.03.16-10.38.07:890][  0]LogConfig: Setting CVar [[r.VolumetricFog.HistoryMissSupersampleCount:4]]
[2021.03.16-10.38.07:890][  0]LogConfig: Setting CVar [[r.LightMaxDrawDistanceScale:1]]
[2021.03.16-10.38.07:890][  0]LogConfig: Setting CVar [[r.CapsuleShadows:1]]
[2021.03.16-10.38.07:890][  0]LogConfig: Applying CVar settings from Section [PostProcessQuality@3] File [C:/Users/Administrator/Documents/Unreal Projects/InvestigationTales/Saved/Config/Windows/Scalability.ini]
[2021.03.16-10.38.07:890][  0]LogConfig: Setting CVar [[r.MotionBlurQuality:4]]
[2021.03.16-10.38.07:890][  0]LogConfig: Setting CVar [[r.AmbientOcclusionMipLevelFactor:0.4]]
[2021.03.16-10.38.07:890][  0]LogConfig: Setting CVar [[r.AmbientOcclusionMaxQuality:100]]
[2021.03.16-10.38.07:890][  0]LogConfig: Setting CVar [[r.AmbientOcclusionLevels:-1]]
[2021.03.16-10.38.07:890][  0]LogConfig: Setting CVar [[r.AmbientOcclusionRadiusScale:1.0]]
[2021.03.16-10.38.07:890][  0]LogConfig: Setting CVar [[r.DepthOfFieldQuality:2]]
[2021.03.16-10.38.07:890][  0]LogConfig: Setting CVar [[r.RenderTargetPoolMin:400]]
[2021.03.16-10.38.07:890][  0]LogConfig: Setting CVar [[r.LensFlareQuality:2]]
[2021.03.16-10.38.07:890][  0]LogConfig: Setting CVar [[r.SceneColorFringeQuality:1]]
[2021.03.16-10.38.07:890][  0]LogConfig: Setting CVar [[r.EyeAdaptationQuality:2]]
[2021.03.16-10.38.07:890][  0]LogConfig: Setting CVar [[r.BloomQuality:5]]
[2021.03.16-10.38.07:890][  0]LogConfig: Setting CVar [[r.FastBlurThreshold:100]]
[2021.03.16-10.38.07:890][  0]LogConfig: Setting CVar [[r.Upscale.Quality:3]]
[2021.03.16-10.38.07:890][  0]LogConfig: Setting CVar [[r.Tonemapper.GrainQuantization:1]]
[2021.03.16-10.38.07:890][  0]LogConfig: Setting CVar [[r.LightShaftQuality:1]]
[2021.03.16-10.38.07:890][  0]LogConfig: Setting CVar [[r.Filter.SizeScale:1]]
[2021.03.16-10.38.07:890][  0]LogConfig: Setting CVar [[r.Tonemapper.Quality:5]]
[2021.03.16-10.38.07:890][  0]LogConfig: Setting CVar [[r.DOF.Gather.AccumulatorQuality:1        ; higher gathering accumulator quality]]
[2021.03.16-10.38.07:890][  0]LogConfig: Setting CVar [[r.DOF.Gather.PostfilterMethod:1          ; Median3x3 postfilering method]]
[2021.03.16-10.38.07:890][  0]LogConfig: Setting CVar [[r.DOF.Gather.EnableBokehSettings:0       ; no bokeh simulation when gathering]]
[2021.03.16-10.38.07:890][  0]LogConfig: Setting CVar [[r.DOF.Gather.RingCount:4                 ; medium number of samples when gathering]]
[2021.03.16-10.38.07:890][  0]LogConfig: Setting CVar [[r.DOF.Scatter.ForegroundCompositing:1    ; additive foreground scattering]]
[2021.03.16-10.38.07:890][  0]LogConfig: Setting CVar [[r.DOF.Scatter.BackgroundCompositing:2    ; additive background scattering]]
[2021.03.16-10.38.07:890][  0]LogConfig: Setting CVar [[r.DOF.Scatter.EnableBokehSettings:1      ; bokeh simulation when scattering]]
[2021.03.16-10.38.07:890][  0]LogConfig: Setting CVar [[r.DOF.Scatter.MaxSpriteRatio:0.1         ; only a maximum of 10% of scattered bokeh]]
[2021.03.16-10.38.07:890][  0]LogConfig: Setting CVar [[r.DOF.Recombine.Quality:1                ; cheap slight out of focus]]
[2021.03.16-10.38.07:890][  0]LogConfig: Setting CVar [[r.DOF.Recombine.EnableBokehSettings:0    ; no bokeh simulation on slight out of focus]]
[2021.03.16-10.38.07:890][  0]LogConfig: Setting CVar [[r.DOF.TemporalAAQuality:1                ; more stable temporal accumulation]]
[2021.03.16-10.38.07:890][  0]LogConfig: Setting CVar [[r.DOF.Kernel.MaxForegroundRadius:0.025]]
[2021.03.16-10.38.07:890][  0]LogConfig: Setting CVar [[r.DOF.Kernel.MaxBackgroundRadius:0.025]]
[2021.03.16-10.38.07:890][  0]LogConfig: Applying CVar settings from Section [TextureQuality@3] File [C:/Users/Administrator/Documents/Unreal Projects/InvestigationTales/Saved/Config/Windows/Scalability.ini]
[2021.03.16-10.38.07:890][  0]LogConfig: Setting CVar [[r.Streaming.MipBias:0]]
[2021.03.16-10.38.07:890][  0]LogConfig: Setting CVar [[r.Streaming.AmortizeCPUToGPUCopy:0]]
[2021.03.16-10.38.07:890][  0]LogConfig: Setting CVar [[r.Streaming.MaxNumTexturesToStreamPerFrame:0]]
[2021.03.16-10.38.07:890][  0]LogConfig: Setting CVar [[r.Streaming.Boost:1]]
[2021.03.16-10.38.07:890][  0]LogConfig: Setting CVar [[r.MaxAnisotropy:8]]
[2021.03.16-10.38.07:890][  0]LogConfig: Setting CVar [[r.VT.MaxAnisotropy:8]]
[2021.03.16-10.38.07:890][  0]LogConfig: Setting CVar [[r.Streaming.LimitPoolSizeToVRAM:0]]
[2021.03.16-10.38.07:890][  0]LogConfig: Setting CVar [[r.Streaming.PoolSize:1000]]
[2021.03.16-10.38.07:890][  0]LogConfig: Setting CVar [[r.Streaming.MaxEffectiveScreenSize:0]]
[2021.03.16-10.38.07:890][  0]LogConfig: Applying CVar settings from Section [EffectsQuality@3] File [C:/Users/Administrator/Documents/Unreal Projects/InvestigationTales/Saved/Config/Windows/Scalability.ini]
[2021.03.16-10.38.07:890][  0]LogConfig: Setting CVar [[r.TranslucencyLightingVolumeDim:64]]
[2021.03.16-10.38.07:890][  0]LogConfig: Setting CVar [[r.RefractionQuality:2]]
[2021.03.16-10.38.07:890][  0]LogConfig: Setting CVar [[r.SSR.Quality:3]]
[2021.03.16-10.38.07:890][  0]LogConfig: Setting CVar [[r.SSR.HalfResSceneColor:0]]
[2021.03.16-10.38.07:890][  0]LogConfig: Setting CVar [[r.SceneColorFormat:4]]
[2021.03.16-10.38.07:891][  0]LogConfig: Setting CVar [[r.DetailMode:2]]
[2021.03.16-10.38.07:891][  0]LogConfig: Setting CVar [[r.TranslucencyVolumeBlur:1]]
[2021.03.16-10.38.07:891][  0]LogConfig: Setting CVar [[r.MaterialQualityLevel:1 ; High quality]]
[2021.03.16-10.38.07:891][  0]LogConfig: Setting CVar [[r.SSS.Scale:1]]
[2021.03.16-10.38.07:891][  0]LogConfig: Setting CVar [[r.SSS.SampleSet:2]]
[2021.03.16-10.38.07:891][  0]LogConfig: Setting CVar [[r.SSS.Quality:1]]
[2021.03.16-10.38.07:891][  0]LogConfig: Setting CVar [[r.SSS.HalfRes:0]]
[2021.03.16-10.38.07:891][  0]LogConfig: Setting CVar [[r.SSGI.Quality:3]]
[2021.03.16-10.38.07:891][  0]LogConfig: Setting CVar [[r.EmitterSpawnRateScale:1.0]]
[2021.03.16-10.38.07:891][  0]LogConfig: Setting CVar [[r.ParticleLightQuality:2]]
[2021.03.16-10.38.07:891][  0]LogConfig: Setting CVar [[r.SkyAtmosphere.AerialPerspectiveLUT.FastApplyOnOpaque:1 ; Always have FastSkyLUT 1 in this case to avoid wrong sky]]
[2021.03.16-10.38.07:891][  0]LogConfig: Setting CVar [[r.SkyAtmosphere.AerialPerspectiveLUT.SampleCountPerSlice:1]]
[2021.03.16-10.38.07:891][  0]LogConfig: Setting CVar [[r.SkyAtmosphere.AerialPerspectiveLUT.DepthResolution:16.0]]
[2021.03.16-10.38.07:891][  0]LogConfig: Setting CVar [[r.SkyAtmosphere.FastSkyLUT:1]]
[2021.03.16-10.38.07:891][  0]LogConfig: Setting CVar [[r.SkyAtmosphere.FastSkyLUT.SampleCountMin:4.0]]
[2021.03.16-10.38.07:891][  0]LogConfig: Setting CVar [[r.SkyAtmosphere.FastSkyLUT.SampleCountMax:32.0]]
[2021.03.16-10.38.07:891][  0]LogConfig: Setting CVar [[r.SkyAtmosphere.SampleCountMin:4.0]]
[2021.03.16-10.38.07:891][  0]LogConfig: Setting CVar [[r.SkyAtmosphere.SampleCountMax:32.0]]
[2021.03.16-10.38.07:891][  0]LogConfig: Setting CVar [[r.SkyAtmosphere.TransmittanceLUT.UseSmallFormat:0]]
[2021.03.16-10.38.07:891][  0]LogConfig: Setting CVar [[r.SkyAtmosphere.TransmittanceLUT.SampleCount:10.0]]
[2021.03.16-10.38.07:891][  0]LogConfig: Setting CVar [[r.SkyAtmosphere.MultiScatteringLUT.SampleCount:15.0]]
[2021.03.16-10.38.07:891][  0]LogConfig: Applying CVar settings from Section [FoliageQuality@3] File [C:/Users/Administrator/Documents/Unreal Projects/InvestigationTales/Saved/Config/Windows/Scalability.ini]
[2021.03.16-10.38.07:891][  0]LogConfig: Setting CVar [[foliage.DensityScale:1.0]]
[2021.03.16-10.38.07:891][  0]LogConfig: Setting CVar [[grass.DensityScale:1.0]]
[2021.03.16-10.38.07:891][  0]LogConfig: Applying CVar settings from Section [ShadingQuality@3] File [C:/Users/Administrator/Documents/Unreal Projects/InvestigationTales/Saved/Config/Windows/Scalability.ini]
[2021.03.16-10.38.07:891][  0]LogConfig: Setting CVar [[r.HairStrands.SkyLighting.SampleCount:16]]
[2021.03.16-10.38.07:891][  0]LogConfig: Setting CVar [[r.HairStrands.SkyLighting.JitterIntegration:0]]
[2021.03.16-10.38.07:891][  0]LogConfig: Setting CVar [[r.HairStrands.SkyAO.SampleCount:16]]
[2021.03.16-10.38.07:891][  0]LogConfig: Setting CVar [[r.HairStrands.DeepShadow.SuperSampling:0]]
[2021.03.16-10.38.07:891][  0]LogConfig: Setting CVar [[r.HairStrands.VisibilityPPLL:0]]
[2021.03.16-10.38.07:891][  0]LogConfig: Setting CVar [[r.HairStrands.RasterizationScale:0.5]]
[2021.03.16-10.38.07:891][  0]LogConfig: Setting CVar [[r.HairStrands.VelocityRasterizationScale:1]]
[2021.03.16-10.38.07:891][  0]LogConfig: Applying CVar settings from Section [Startup] File [../../../Engine/Config/ConsoleVariables.ini]
[2021.03.16-10.38.07:891][  0]LogConfig: Setting CVar [[net.UseAdaptiveNetUpdateFrequency:0]]
[2021.03.16-10.38.07:891][  0]LogConfig: Setting CVar [[p.chaos.AllowCreatePhysxBodies:1]]
[2021.03.16-10.38.07:891][  0]LogConfig: Setting CVar [[fx.SkipVectorVMBackendOptimizations:1]]
[2021.03.16-10.38.07:891][  0]LogConfig: Applying CVar settings from Section [ConsoleVariables] File [C:/Users/Administrator/Documents/Unreal Projects/InvestigationTales/Saved/Config/Windows/Engine.ini]
[2021.03.16-10.38.07:891][  0]LogInit: Computer: EC2AMAZ-4NJNOM4
[2021.03.16-10.38.07:891][  0]LogInit: User: Administrator
[2021.03.16-10.38.07:891][  0]LogInit: CPU Page size=4096, Cores=2
[2021.03.16-10.38.07:891][  0]LogInit: High frequency timer resolution =10.000000 MHz
[2021.03.16-10.38.07:892][  0]LogMemory: Memory total: Physical=15.7GB (16GB approx)
[2021.03.16-10.38.07:892][  0]LogMemory: Platform Memory Stats for Windows
[2021.03.16-10.38.07:892][  0]LogMemory: Process Physical Memory: 112.75 MB used, 112.76 MB peak
[2021.03.16-10.38.07:892][  0]LogMemory: Process Virtual Memory: 94.88 MB used, 94.88 MB peak
[2021.03.16-10.38.07:892][  0]LogMemory: Physical Memory: 3534.38 MB used,  12549.21 MB free, 16083.59 MB total
[2021.03.16-10.38.07:892][  0]LogMemory: Virtual Memory: 5137.10 MB used,  134212592.00 MB free, 134217728.00 MB total
[2021.03.16-10.38.07:892][  0]LogWindows: WindowsPlatformFeatures enabled
[2021.03.16-10.38.07:918][  0]LogInit: Physics initialised using underlying interface: PhysX
[2021.03.16-10.38.07:919][  0]LogInit: Using OS detected language (en-US).
[2021.03.16-10.38.07:919][  0]LogInit: Using OS detected locale (en-GB).
[2021.03.16-10.38.07:922][  0]LogTextLocalizationManager: No specific localization for 'en-US' exists, so the 'en' localization will be used.
[2021.03.16-10.38.08:172][  0]LogInit: Setting process to per monitor DPI aware
[2021.03.16-10.38.08:214][  0]LogSlate: New Slate User Created.  User Index 0, Is Virtual User: 0
[2021.03.16-10.38.08:214][  0]LogSlate: Slate User Registered.  User Index 0, Is Virtual User: 0
[2021.03.16-10.38.08:418][  0]LogHMD: Failed to initialize OpenVR with code 110
[2021.03.16-10.38.08:419][  0]LogD3D11RHI: D3D11 min allowed feature level: 11_0
[2021.03.16-10.38.08:419][  0]LogD3D11RHI: D3D11 max allowed feature level: 11_0
[2021.03.16-10.38.08:419][  0]LogD3D11RHI: D3D11 adapters:
[2021.03.16-10.38.08:516][  0]LogD3D11RHI:    0. 'NVIDIA Tesla T4' (Feature Level 11_0)
[2021.03.16-10.38.08:516][  0]LogD3D11RHI:       15158/0/8041 MB DedicatedVideo/DedicatedSystem/SharedSystem, Outputs:1, VendorId:0x10de
[2021.03.16-10.38.08:518][  0]LogD3D11RHI:    1. 'Microsoft Basic Render Driver' (Feature Level 11_0)
[2021.03.16-10.38.08:518][  0]LogD3D11RHI:       0/0/8041 MB DedicatedVideo/DedicatedSystem/SharedSystem, Outputs:0, VendorId:0x1414
[2021.03.16-10.38.08:520][  0]LogD3D11RHI:    2. 'Microsoft Basic Render Driver' (Feature Level 11_0)
[2021.03.16-10.38.08:520][  0]LogD3D11RHI:       0/0/8041 MB DedicatedVideo/DedicatedSystem/SharedSystem, Outputs:0, VendorId:0x1414
[2021.03.16-10.38.08:520][  0]LogD3D11RHI: Chosen D3D11 Adapter: 0
[2021.03.16-10.38.08:526][  0]LogD3D11RHI: Creating new Direct3DDevice
[2021.03.16-10.38.08:526][  0]LogD3D11RHI:     GPU DeviceId: 0x1eb8 (for the marketing name, search the web for "GPU Device Id")
[2021.03.16-10.38.08:526][  0]LogWindows: EnumDisplayDevices:
[2021.03.16-10.38.08:526][  0]LogWindows:    0. 'Microsoft Basic Display Adapter' (P:0 D:0)
[2021.03.16-10.38.08:526][  0]LogWindows:    1. 'NVIDIA Tesla T4' (P:1 D:1)
[2021.03.16-10.38.08:527][  0]LogWindows:    2. 'NVIDIA Tesla T4' (P:0 D:0)
[2021.03.16-10.38.08:527][  0]LogWindows:    3. 'NVIDIA Tesla T4' (P:0 D:0)
[2021.03.16-10.38.08:527][  0]LogWindows:    4. 'NVIDIA Tesla T4' (P:0 D:0)
[2021.03.16-10.38.08:527][  0]LogWindows: DebugString: GetVideoDriverDetailsInvalid PrimaryIsNotTheChoosenAdapter FoundDriverCount:4 
[2021.03.16-10.38.08:527][  0]LogD3D11RHI:     Adapter Name: NVIDIA Tesla T4
[2021.03.16-10.38.08:527][  0]LogD3D11RHI:   Driver Version: 451.48 (internal:27.21.14.5148, unified:451.48)
[2021.03.16-10.38.08:528][  0]LogD3D11RHI:      Driver Date: 6-21-2020
[2021.03.16-10.38.08:528][  0]LogRHI: Texture pool is 10610 MB (70% of 15158 MB)
[2021.03.16-10.38.08:589][  0]LogD3D11RHI: RHI has support for 64 bit atomics
[2021.03.16-10.38.08:589][  0]LogD3D11RHI: Async texture creation enabled
[2021.03.16-10.38.08:589][  0]LogD3D11RHI: Array index from any shader is supported
[2021.03.16-10.38.08:606][  0]LogD3D11RHI: GPU Timing Frequency: 1000.000000 (Debug: 2 1)
[2021.03.16-10.38.08:995][  0]LogTargetPlatformManager: Display: Loaded TargetPlatform 'AllDesktop'
[2021.03.16-10.38.09:027][  0]LogTargetPlatformManager: Display: Loaded TargetPlatform 'Android'
[2021.03.16-10.38.09:027][  0]LogTargetPlatformManager: Display: Loaded TargetPlatform 'Android_ASTC'
[2021.03.16-10.38.09:027][  0]LogTargetPlatformManager: Display: Loaded TargetPlatform 'Android_DXT'
[2021.03.16-10.38.09:027][  0]LogTargetPlatformManager: Display: Loaded TargetPlatform 'Android_ETC2'
[2021.03.16-10.38.09:027][  0]LogTargetPlatformManager: Display: Loaded TargetPlatform 'AndroidClient'
[2021.03.16-10.38.09:027][  0]LogTargetPlatformManager: Display: Loaded TargetPlatform 'Android_ASTCClient'
[2021.03.16-10.38.09:027][  0]LogTargetPlatformManager: Display: Loaded TargetPlatform 'Android_DXTClient'
[2021.03.16-10.38.09:027][  0]LogTargetPlatformManager: Display: Loaded TargetPlatform 'Android_ETC2Client'
[2021.03.16-10.38.09:027][  0]LogTargetPlatformManager: Display: Loaded TargetPlatform 'Android_Multi'
[2021.03.16-10.38.09:027][  0]LogTargetPlatformManager: Display: Loaded TargetPlatform 'Android_MultiClient'
[2021.03.16-10.38.09:061][  0]LogTargetPlatformManager: Display: Loaded TargetPlatform 'IOSClient'
[2021.03.16-10.38.09:061][  0]LogTargetPlatformManager: Display: Loaded TargetPlatform 'IOS'
[2021.03.16-10.38.09:072][  0]LogTargetPlatformManager: Display: Loaded TargetPlatform 'Linux'
[2021.03.16-10.38.09:085][  0]LogTargetPlatformManager: Display: Loaded TargetPlatform 'LinuxNoEditor'
[2021.03.16-10.38.09:096][  0]LogTargetPlatformManager: Display: Loaded TargetPlatform 'LinuxClient'
[2021.03.16-10.38.09:107][  0]LogTargetPlatformManager: Display: Loaded TargetPlatform 'LinuxServer'
[2021.03.16-10.38.09:118][  0]LogTargetPlatformManager: Display: Loaded TargetPlatform 'LinuxAArch64NoEditor'
[2021.03.16-10.38.09:129][  0]LogTargetPlatformManager: Display: Loaded TargetPlatform 'LinuxAArch64Client'
[2021.03.16-10.38.09:141][  0]LogTargetPlatformManager: Display: Loaded TargetPlatform 'LinuxAArch64Server'
[2021.03.16-10.38.09:172][  0]LogTargetPlatformManager: Display: Loaded TargetPlatform 'Lumin'
[2021.03.16-10.38.09:172][  0]LogTargetPlatformManager: Display: Loaded TargetPlatform 'LuminClient'
[2021.03.16-10.38.09:194][  0]LogTargetPlatformManager: Display: Loaded TargetPlatform 'TVOSClient'
[2021.03.16-10.38.09:194][  0]LogTargetPlatformManager: Display: Loaded TargetPlatform 'TVOS'
[2021.03.16-10.38.09:208][  0]LogTargetPlatformManager: Display: Loaded TargetPlatform 'WindowsNoEditor'
[2021.03.16-10.38.09:222][  0]LogTargetPlatformManager: Display: Loaded TargetPlatform 'Windows'
[2021.03.16-10.38.09:236][  0]LogTargetPlatformManager: Display: Loaded TargetPlatform 'WindowsClient'
[2021.03.16-10.38.09:249][  0]LogTargetPlatformManager: Display: Loaded TargetPlatform 'WindowsServer'
[2021.03.16-10.38.09:249][  0]LogTargetPlatformManager: Display: Building Assets For Windows
[2021.03.16-10.38.09:257][  0]LogAudioDebug: Display: Lib vorbis DLL was dynamically loaded.
[2021.03.16-10.38.09:311][  0]LogShaderCompilers: Guid format shader working directory is -26 characters bigger than the processId version (../../../../../../Users/Administrator/Documents/Unreal Projects/InvestigationTales/Intermediate/Shaders/WorkingDirectory/7512/).
[2021.03.16-10.38.09:311][  0]LogShaderCompilers: Cleaned the shader compiler working directory 'C:/Users/Administrator/AppData/Local/Temp/1/UnrealShaderWorkingDir/0B43E3D6494532577D344182189E4E03/'.
[2021.03.16-10.38.09:311][  0]LogXGEController: Cannot use XGE Controller as Incredibuild is not installed on this machine.
[2021.03.16-10.38.09:311][  0]LogShaderCompilers: Cannot use XGE Shader Compiler as Incredibuild is not installed on this machine.
[2021.03.16-10.38.09:311][  0]LogShaderCompilers: Display: Using Local Shader Compiler.
[2021.03.16-10.38.10:417][  0]LogDerivedDataCache: Display: Max Cache Size: 512 MB
[2021.03.16-10.38.10:486][  0]LogDerivedDataCache: Loaded boot cache 0.07s 75MB C:/Users/Administrator/AppData/Local/UnrealEngine/4.25/DerivedDataCache/Boot.ddc.
[2021.03.16-10.38.10:486][  0]LogDerivedDataCache: Display: Loaded Boot cache: C:/Users/Administrator/AppData/Local/UnrealEngine/4.25/DerivedDataCache/Boot.ddc
[2021.03.16-10.38.10:487][  0]LogDerivedDataCache: FDerivedDataBackendGraph:  Pak pak cache file ../../../../../../Users/Administrator/Documents/Unreal Projects/InvestigationTales/DerivedDataCache/DDC.ddp not found, will not use a pak cache.
[2021.03.16-10.38.10:487][  0]LogDerivedDataCache: Unable to find inner node Pak for hierarchical cache Hierarchy.
[2021.03.16-10.38.10:488][  0]LogDerivedDataCache: FDerivedDataBackendGraph:  CompressedPak pak cache file ../../../../../../Users/Administrator/Documents/Unreal Projects/InvestigationTales/DerivedDataCache/Compressed.ddp not found, will not use a pak cache.
[2021.03.16-10.38.10:488][  0]LogDerivedDataCache: Unable to find inner node CompressedPak for hierarchical cache Hierarchy.
[2021.03.16-10.38.10:502][  0]LogDerivedDataCache: Display: Pak cache opened for reading ../../../Engine/DerivedDataCache/Compressed.ddp.
[2021.03.16-10.38.10:502][  0]LogDerivedDataCache: FDerivedDataBackendGraph:  EnterprisePak pak cache file ../../../Enterprise/DerivedDataCache/Compressed.ddp not found, will not use a pak cache.
[2021.03.16-10.38.10:502][  0]LogDerivedDataCache: Unable to find inner node EnterprisePak for hierarchical cache Hierarchy.
[2021.03.16-10.38.10:503][  0]LogDerivedDataCache: Using Local data cache path C:/Users/Administrator/AppData/Local/UnrealEngine/Common/DerivedDataCache: Writable
[2021.03.16-10.38.10:503][  0]LogDerivedDataCache: Shared data cache path not found in *engine.ini, will not use an Shared cache.
[2021.03.16-10.38.10:503][  0]LogDerivedDataCache: Unable to find inner node Shared for hierarchical cache Hierarchy.
[2021.03.16-10.38.10:580][  0]LogSlate: Using FreeType 2.10.0
[2021.03.16-10.38.10:580][  0]LogSlate: SlateFontServices - WITH_FREETYPE: 1, WITH_HARFBUZZ: 1
[2021.03.16-10.38.10:620][  0]LogAssetRegistry: FAssetRegistry took 0.0038 seconds to start up
[2021.03.16-10.38.10:948][  0]LogInit: Selected Device Profile: [Windows]
[2021.03.16-10.38.11:098][  0]LogMeshReduction: Using QuadricMeshReduction for automatic static mesh reduction
[2021.03.16-10.38.11:098][  0]LogMeshReduction: Using SimplygonMeshReduction for automatic skeletal mesh reduction
[2021.03.16-10.38.11:098][  0]LogMeshReduction: Using ProxyLODMeshReduction for automatic mesh merging
[2021.03.16-10.38.11:098][  0]LogMeshReduction: No distributed automatic mesh merging module available
[2021.03.16-10.38.11:098][  0]LogMeshMerging: No distributed automatic mesh merging module available
[2021.03.16-10.38.11:117][  0]LogNetVersion: InvestigationTales 1.0.0, NetCL: 13144385, EngineNetVer: 14, GameNetVer: 0 (Checksum: 206761443)
[2021.03.16-10.38.11:726][  0]LogAISub: UAISubsystem::UAISubsystem AISubsystem (000001FA848BC2C0), frame # 0
[2021.03.16-10.38.11:726][  0]LogAISub: UAISubsystem::UAISubsystem AIPerceptionSystem (000001FA848091C0), frame # 0
[2021.03.16-10.38.11:728][  0]LogAISub: UAISubsystem::UAISubsystem EnvQueryManager (000001FA8484DE00), frame # 0
[2021.03.16-10.38.11:807][  0]LogPackageLocalizationCache: Processed 19 localized package path(s) for 1 prioritized culture(s) in 0.071287 seconds
[2021.03.16-10.38.11:813][  0]LogUObjectArray: 15917 objects as part of root set at end of initial load.
[2021.03.16-10.38.11:813][  0]LogUObjectAllocator: 3965568 out of 0 bytes used by permanent object pool.
[2021.03.16-10.38.11:813][  0]LogUObjectArray: CloseDisregardForGC: 0/0 objects in disregard for GC pool
[2021.03.16-10.38.12:159][  0]LogTcpMessaging: Initializing TcpMessaging bridge
[2021.03.16-10.38.12:164][  0]LogUdpMessaging: Initializing bridge on interface 0.0.0.0:0 to multicast group 230.0.0.1:6666.
[2021.03.16-10.38.12:253][  0]SourceControl: Source control is disabled
[2021.03.16-10.38.12:253][  0]SourceControl: Source control is disabled
[2021.03.16-10.38.12:256][  0]SourceControl: Source control is disabled
[2021.03.16-10.38.12:259][  0]SourceControl: Source control is disabled
[2021.03.16-10.38.12:265][  0]SourceControl: Source control is disabled
[2021.03.16-10.38.12:499][  0]LogAndroidPermission: UAndroidPermissionCallbackProxy::GetInstance
[2021.03.16-10.38.12:516][  0]LogAudioCaptureCore: Display: No Audio Capture implementations found. Audio input will be silent.
[2021.03.16-10.38.12:516][  0]LogAudioCaptureCore: Display: No Audio Capture implementations found. Audio input will be silent.
[2021.03.16-10.38.12:581][  0]LogOcInput: OculusInput pre-init called
[2021.03.16-10.38.12:590][  0]LogWindows: Failed to load 'OVRPlugin.dll' (GetLastError=126)
[2021.03.16-10.38.12:590][  0]LogWindows: File 'OVRPlugin.dll' does not exist
[2021.03.16-10.38.12:661][  0]LogEngine: Initializing Engine...
[2021.03.16-10.38.12:662][  0]LogHMD: Failed to initialize OpenVR with code 110
[2021.03.16-10.38.12:662][  0]LogMagicLeap: Warning: VR disabled because ZI is not enabled.  To enable, in the editor, Edit -> Project Settings -> Plugins -> Magic Leap Plugin -> Enable Zero Iteration
[2021.03.16-10.38.12:663][  0]LogStats: UGameplayTagsManager::InitializeManager -  0.000 s
[2021.03.16-10.38.12:824][  0]LogInit: Initializing FReadOnlyCVARCache
[2021.03.16-10.38.12:832][  0]LogAIModule: Creating AISystem for world Untitled
[2021.03.16-10.38.12:833][  0]LogAISub: UAISubsystem::UAISubsystem EnvQueryManager (000001FA87CFFC00), frame # 0
[2021.03.16-10.38.12:833][  0]LogAISub: UAISubsystem::UAISubsystem AIPerceptionSystem (000001FA87D5BB00), frame # 0
[2021.03.16-10.38.12:858][  0]LogAudioMixer: Display: Audio Mixer Platform Settings:
[2021.03.16-10.38.12:858][  0]LogAudioMixer: Display: 	Sample Rate:						  48000
[2021.03.16-10.38.12:858][  0]LogAudioMixer: Display: 	Callback Buffer Frame Size Requested: 1024
[2021.03.16-10.38.12:858][  0]LogAudioMixer: Display: 	Callback Buffer Frame Size To Use:	  1024
[2021.03.16-10.38.12:858][  0]LogAudioMixer: Display: 	Number of buffers to queue:			  2
[2021.03.16-10.38.12:858][  0]LogAudioMixer: Display: 	Max Channels (voices):				  32
[2021.03.16-10.38.12:858][  0]LogAudioMixer: Display: 	Number of Async Source Workers:		  0
[2021.03.16-10.38.12:858][  0]LogAudio: Display: AudioDevice MaxSources: 32
[2021.03.16-10.38.12:858][  0]LogAudio: Display: Using built-in audio occlusion.
[2021.03.16-10.38.12:858][  0]LogAudioMixer: Display: Initializing audio mixer.
[2021.03.16-10.38.12:866][  0]LogAudioMixer: Display: 0: FrontLeft
[2021.03.16-10.38.12:866][  0]LogAudioMixer: Display: 1: FrontRight
[2021.03.16-10.38.12:895][  0]LogAudioMixer: Display: Using Audio Device Speakers (Scream (WDM))
[2021.03.16-10.38.12:901][  0]LogAudioMixer: Display: Initializing Sound Submixes...
[2021.03.16-10.38.12:903][  0]LogAudioMixer: Display: Creating Master Submix 'MasterSubmixDefault'
[2021.03.16-10.38.12:903][  0]LogAudioMixer: Display: Creating Master Submix 'MasterReverbSubmixDefault'
[2021.03.16-10.38.12:905][  0]LogAudioMixer: Display: Creating Master Submix 'MasterEQSubmixDefault'
[2021.03.16-10.38.12:906][  0]LogInit: FAudioDevice initialized.
[2021.03.16-10.38.12:906][  0]LogNetVersion: Set ProjectVersion to 1.0.0.0. Version Checksum will be recalculated on next use.
[2021.03.16-10.38.13:092][  0]LogDerivedDataCache: Saved boot cache 0.19s 75MB C:/Users/Administrator/AppData/Local/UnrealEngine/4.25/DerivedDataCache/Boot.ddc.
[2021.03.16-10.38.13:123][  0]LogInit: Texture streaming: Enabled
[2021.03.16-10.38.13:141][  0]LogEngineSessionManager: EngineSessionManager initialized
[2021.03.16-10.38.13:142][  0]LogEditorSessionSummary: Verbose: Initializing EditorSessionSummaryWriter for editor session tracking
[2021.03.16-10.38.13:143][  0]LogEditorSessionSummary: EditorSessionSummaryWriter initialized
[2021.03.16-10.38.13:220][  0]LogInit: Transaction tracking system initialized
[2021.03.16-10.38.13:241][  0]BlueprintLog: New page: Editor Load
[2021.03.16-10.38.13:306][  0]LocalizationService: Localization service is disabled
[2021.03.16-10.38.13:481][  0]LogCook: Display: Max memory allowance for cook 16384mb min free memory 0mb
[2021.03.16-10.38.13:481][  0]LogCook: Display: Mobile HDR setting 1
[2021.03.16-10.38.13:620][  0]LogFileCache: Scanning file cache for directory 'C:/Users/Administrator/Documents/Unreal Projects/InvestigationTales/Content/' took 0.01s
[2021.03.16-10.38.13:989][  0]SourceControl: Source control is disabled
[2021.03.16-10.38.14:118][  0]LogSlate: Took 0.000137 seconds to synchronously load lazily loaded font '../../../Engine/Content/Slate/Fonts/Roboto-Regular.ttf' (155K)
[2021.03.16-10.38.19:079][  0]LogSlate: Window 'Restore Packages' being destroyed
[2021.03.16-10.38.19:079][  0]LogWindowsTextInputMethodSystem: Display: IME system now deactivated.
[2021.03.16-10.38.19:111][  0]LogWindowsTextInputMethodSystem: Display: IME system now deactivated.
[2021.03.16-10.38.21:631][  0]LogSlate: Window 'Unable to Check Out From Source Control!' being destroyed
[2021.03.16-10.38.21:631][  0]LogWindowsTextInputMethodSystem: Display: IME system now deactivated.
[2021.03.16-10.38.21:639][  0]Message dialog closed, result: Ok, title: Unable to Check Out From Source Control!, text: The following assets could not be successfully checked out from source control:
/Game/FirstPersonBP/Maps/FirstPersonExampleMap
[2021.03.16-10.38.21:693][  0]LogWindowsTextInputMethodSystem: Display: IME system now deactivated.
[2021.03.16-10.38.21:695][  0]LogUnrealEdMisc: Loading editor; pre map load, took 15.222
[2021.03.16-10.38.21:695][  0]Cmd: MAP LOAD FILE="../../../../../../Users/Administrator/Documents/Unreal Projects/InvestigationTales/Content/FirstPersonBP/Maps/FirstPersonExampleMap.umap" TEMPLATE=0 SHOWPROGRESS=1 FEATURELEVEL=3
[2021.03.16-10.38.21:695][  0]LightingResults: New page: Lighting Build
[2021.03.16-10.38.21:696][  0]LogWorld: UWorld::CleanupWorld for Untitled, bSessionEnded=true, bCleanupResources=true
[2021.03.16-10.38.21:697][  0]LogSlate: InvalidateAllWidgets triggered.  All widgets were invalidated
[2021.03.16-10.38.21:697][  0]MapCheck: New page: Map Check
[2021.03.16-10.38.21:697][  0]LightingResults: New page: Lighting Build
[2021.03.16-10.38.21:709][  0]LogAISub: UAISubsystem::~UAISubsystem EnvQueryManager (000001FA87CFFC00), frame # 0
[2021.03.16-10.38.21:709][  0]LogAISub: UAISubsystem::~UAISubsystem AIPerceptionSystem (000001FA87D5BB00), frame # 0
[2021.03.16-10.38.21:710][  0]LogUObjectHash: Compacting FUObjectHashTables data took   1.08ms
[2021.03.16-10.38.22:053][  0]LogTexture: Display: Building textures: HQ_Lightmap0_2 (AutoDXT, 512X512)
[2021.03.16-10.38.24:128][  0]LogTexture: Display: Building textures: HQ_Lightmap0_1 (AutoDXT, 2048X2048)
[2021.03.16-10.38.24:129][  0]LogTexture: Display: Building textures: LQ_Lightmap_0_1 (DXT1, 2048X2048)
[2021.03.16-10.38.24:129][  0]LogTexture: Display: Building textures: LQ_Lightmap_0_2 (DXT1, 512X512)
[2021.03.16-10.38.24:129][  0]LogTexture: Display: Building textures: SkyOcclusion0_1 (AutoDXT, 2048X1024)
[2021.03.16-10.38.24:129][  0]LogTexture: Display: Building textures: SkyOcclusion0_2 (AutoDXT, 512X256)
[2021.03.16-10.38.24:131][  0]LogAIModule: Creating AISystem for world FirstPersonExampleMap
[2021.03.16-10.38.24:131][  0]LogAISub: UAISubsystem::UAISubsystem EnvQueryManager (000001FA96B90600), frame # 0
[2021.03.16-10.38.24:131][  0]LogAISub: UAISubsystem::UAISubsystem AIPerceptionSystem (000001FA96C0D800), frame # 0
[2021.03.16-10.38.24:147][  0]LogEditorServer: Finished looking for orphan Actors (0.000 secs)
[2021.03.16-10.38.24:164][  0]LogUObjectHash: Compacting FUObjectHashTables data took   1.32ms
[2021.03.16-10.38.24:215][  0]Cmd: MAP CHECKDEP NOCLEARLOG
[2021.03.16-10.38.24:215][  0]MapCheck: Map check complete: 0 Error(s), 0 Warning(s), took 0.152ms to complete.
[2021.03.16-10.38.24:215][  0]LogFileHelpers: Loading map 'FirstPersonExampleMap' took 2.521
[2021.03.16-10.38.24:219][  0]LogUnrealEdMisc: Total Editor Startup Time, took 17.747
[2021.03.16-10.38.24:403][  0]LogSlate: Updating window title bar state: overlay mode, drag disabled, window buttons hidden, title bar hidden
[2021.03.16-10.38.24:417][  0]LogSlate: Updating window title bar state: overlay mode, drag disabled, window buttons hidden, title bar hidden
[2021.03.16-10.38.24:427][  0]LogSlate: Updating window title bar state: overlay mode, drag disabled, window buttons hidden, title bar hidden
[2021.03.16-10.38.24:438][  0]LogSlate: Updating window title bar state: overlay mode, drag disabled, window buttons hidden, title bar hidden
[2021.03.16-10.38.24:462][  0]LogCollectionManager: Loaded 0 collections in 0.002031 seconds
[2021.03.16-10.38.24:544][  0]LogFileCache: Scanning file cache for directory 'C:/Users/Administrator/Documents/Unreal Projects/InvestigationTales/Saved/Collections/' took 0.00s
[2021.03.16-10.38.24:544][  0]LogFileCache: Scanning file cache for directory 'C:/Users/Administrator/Documents/Unreal Projects/InvestigationTales/Content/Developers/Administrator/Collections/' took 0.00s
[2021.03.16-10.38.24:544][  0]LogFileCache: Scanning file cache for directory 'C:/Users/Administrator/Documents/Unreal Projects/InvestigationTales/Content/Collections/' took 0.00s
[2021.03.16-10.38.24:544][  0]LogContentBrowser: Native class hierarchy populated in 0.0146 seconds. Added 3427 classes and 821 folders.
[2021.03.16-10.38.24:563][  0]LogContentBrowser: Native class hierarchy updated for 'WidgetCarousel' in 0.0003 seconds. Added 0 classes and 0 folders.
[2021.03.16-10.38.25:345][  0]LogContentBrowser: Native class hierarchy updated for 'AddContentDialog' in 0.0004 seconds. Added 0 classes and 0 folders.
[2021.03.16-10.38.25:362][  0]LogContentBrowser: Native class hierarchy updated for 'SceneOutliner' in 0.0004 seconds. Added 2 classes and 0 folders.
[2021.03.16-10.38.25:744][  0]LogSlate: Took 0.000150 seconds to synchronously load lazily loaded font '../../../Engine/Content/Slate/Fonts/Roboto-Bold.ttf' (160K)
[2021.03.16-10.38.25:763][  0]LogSlate: Took 0.011423 seconds to synchronously load lazily loaded font '../../../Engine/Content/Editor/Slate/Fonts/FontAwesome.ttf' (139K)
[2021.03.16-10.38.25:869][  0]LogRenderer: Reallocating scene render targets to support 1212x740 Format 10 NumSamples 1 (Frame:1).
[2021.03.16-10.38.26:088][  0]LogContentBrowser: Native class hierarchy updated for 'HierarchicalLODOutliner' in 0.0003 seconds. Added 0 classes and 0 folders.
[2021.03.16-10.38.26:088][  0]LogLoad: (Engine Initialization) Total time: 19.62 seconds
[2021.03.16-10.38.26:088][  0]LogLoad: (Engine Initialization) Total Blueprint compile time: 0.00 seconds
[2021.03.16-10.38.26:158][  0]LogAssetRegistry: Asset discovery search completed in 15.5393 seconds
[2021.03.16-10.38.26:166][  0]LogCollectionManager: Fixed up redirectors for 0 collections in 0.000004 seconds (updated 0 objects)
[2021.03.16-10.38.26:179][  0]LogContentStreaming: Texture pool size now 1000 MB
[2021.03.16-10.39.44:186][518]LogSlate: Took 0.009964 seconds to synchronously load lazily loaded font '../../../Engine/Content/Slate/Fonts/Roboto-Light.ttf' (167K)
[2021.03.16-10.39.48:710][781]LogSlate: Took 0.000199 seconds to synchronously load lazily loaded font '../../../Engine/Content/Slate/Fonts/Roboto-Light.ttf' (167K)
[2021.03.16-10.39.48:754][781]LogAssetTools: Warning: Failed to import 'C:\Users\Administrator\Downloads\HOUSE_TV model.max'. Unknown extension 'max'.
[2021.03.16-10.47.53:913][329]LogRenderer: Reallocating scene render targets to support 1212x752 Format 10 NumSamples 1 (Frame:3736).
[2021.03.16-10.47.58:046][702]MapCheck: New page: Map Check
[2021.03.16-10.47.58:066][702]Cmd: MAP REBUILD ALLVISIBLE
[2021.03.16-10.47.58:067][702]LogEditorServer: Rebuildmap Clear paths rebuilt
[2021.03.16-10.47.58:179][702]LogWorld: UWorld::CleanupWorld for FirstPersonExampleMap, bSessionEnded=true, bCleanupResources=false
[2021.03.16-10.47.58:196][702]LogNavigationDataBuild: Display: UNavigationSystemV1::Build started...
[2021.03.16-10.47.58:196][702]LogNavigationDataBuild: Display:    Building navigation data using PHYSICS_INTERFACE_PHYSX.
[2021.03.16-10.47.58:196][702]LogNavigationDataBuild: Display:    Building navigation data using WITH_PHYSX.
[2021.03.16-10.47.58:210][702]LogUObjectHash: Compacting FUObjectHashTables data took   0.79ms
[2021.03.16-10.47.58:222][702]LogMaterial: Display: Missing cached shader map for material DebugViewMode MaterialTexCoordScale, compiling. 
[2021.03.16-10.47.58:231][702]LogMaterial: Display: Missing cached shader map for material DebugViewMode MaterialTexCoordScale, compiling. 
[2021.03.16-10.47.58:234][702]LogMaterial: Display: Missing cached shader map for material DebugViewMode MaterialTexCoordScale, compiling. 
[2021.03.16-10.47.58:237][702]LogMaterial: Display: Missing cached shader map for material DebugViewMode MaterialTexCoordScale, compiling. 
[2021.03.16-10.47.58:242][702]LogShaderCompilers: Display: Worker (1/3): shaders left to compile 8
[2021.03.16-10.47.58:242][702]LogShaderCompilers: Display: Worker (2/3): shaders left to compile 7
[2021.03.16-10.47.58:242][702]LogShaderCompilers: Display: Worker (3/3): shaders left to compile 6
[2021.03.16-10.47.58:242][702]LogMaterial: Display: Missing cached shader map for material DebugViewMode MaterialTexCoordScale, compiling. Is special engine material.
[2021.03.16-10.47.58:296][702]LogMaterial: Display: Missing cached shader map for material DebugViewMode MaterialTexCoordScale, compiling. 
[2021.03.16-10.48.14:327][702]LogShaderCompilers: Display: Worker (1/3): shaders left to compile 57
[2021.03.16-10.48.14:327][702]LogShaderCompilers: Display: Worker (3/3): shaders left to compile 56
[2021.03.16-10.48.14:327][702]LogShaderCompilers: Display: Worker (2/3): shaders left to compile 55
[2021.03.16-10.48.14:327][702]LogShaderCompilers: Display: Worker (3/3): shaders left to compile 54
[2021.03.16-10.48.14:327][702]LogShaderCompilers: Display: Worker (1/3): shaders left to compile 53
[2021.03.16-10.48.14:327][702]LogShaderCompilers: Display: Worker (2/3): shaders left to compile 52
[2021.03.16-10.48.14:327][702]LogShaderCompilers: Display: Worker (3/3): shaders left to compile 51
[2021.03.16-10.48.14:327][702]LogShaderCompilers: Display: Worker (1/3): shaders left to compile 50
[2021.03.16-10.48.14:327][702]LogShaderCompilers: Display: Worker (2/3): shaders left to compile 49
[2021.03.16-10.48.14:327][702]LogShaderCompilers: Display: Worker (3/3): shaders left to compile 48
[2021.03.16-10.48.14:327][702]LogShaderCompilers: Display: Worker (1/3): shaders left to compile 47
[2021.03.16-10.48.14:327][702]LogShaderCompilers: Display: Worker (2/3): shaders left to compile 46
[2021.03.16-10.48.14:327][702]LogShaderCompilers: Display: Worker (3/3): shaders left to compile 45
[2021.03.16-10.48.14:327][702]LogShaderCompilers: Display: Worker (1/3): shaders left to compile 44
[2021.03.16-10.48.14:327][702]LogShaderCompilers: Display: Worker (2/3): shaders left to compile 43
[2021.03.16-10.48.14:327][702]LogShaderCompilers: Display: Worker (3/3): shaders left to compile 42
[2021.03.16-10.48.14:327][702]LogShaderCompilers: Display: Worker (1/3): shaders left to compile 41
[2021.03.16-10.48.14:327][702]LogShaderCompilers: Display: Worker (2/3): shaders left to compile 40
[2021.03.16-10.48.14:327][702]LogShaderCompilers: Display: Worker (1/3): shaders left to compile 39
[2021.03.16-10.48.14:327][702]LogShaderCompilers: Display: Worker (3/3): shaders left to compile 38
[2021.03.16-10.48.14:327][702]LogShaderCompilers: Display: Worker (2/3): shaders left to compile 37
[2021.03.16-10.48.14:327][702]LogShaderCompilers: Display: Worker (1/3): shaders left to compile 36
[2021.03.16-10.48.14:327][702]LogShaderCompilers: Display: Worker (3/3): shaders left to compile 35
[2021.03.16-10.48.14:327][702]LogShaderCompilers: Display: Worker (2/3): shaders left to compile 34
[2021.03.16-10.48.14:327][702]LogShaderCompilers: Display: Worker (1/3): shaders left to compile 33
[2021.03.16-10.48.14:327][702]LogShaderCompilers: Display: Worker (3/3): shaders left to compile 32
[2021.03.16-10.48.14:327][702]LogShaderCompilers: Display: Worker (1/3): shaders left to compile 31
[2021.03.16-10.48.14:327][702]LogShaderCompilers: Display: Worker (2/3): shaders left to compile 30
[2021.03.16-10.48.14:327][702]LogShaderCompilers: Display: Worker (3/3): shaders left to compile 29
[2021.03.16-10.48.14:327][702]LogShaderCompilers: Display: Worker (1/3): shaders left to compile 28
[2021.03.16-10.48.14:327][702]LogShaderCompilers: Display: Worker (2/3): shaders left to compile 27
[2021.03.16-10.48.14:327][702]LogShaderCompilers: Display: Worker (3/3): shaders left to compile 26
[2021.03.16-10.48.14:327][702]LogShaderCompilers: Display: Worker (1/3): shaders left to compile 25
[2021.03.16-10.48.14:327][702]LogShaderCompilers: Display: Worker (2/3): shaders left to compile 24
[2021.03.16-10.48.14:327][702]LogShaderCompilers: Display: Worker (3/3): shaders left to compile 23
[2021.03.16-10.48.14:327][702]LogShaderCompilers: Display: Worker (1/3): shaders left to compile 22
[2021.03.16-10.48.14:327][702]LogShaderCompilers: Display: Worker (2/3): shaders left to compile 21
[2021.03.16-10.48.14:327][702]LogShaderCompilers: Display: Worker (3/3): shaders left to compile 20
[2021.03.16-10.48.14:327][702]LogShaderCompilers: Display: Worker (1/3): shaders left to compile 19
[2021.03.16-10.48.14:327][702]LogShaderCompilers: Display: Worker (2/3): shaders left to compile 18
[2021.03.16-10.48.14:327][702]LogShaderCompilers: Display: Worker (1/3): shaders left to compile 17
[2021.03.16-10.48.14:327][702]LogShaderCompilers: Display: Worker (3/3): shaders left to compile 16
[2021.03.16-10.48.14:327][702]LogShaderCompilers: Display: Worker (2/3): shaders left to compile 15
[2021.03.16-10.48.14:327][702]LogShaderCompilers: Display: Worker (1/3): shaders left to compile 14
[2021.03.16-10.48.14:327][702]LogShaderCompilers: Display: Worker (3/3): shaders left to compile 13
[2021.03.16-10.48.14:327][702]LogShaderCompilers: Display: Worker (2/3): shaders left to compile 12
[2021.03.16-10.48.14:327][702]LogShaderCompilers: Display: Worker (1/3): shaders left to compile 11
[2021.03.16-10.48.14:327][702]LogShaderCompilers: Display: Worker (3/3): shaders left to compile 10
[2021.03.16-10.48.14:327][702]LogShaderCompilers: Display: Worker (2/3): shaders left to compile 9
[2021.03.16-10.48.14:327][702]LogShaderCompilers: Display: Worker (3/3): shaders left to compile 8
[2021.03.16-10.48.14:327][702]LogShaderCompilers: Display: Worker (2/3): shaders left to compile 7
[2021.03.16-10.48.14:327][702]LogShaderCompilers: Display: Worker (1/3): shaders left to compile 6
[2021.03.16-10.48.14:328][702]LogShaderCompilers: Display: Worker (2/3): shaders left to compile 5
[2021.03.16-10.48.14:328][702]LogShaderCompilers: Display: Worker (3/3): shaders left to compile 4
[2021.03.16-10.48.14:328][702]LogShaderCompilers: Display: Worker (1/3): shaders left to compile 3
[2021.03.16-10.48.14:328][702]LogShaderCompilers: Display: Worker (2/3): shaders left to compile 2
[2021.03.16-10.48.14:328][702]LogShaderCompilers: Display: Worker (3/3): shaders left to compile 1
[2021.03.16-10.48.14:328][702]TextureStreamingBuild: Display: Compiling optional shaders took 16.111 seconds.
[2021.03.16-10.48.14:340][702]LogLevel: Display: Export Material TexCoord Scales took 0.013 seconds.
[2021.03.16-10.48.14:342][702]TextureStreamingBuild: Display: Build Texture Streaming took 0.002 seconds.
[2021.03.16-10.48.14:353][702]LogUObjectHash: Compacting FUObjectHashTables data took   0.34ms
[2021.03.16-10.48.14:378][702]LightingResults: New page: Lighting Build - 16 Mar 2021, 10:48:14
[2021.03.16-10.48.14:561][702]LogSwarmInterface: [OpenConnection] Registering TCP channel ...
[2021.03.16-10.48.14:655][702]LogSwarmInterface: [OpenConnection] Connecting to agent ...
[2021.03.16-10.48.14:677][702]LogSwarmInterface: [TryOpenConnection] Testing the Agent
[2021.03.16-10.48.15:728][702]LogSwarmInterface: [TryOpenConnection] Opening Connection to Agent
[2021.03.16-10.48.15:728][702]LogSwarmInterface: [TryOpenConnection] Local Process ID is 7512
[2021.03.16-10.48.19:584][702]LogStaticLightingSystem: Running Lightmass w/ ImmediateImport mode ENABLED
[2021.03.16-10.48.19:585][702]LogStaticLightingSystem: Running Lightmass w/ ImmediateProcess mode ENABLED
[2021.03.16-10.48.19:585][702]LogStaticLightingSystem: Running Lightmass w/ Sorting mode ENABLED
[2021.03.16-10.48.19:585][702]LogStaticLightingSystem: Running Lightmass w/ Mapping paddings ENABLED
[2021.03.16-10.48.19:585][702]LogStaticLightingSystem: Running Lightmass w/ Mapping debug paddings DISABLED
[2021.03.16-10.48.19:786][702]Cmd: MAP CHECK DONTDISPLAYDIALOG
[2021.03.16-10.48.19:786][702]MapCheck: New page: FirstPersonExampleMap - 16 Mar 2021, 10:48:19
[2021.03.16-10.48.19:848][702]MapCheck: Error: WorldInfo_0 Maps need lighting rebuilt 
[2021.03.16-10.48.19:852][702]MapCheck: Map check complete: 1 Error(s), 0 Warning(s), took 65.298ms to complete.
[2021.03.16-10.48.19:854][702]LogEditorBuildUtils: Build time 0:21
[2021.03.16-10.48.20:028][702]LogSlate: Took 0.012595 seconds to synchronously load lazily loaded font '../../../Engine/Content/Slate/Fonts/DroidSansMono.ttf' (77K)
[2021.03.16-10.48.20:314][706]LogUObjectHash: Compacting FUObjectHashTables data took   0.58ms
[2021.03.16-10.48.29:278][290]LogUObjectHash: Compacting FUObjectHashTables data took   0.49ms
[2021.03.16-10.48.29:364][290]LogSavePackage: Moving '../../../../../../Users/Administrator/Documents/Unreal Projects/InvestigationTales/Saved/FirstPersonExampleMap_Auto159C8AB8543984A1F5BA187844EBA40A5.tmp' to '../../../../../../Users/Administrator/Documents/Unreal Projects/InvestigationTales/Saved/Autosaves/Game/FirstPersonBP/Maps/FirstPersonExampleMap_Auto1.umap'
[2021.03.16-10.48.29:372][290]LogFileHelpers: Editor autosave (incl. sublevels) for '/Game/FirstPersonBP/Maps/FirstPersonExampleMap' took 0.106
[2021.03.16-10.48.29:372][290]LogFileHelpers: Editor autosave (incl. sublevels) for all levels took 0.106
[2021.03.16-10.48.39:051][124]LightingResults: Warning: MOD_Coffee_table_Handle002 Object has overlapping UVs.
[2021.03.16-10.48.39:051][124]LightingResults: MOD_Coffee_table_Handle002 Lightmap UV are overlapping by 63.6%. Please adjust content - Enable Error Coloring to visualize.
[2021.03.16-10.48.39:687][182]LightingResults: Warning: MOD_Coffee_table_Handle001 Object has overlapping UVs.
[2021.03.16-10.48.39:701][183]LightingResults: MOD_Coffee_table_Handle001 Lightmap UV are overlapping by 63.6%. Please adjust content - Enable Error Coloring to visualize.
[2021.03.16-10.48.40:449][248]LightingResults: Warning: MOD_Coffee_table_Coffee_Table Object has overlapping UVs.
[2021.03.16-10.48.40:449][248]LightingResults: MOD_Coffee_table_Coffee_Table Lightmap UV are overlapping by 32.1%. Please adjust content - Enable Error Coloring to visualize.
[2021.03.16-10.48.46:166][745]LightingResults: Warning: MOD_Coffee_table_Handle003 Object has overlapping UVs.
[2021.03.16-10.48.46:166][745]LightingResults: MOD_Coffee_table_Handle003 Lightmap UV are overlapping by 63.6%. Please adjust content - Enable Error Coloring to visualize.
[2021.03.16-10.48.47:115][813]LightingResults: Warning: MOD_Coffee_table_Handle004 Object has overlapping UVs.
[2021.03.16-10.48.47:136][814]LightingResults: MOD_Coffee_table_Handle004 Lightmap UV are overlapping by 63.6%. Please adjust content - Enable Error Coloring to visualize.
[2021.03.16-10.48.57:121][642]LogSlate: Window 'Message Log' being destroyed
[2021.03.16-10.48.57:130][642]LogSlate: Window 'Message Log' being destroyed
[2021.03.16-10.49.28:015][339]Job is a success!
[2021.03.16-10.49.28:202][340]LogVolumetricLightmapImport: Imported Volumetric Lightmap in 0.014s
[2021.03.16-10.49.28:202][340]LogVolumetricLightmapImport:      Indirection Texture 16x16x16 = 0.0Mb
[2021.03.16-10.49.28:202][340]LogVolumetricLightmapImport:      BrickData (all levels) 0.1Mb
[2021.03.16-10.49.28:203][340]LogVolumetricLightmapImport:      Bricks at depth
[2021.03.16-10.49.28:203][340]LogVolumetricLightmapImport:          0: 3.8% covering 100.0% of volume
[2021.03.16-10.49.28:203][340]LogVolumetricLightmapImport:          1: 3.8% covering 1.6% of volume
[2021.03.16-10.49.28:203][340]LogVolumetricLightmapImport:          2: 92.3% covering 0.6% of volume
[2021.03.16-10.49.28:203][340]LogVolumetricLightmapImport:      Bricks in each level
[2021.03.16-10.49.28:203][340]LogVolumetricLightmapImport:          FirstPersonExampleMap 			 26 bricks 	 100.0% (Persistent Level)
[2021.03.16-10.49.31:617][340]LogTexture: Display: Building textures: SkyOcclusion1_1 (AutoDXT, 2048X1024)
[2021.03.16-10.49.31:617][340]LogTexture: Display: Building textures: HQ_Lightmap1_1 (AutoDXT, 2048X2048)
[2021.03.16-10.49.31:617][340]LogTexture: Display: Building textures: LQ_Lightmap_1_1 (DXT1, 2048X2048)
[2021.03.16-10.49.31:617][340]LogTexture: Display: Building textures: SkyOcclusion1_2 (AutoDXT, 512X256)
[2021.03.16-10.49.31:617][340]LogTexture: Display: Building textures: HQ_Lightmap1_2 (AutoDXT, 512X512)
[2021.03.16-10.49.31:617][340]LogTexture: Display: Building textures: LQ_Lightmap_1_2 (DXT1, 512X512)
[2021.03.16-10.49.31:617][340]LogTexture: Display: Building textures: SkyOcclusion0_3 (AutoDXT, 64X32)
[2021.03.16-10.49.31:617][340]LogTexture: Display: Building textures: HQ_Lightmap0_3 (AutoDXT, 64X64)
[2021.03.16-10.49.31:617][340]LogTexture: Display: Building textures: LQ_Lightmap_0_3 (DXT1, 64X64)
[2021.03.16-10.49.32:226][340]LogTexture: Display: Building textures: ShadowMapTexture2D_4 (BGRA8, 1024X1024)
[2021.03.16-10.49.32:226][340]LogTexture: Display: Building textures: ShadowMapTexture2D_5 (BGRA8, 1024X64)
[2021.03.16-10.49.32:226][340]LogTexture: Display: Building textures: ShadowMapTexture2D_6 (G8, 32X32)
[2021.03.16-10.49.32:226][340]LogTexture: Display: Building textures: ShadowMapTexture2D_3 (BGRA8, 1024X1024)
[2021.03.16-10.49.32:226][340]Lightmass on EC2AMAZ-4NJNOM4: 1:10 min total, 393 ms importing, 68 ms setup, 12.5 sec photons, 57.2 sec processing, 0 ms extra exporting [19/19 mappings]. Threads: 3:49 min total, 1:41 min processing.
[2021.03.16-10.49.32:238][340]LogStaticLightingSystem: FirstPersonExampleMap_BuiltData storing lightmap data for 19 meshes in 4 LightmapResourceClusters (4.8 Meshes per cluster).
[2021.03.16-10.49.32:253][340]LogUObjectHash: Compacting FUObjectHashTables data took   1.06ms
[2021.03.16-10.49.32:282][340]LogStaticLightingSystem: Illumination: 1:17 min (3.15 sec encoding lightmaps, 515 ms encoding shadowmaps)
[2021.03.16-10.49.32:284][340]LogStaticLightingSystem: Lightmap texture memory:  11.3 MB (11.3 MB streaming, 0.0 MB non-streaming), 6 textures
[2021.03.16-10.49.32:284][340]LogStaticLightingSystem: Shadowmap texture memory: 11.0 MB (11.0 MB streaming, 0.0 MB non-streaming), 4 textures
[2021.03.16-10.49.32:635][340]DumpUnbuiltLightIteractions
[2021.03.16-10.49.32:635][340]Lights with unbuilt interactions: 0
[2021.03.16-10.49.32:636][340]
[2021.03.16-10.49.32:636][340]Primitives with unbuilt interactions: 0
[2021.03.16-10.49.32:869][341]Cmd: MAP CHECK NOTIFYRESULTS
[2021.03.16-10.49.32:869][341]MapCheck: New page: FirstPersonExampleMap - 16 Mar 2021, 10:49:32
[2021.03.16-10.49.32:869][341]MapCheck: Map check complete: 0 Error(s), 0 Warning(s), took 0.528ms to complete.
[2021.03.16-10.49.40:979][251]LogSlate: Window 'Message Log' being destroyed
[2021.03.16-10.49.40:987][251]LogSlate: Window 'Message Log' being destroyed
[2021.03.16-10.49.57:705][129]LogTemp: Repeating last play command: Selected Viewport
[2021.03.16-10.49.57:729][129]LogPlayLevel: PlayLevel: No blueprints needed recompiling
[2021.03.16-10.49.57:730][129]PIE: New page: PIE session: FirstPersonExampleMap (16 Mar 2021, 10:49:57)
[2021.03.16-10.49.57:732][129]LogOnline: OSS: Creating online subsystem instance for: NULL
[2021.03.16-10.49.57:735][129]LogOnline: OSS: TryLoadSubsystemAndSetDefault: Loaded subsystem for module [NULL]
[2021.03.16-10.49.57:735][129]LogPlayLevel: Creating play world package: /Game/FirstPersonBP/Maps/UEDPIE_0_FirstPersonExampleMap
[2021.03.16-10.49.57:743][129]LogPlayLevel: PIE: StaticDuplicateObject took: (0.008896s)
[2021.03.16-10.49.57:745][129]LogAIModule: Creating AISystem for world FirstPersonExampleMap
[2021.03.16-10.49.57:745][129]LogAISub: UAISubsystem::UAISubsystem EnvQueryManager (000001FA96B91800), frame # 14129
[2021.03.16-10.49.57:745][129]LogAISub: UAISubsystem::UAISubsystem AIPerceptionSystem (000001FA96B26AC0), frame # 14129
[2021.03.16-10.49.57:746][129]LogPlayLevel: PIE: World Init took: (0.002296s)
[2021.03.16-10.49.57:746][129]LogPlayLevel: PIE: Created PIE world by copying editor world from /Game/FirstPersonBP/Maps/FirstPersonExampleMap.FirstPersonExampleMap to /Game/FirstPersonBP/Maps/UEDPIE_0_FirstPersonExampleMap.FirstPersonExampleMap (0.011379s)
[2021.03.16-10.49.57:759][129]LogUObjectHash: Compacting FUObjectHashTables data took   0.73ms
[2021.03.16-10.49.57:765][129]LogAudioMixer: Display: Audio Mixer Platform Settings:
[2021.03.16-10.49.57:765][129]LogAudioMixer: Display: 	Sample Rate:						  48000
[2021.03.16-10.49.57:765][129]LogAudioMixer: Display: 	Callback Buffer Frame Size Requested: 1024
[2021.03.16-10.49.57:765][129]LogAudioMixer: Display: 	Callback Buffer Frame Size To Use:	  1024
[2021.03.16-10.49.57:765][129]LogAudioMixer: Display: 	Number of buffers to queue:			  2
[2021.03.16-10.49.57:765][129]LogAudioMixer: Display: 	Max Channels (voices):				  32
[2021.03.16-10.49.57:765][129]LogAudioMixer: Display: 	Number of Async Source Workers:		  0
[2021.03.16-10.49.57:765][129]LogAudio: Display: AudioDevice MaxSources: 32
[2021.03.16-10.49.57:765][129]LogAudio: Display: Using built-in audio occlusion.
[2021.03.16-10.49.57:765][129]LogAudioMixer: Display: Initializing audio mixer.
[2021.03.16-10.49.57:767][129]LogAudioMixer: Display: 0: FrontLeft
[2021.03.16-10.49.57:767][129]LogAudioMixer: Display: 1: FrontRight
[2021.03.16-10.49.57:778][129]LogAudioMixer: Display: Using Audio Device Speakers (Scream (WDM))
[2021.03.16-10.49.57:778][129]LogAudioMixer: Display: Initializing Sound Submixes...
[2021.03.16-10.49.57:778][129]LogAudioMixer: Display: Creating Master Submix 'MasterSubmixDefault'
[2021.03.16-10.49.57:779][129]LogAudioMixer: Display: Creating Master Submix 'MasterReverbSubmixDefault'
[2021.03.16-10.49.57:780][129]LogAudioMixer: Display: Creating Master Submix 'MasterEQSubmixDefault'
[2021.03.16-10.49.57:797][129]LogInit: FAudioDevice initialized.
[2021.03.16-10.49.57:807][129]LogLoad: Game class is 'FirstPersonGameMode_C'
[2021.03.16-10.49.57:815][129]LogWorld: Bringing World /Game/FirstPersonBP/Maps/UEDPIE_0_FirstPersonExampleMap.FirstPersonExampleMap up for play (max tick rate 0) at 2021.03.16-10.49.57
[2021.03.16-10.49.57:815][129]LogWorld: Bringing up level for play took: 0.002216
[2021.03.16-10.49.57:815][129]LogOnline: OSS: Creating online subsystem instance for: :Context_1
[2021.03.16-10.49.57:824][129]LogContentBrowser: Native class hierarchy updated for 'MovieSceneCapture' in 0.0005 seconds. Added 20 classes and 0 folders.
[2021.03.16-10.49.57:827][129]LogSlate: Updating window title bar state: overlay mode, drag disabled, window buttons hidden, title bar hidden
[2021.03.16-10.49.57:841][129]LogScript: Warning: Accessed None trying to read property Media Player
	FirstPersonExampleMap_C /Game/FirstPersonBP/Maps/UEDPIE_0_FirstPersonExampleMap.FirstPersonExampleMap:PersistentLevel.FirstPersonExampleMap_C_3
	Function /Game/FirstPersonBP/Maps/FirstPersonExampleMap.FirstPersonExampleMap_C:ExecuteUbergraph_FirstPersonExampleMap:001F
[2021.03.16-10.49.57:841][129]PIE: Error: Blueprint Runtime Error: "Accessed None trying to read property Media Player". Blueprint:  FirstPersonExampleMap Function:  Execute Ubergraph First Person Example Map Graph:  EventGraph Node:  Open Source
[2021.03.16-10.49.57:841][129]PIE: Server logged in
[2021.03.16-10.49.57:843][129]PIE: Play in editor total start time 0.114 seconds.
[2021.03.16-10.49.59:227][284]LogSlate: Updating window title bar state: overlay mode, drag disabled, window buttons hidden, title bar hidden
[2021.03.16-10.50.00:329][416]LogSlate: Updating window title bar state: overlay mode, drag disabled, window buttons hidden, title bar hidden
[2021.03.16-10.50.00:813][471]LogSlate: Updating window title bar state: overlay mode, drag disabled, window buttons hidden, title bar hidden
[2021.03.16-10.50.01:214][519]LogSlate: Updating window title bar state: overlay mode, drag disabled, window buttons hidden, title bar hidden
[2021.03.16-10.50.01:581][563]LogSlate: Updating window title bar state: overlay mode, drag disabled, window buttons hidden, title bar hidden
[2021.03.16-10.50.01:740][582]LogSlate: Updating window title bar state: overlay mode, drag disabled, window buttons hidden, title bar hidden
[2021.03.16-10.50.02:201][637]LogSlate: Updating window title bar state: overlay mode, drag disabled, window buttons hidden, title bar hidden
[2021.03.16-10.50.02:376][658]LogSlate: Updating window title bar state: overlay mode, drag disabled, window buttons hidden, title bar hidden
[2021.03.16-10.50.02:891][716]LogSlate: Updating window title bar state: overlay mode, drag disabled, window buttons hidden, title bar hidden
[2021.03.16-10.50.03:060][736]LogSlate: Updating window title bar state: overlay mode, drag disabled, window buttons hidden, title bar hidden
[2021.03.16-10.50.03:518][791]LogSlate: Updating window title bar state: overlay mode, drag disabled, window buttons hidden, title bar hidden
[2021.03.16-10.50.04:426][900]LogSlate: Updating window title bar state: overlay mode, drag disabled, window buttons hidden, title bar hidden
[2021.03.16-10.50.04:776][938]LogSlate: Updating window title bar state: overlay mode, drag disabled, window buttons hidden, title bar hidden
[2021.03.16-10.50.06:071][ 93]LogSlate: Updating window title bar state: overlay mode, drag disabled, window buttons hidden, title bar hidden
[2021.03.16-10.50.06:295][120]LogSlate: Updating window title bar state: overlay mode, drag disabled, window buttons hidden, title bar hidden
[2021.03.16-10.50.06:521][147]LogSlate: Updating window title bar state: overlay mode, drag disabled, window buttons hidden, title bar hidden
[2021.03.16-10.50.06:906][189]LogSlate: Updating window title bar state: overlay mode, drag disabled, window buttons hidden, title bar hidden
[2021.03.16-10.50.09:047][437]LogSlate: Updating window title bar state: overlay mode, drag disabled, window buttons hidden, title bar hidden
[2021.03.16-10.50.09:047][437]LogWorld: BeginTearingDown for /Game/FirstPersonBP/Maps/UEDPIE_0_FirstPersonExampleMap
[2021.03.16-10.50.09:047][437]LogWorld: UWorld::CleanupWorld for FirstPersonExampleMap, bSessionEnded=true, bCleanupResources=true
[2021.03.16-10.50.09:047][437]LogSlate: InvalidateAllWidgets triggered.  All widgets were invalidated
[2021.03.16-10.50.09:054][437]LogPlayLevel: Display: Shutting down PIE online subsystems
[2021.03.16-10.50.09:056][437]LogSlate: InvalidateAllWidgets triggered.  All widgets were invalidated
[2021.03.16-10.50.09:091][437]LogSlate: Updating window title bar state: overlay mode, drag disabled, window buttons hidden, title bar hidden
[2021.03.16-10.50.09:092][437]LogAISub: UAISubsystem::~UAISubsystem AIPerceptionSystem (000001FA96B26AC0), frame # 15437
[2021.03.16-10.50.09:092][437]LogAISub: UAISubsystem::~UAISubsystem EnvQueryManager (000001FA96B91800), frame # 15437
[2021.03.16-10.50.09:093][437]LogUObjectHash: Compacting FUObjectHashTables data took   0.79ms
[2021.03.16-10.50.09:238][438]LogPlayLevel: Display: Destroying online subsystem :Context_1
[2021.03.16-10.50.10:810][584]LogSlate: Window 'Message Log' being destroyed
[2021.03.16-10.50.10:816][584]LogSlate: Window 'Message Log' being destroyed
[2021.03.16-10.50.15:414][103]LogEditorViewport: Clicking on Actor (LMB): FirstPersonCharacter_C (FirstPersonCharacter)
[2021.03.16-10.50.16:709][203]LogSlate: Took 0.012926 seconds to synchronously load lazily loaded font '../../../Engine/Content/Slate/Fonts/Roboto-Italic.ttf' (157K)
[2021.03.16-10.50.56:461][415]LogTemp: Repeating last play command: Selected Viewport
[2021.03.16-10.50.56:487][415]LogPlayLevel: PlayLevel: No blueprints needed recompiling
[2021.03.16-10.50.56:487][415]PIE: New page: PIE session: FirstPersonExampleMap (16 Mar 2021, 10:50:56)
[2021.03.16-10.50.56:524][415]LogPlayLevel: Creating play world package: /Game/FirstPersonBP/Maps/UEDPIE_0_FirstPersonExampleMap
[2021.03.16-10.50.56:531][415]LogPlayLevel: PIE: StaticDuplicateObject took: (0.006663s)
[2021.03.16-10.50.56:532][415]LogAIModule: Creating AISystem for world FirstPersonExampleMap
[2021.03.16-10.50.56:532][415]LogAISub: UAISubsystem::UAISubsystem EnvQueryManager (000001FA9D23B800), frame # 20415
[2021.03.16-10.50.56:532][415]LogAISub: UAISubsystem::UAISubsystem AIPerceptionSystem (000001FAB2489BC0), frame # 20415
[2021.03.16-10.50.56:532][415]LogPlayLevel: PIE: World Init took: (0.001691s)
[2021.03.16-10.50.56:533][415]LogPlayLevel: PIE: Created PIE world by copying editor world from /Game/FirstPersonBP/Maps/FirstPersonExampleMap.FirstPersonExampleMap to /Game/FirstPersonBP/Maps/UEDPIE_0_FirstPersonExampleMap.FirstPersonExampleMap (0.008573s)
[2021.03.16-10.50.56:544][415]LogUObjectHash: Compacting FUObjectHashTables data took   0.86ms
[2021.03.16-10.50.56:547][415]LogAudioMixer: Display: Audio Mixer Platform Settings:
[2021.03.16-10.50.56:547][415]LogAudioMixer: Display: 	Sample Rate:						  48000
[2021.03.16-10.50.56:547][415]LogAudioMixer: Display: 	Callback Buffer Frame Size Requested: 1024
[2021.03.16-10.50.56:547][415]LogAudioMixer: Display: 	Callback Buffer Frame Size To Use:	  1024
[2021.03.16-10.50.56:547][415]LogAudioMixer: Display: 	Number of buffers to queue:			  2
[2021.03.16-10.50.56:547][415]LogAudioMixer: Display: 	Max Channels (voices):				  32
[2021.03.16-10.50.56:547][415]LogAudioMixer: Display: 	Number of Async Source Workers:		  0
[2021.03.16-10.50.56:547][415]LogAudio: Display: AudioDevice MaxSources: 32
[2021.03.16-10.50.56:547][415]LogAudio: Display: Using built-in audio occlusion.
[2021.03.16-10.50.56:548][415]LogAudioMixer: Display: Initializing audio mixer.
[2021.03.16-10.50.56:549][415]LogAudioMixer: Display: 0: FrontLeft
[2021.03.16-10.50.56:549][415]LogAudioMixer: Display: 1: FrontRight
[2021.03.16-10.50.56:559][415]LogAudioMixer: Display: Using Audio Device Speakers (Scream (WDM))
[2021.03.16-10.50.56:559][415]LogAudioMixer: Display: Initializing Sound Submixes...
[2021.03.16-10.50.56:559][415]LogAudioMixer: Display: Creating Master Submix 'MasterSubmixDefault'
[2021.03.16-10.50.56:559][415]LogAudioMixer: Display: Creating Master Submix 'MasterReverbSubmixDefault'
[2021.03.16-10.50.56:560][415]LogAudioMixer: Display: Creating Master Submix 'MasterEQSubmixDefault'
[2021.03.16-10.50.56:577][415]LogInit: FAudioDevice initialized.
[2021.03.16-10.50.56:584][415]LogLoad: Game class is 'FirstPersonGameMode_C'
[2021.03.16-10.50.56:586][415]LogWorld: Bringing World /Game/FirstPersonBP/Maps/UEDPIE_0_FirstPersonExampleMap.FirstPersonExampleMap up for play (max tick rate 0) at 2021.03.16-10.50.56
[2021.03.16-10.50.56:586][415]LogWorld: Bringing up level for play took: 0.001978
[2021.03.16-10.50.56:586][415]LogOnline: OSS: Creating online subsystem instance for: :Context_2
[2021.03.16-10.50.56:588][415]LogSlate: Updating window title bar state: overlay mode, drag disabled, window buttons hidden, title bar hidden
[2021.03.16-10.50.56:589][415]LogScript: Warning: Accessed None trying to read property Media Player
	FirstPersonExampleMap_C /Game/FirstPersonBP/Maps/UEDPIE_0_FirstPersonExampleMap.FirstPersonExampleMap:PersistentLevel.FirstPersonExampleMap_C_3
	Function /Game/FirstPersonBP/Maps/FirstPersonExampleMap.FirstPersonExampleMap_C:ExecuteUbergraph_FirstPersonExampleMap:001F
[2021.03.16-10.50.56:589][415]PIE: Error: Blueprint Runtime Error: "Accessed None trying to read property Media Player". Blueprint:  FirstPersonExampleMap Function:  Execute Ubergraph First Person Example Map Graph:  EventGraph Node:  Open Source
[2021.03.16-10.50.56:589][415]PIE: Server logged in
[2021.03.16-10.50.56:590][415]PIE: Play in editor total start time 0.104 seconds.
[2021.03.16-10.50.58:129][576]LogSlate: Updating window title bar state: overlay mode, drag disabled, window buttons hidden, title bar hidden
[2021.03.16-10.50.58:554][627]LogSlate: Updating window title bar state: overlay mode, drag disabled, window buttons hidden, title bar hidden
[2021.03.16-10.50.59:948][790]LogSlate: Updating window title bar state: overlay mode, drag disabled, window buttons hidden, title bar hidden
[2021.03.16-10.51.00:441][849]LogSlate: Updating window title bar state: overlay mode, drag disabled, window buttons hidden, title bar hidden
[2021.03.16-10.51.01:896][ 18]LogSlate: Updating window title bar state: overlay mode, drag disabled, window buttons hidden, title bar hidden
[2021.03.16-10.51.02:477][ 87]LogSlate: Updating window title bar state: overlay mode, drag disabled, window buttons hidden, title bar hidden
[2021.03.16-10.51.03:633][219]LogSlate: Updating window title bar state: overlay mode, drag disabled, window buttons hidden, title bar hidden
[2021.03.16-10.51.04:143][280]LogSlate: Updating window title bar state: overlay mode, drag disabled, window buttons hidden, title bar hidden
[2021.03.16-10.51.05:056][385]LogSlate: Updating window title bar state: overlay mode, drag disabled, window buttons hidden, title bar hidden
[2021.03.16-10.51.05:650][456]LogSlate: Updating window title bar state: overlay mode, drag disabled, window buttons hidden, title bar hidden
[2021.03.16-10.51.06:584][568]LogSlate: Updating window title bar state: overlay mode, drag disabled, window buttons hidden, title bar hidden
[2021.03.16-10.51.07:186][632]LogSlate: Updating window title bar state: overlay mode, drag disabled, window buttons hidden, title bar hidden
[2021.03.16-10.51.29:714][655]LogSlate: Updating window title bar state: overlay mode, drag disabled, window buttons hidden, title bar hidden
[2021.03.16-10.51.29:714][655]LogWorld: BeginTearingDown for /Game/FirstPersonBP/Maps/UEDPIE_0_FirstPersonExampleMap
[2021.03.16-10.51.29:714][655]LogWorld: UWorld::CleanupWorld for FirstPersonExampleMap, bSessionEnded=true, bCleanupResources=true
[2021.03.16-10.51.29:715][655]LogSlate: InvalidateAllWidgets triggered.  All widgets were invalidated
[2021.03.16-10.51.29:725][655]LogPlayLevel: Display: Shutting down PIE online subsystems
[2021.03.16-10.51.29:727][655]LogSlate: InvalidateAllWidgets triggered.  All widgets were invalidated
[2021.03.16-10.51.29:759][655]LogSlate: Updating window title bar state: overlay mode, drag disabled, window buttons hidden, title bar hidden
[2021.03.16-10.51.29:760][655]LogAISub: UAISubsystem::~UAISubsystem AIPerceptionSystem (000001FAB2489BC0), frame # 22655
[2021.03.16-10.51.29:760][655]LogAISub: UAISubsystem::~UAISubsystem EnvQueryManager (000001FA9D23B800), frame # 22655
[2021.03.16-10.51.29:762][655]LogUObjectHash: Compacting FUObjectHashTables data took   0.88ms
[2021.03.16-10.51.29:896][656]LogPlayLevel: Display: Destroying online subsystem :Context_2
[2021.03.16-10.51.31:262][787]LogSlate: Window 'Message Log' being destroyed
[2021.03.16-10.51.31:271][787]LogSlate: Window 'Message Log' being destroyed
[2021.03.16-10.52.13:468][492]LogRenderer: Reallocating scene render targets to support 1212x868 Format 10 NumSamples 1 (Frame:26691).
[2021.03.16-10.52.32:136][604]LogRenderer: Reallocating scene render targets to support 1216x868 Format 10 NumSamples 1 (Frame:28797).
[2021.03.16-10.52.32:171][605]LogRenderer: Reallocating scene render targets to support 1220x868 Format 10 NumSamples 1 (Frame:28799).
[2021.03.16-10.52.32:211][606]LogRenderer: Reallocating scene render targets to support 1236x868 Format 10 NumSamples 1 (Frame:28801).
[2021.03.16-10.52.32:247][607]LogRenderer: Reallocating scene render targets to support 1264x868 Format 10 NumSamples 1 (Frame:28803).
[2021.03.16-10.52.32:293][608]LogRenderer: Reallocating scene render targets to support 1280x868 Format 10 NumSamples 1 (Frame:28805).
[2021.03.16-10.52.32:336][609]LogRenderer: Reallocating scene render targets to support 1308x868 Format 10 NumSamples 1 (Frame:28807).
[2021.03.16-10.52.32:380][610]LogRenderer: Reallocating scene render targets to support 1344x868 Format 10 NumSamples 1 (Frame:28809).
[2021.03.16-10.52.32:420][611]LogRenderer: Reallocating scene render targets to support 1372x868 Format 10 NumSamples 1 (Frame:28811).
[2021.03.16-10.52.32:461][612]LogRenderer: Reallocating scene render targets to support 1384x868 Format 10 NumSamples 1 (Frame:28813).
[2021.03.16-10.52.32:498][613]LogRenderer: Reallocating scene render targets to support 1404x868 Format 10 NumSamples 1 (Frame:28815).
[2021.03.16-10.52.32:532][614]LogRenderer: Reallocating scene render targets to support 1412x868 Format 10 NumSamples 1 (Frame:28817).
[2021.03.16-10.52.32:571][615]LogRenderer: Reallocating scene render targets to support 1424x868 Format 10 NumSamples 1 (Frame:28819).
[2021.03.16-10.52.32:607][616]LogRenderer: Reallocating scene render targets to support 1432x868 Format 10 NumSamples 1 (Frame:28821).
[2021.03.16-10.52.32:643][617]LogRenderer: Reallocating scene render targets to support 1440x868 Format 10 NumSamples 1 (Frame:28823).
[2021.03.16-10.52.34:666][849]LogRenderer: Reallocating scene render targets to support 1456x868 Format 10 NumSamples 1 (Frame:28992).
[2021.03.16-10.52.34:701][850]LogRenderer: Reallocating scene render targets to support 1464x868 Format 10 NumSamples 1 (Frame:28994).
[2021.03.16-10.52.34:740][851]LogRenderer: Reallocating scene render targets to support 1492x868 Format 10 NumSamples 1 (Frame:28996).
[2021.03.16-10.52.34:776][852]LogRenderer: Reallocating scene render targets to support 1524x868 Format 10 NumSamples 1 (Frame:28998).
[2021.03.16-10.52.34:816][853]LogRenderer: Reallocating scene render targets to support 1584x868 Format 10 NumSamples 1 (Frame:29000).
[2021.03.16-10.52.34:870][854]LogRenderer: Reallocating scene render targets to support 1632x868 Format 10 NumSamples 1 (Frame:29002).
[2021.03.16-10.52.34:929][855]LogRenderer: Reallocating scene render targets to support 1688x868 Format 10 NumSamples 1 (Frame:29004).
[2021.03.16-10.52.34:969][856]LogRenderer: Reallocating scene render targets to support 1796x868 Format 10 NumSamples 1 (Frame:29006).
[2021.03.16-10.52.35:045][857]LogRenderer: Reallocating scene render targets to support 1848x868 Format 10 NumSamples 1 (Frame:29008).
[2021.03.16-10.52.35:225][858]LogRenderer: Reallocating scene render targets to support 1860x868 Format 10 NumSamples 1 (Frame:29010).
[2021.03.16-10.52.37:021][ 65]LogRenderer: Reallocating scene render targets to support 1860x872 Format 10 NumSamples 1 (Frame:29184).
[2021.03.16-10.52.37:095][ 66]LogRenderer: Reallocating scene render targets to support 1860x880 Format 10 NumSamples 1 (Frame:29186).
[2021.03.16-10.52.37:151][ 67]LogRenderer: Reallocating scene render targets to support 1860x896 Format 10 NumSamples 1 (Frame:29188).
[2021.03.16-10.54.32:506][662]LogRenderer: Reallocating scene render targets to support 2488x1408 Format 10 NumSamples 1 (Frame:31183).
[2021.03.16-10.59.19:155][437]LogUObjectHash: Compacting FUObjectHashTables data took   0.76ms
[2021.03.16-10.59.19:207][437]LogSavePackage: Moving '../../../../../../Users/Administrator/Documents/Unreal Projects/InvestigationTales/Saved/FirstPersonExampleMap_Auto29749F70543C727E91A7FA58138AFD98E.tmp' to '../../../../../../Users/Administrator/Documents/Unreal Projects/InvestigationTales/Saved/Autosaves/Game/FirstPersonBP/Maps/FirstPersonExampleMap_Auto2.umap'
[2021.03.16-10.59.19:210][437]LogFileHelpers: Editor autosave (incl. sublevels) for '/Game/FirstPersonBP/Maps/FirstPersonExampleMap' took 0.066
[2021.03.16-10.59.19:210][437]LogFileHelpers: Editor autosave (incl. sublevels) for all levels took 0.066
[2021.03.16-11.09.19:645][222]LogUObjectHash: Compacting FUObjectHashTables data took   0.47ms
[2021.03.16-11.09.19:647][222]LogFileHelpers: Editor autosave (incl. sublevels) for '/Game/FirstPersonBP/Maps/FirstPersonExampleMap' took 0.015
